<?xml version="1.0" encoding="UTF-8"?>
<testsuite xmlns:xsi="http://www.w3.org/2001/XMLSchema-instance" xsi:noNamespaceSchemaLocation="https://maven.apache.org/surefire/maven-surefire-plugin/xsd/surefire-test-report-3.0.xsd" version="3.0" name="runner.Runner" time="79.005" tests="5" errors="0" skipped="0" failures="1">
  <properties>
    <property name="java.specification.version" value="17"/>
    <property name="webdriver.chrome.driver" value="C:\Users\Mahesh\.cache\selenium\chromedriver\win32\104.0.5112.79\chromedriver.exe"/>
    <property name="sun.cpu.isalist" value="amd64"/>
    <property name="sun.jnu.encoding" value="Cp1252"/>
    <property name="java.class.path" value="C:\Users\Mahesh\eclipse-workspace\IlinkFramework\target\test-classes;C:\Users\Mahesh\eclipse-workspace\IlinkFramework\target\classes;C:\Users\Mahesh\.m2\repository\junit\junit\4.11\junit-4.11.jar;C:\Users\Mahesh\.m2\repository\io\cucumber\cucumber-html\0.2.7\cucumber-html-0.2.7.jar;C:\Users\Mahesh\.m2\repository\net\sourceforge\cobertura\cobertura\2.1.1\cobertura-2.1.1.jar;C:\Users\Mahesh\.m2\repository\org\ow2\asm\asm\5.0.1\asm-5.0.1.jar;C:\Users\Mahesh\.m2\repository\org\ow2\asm\asm-tree\5.0.1\asm-tree-5.0.1.jar;C:\Users\Mahesh\.m2\repository\org\ow2\asm\asm-commons\5.0.1\asm-commons-5.0.1.jar;C:\Users\Mahesh\.m2\repository\org\ow2\asm\asm-util\5.0.1\asm-util-5.0.1.jar;C:\Users\Mahesh\.m2\repository\org\ow2\asm\asm-analysis\5.0.1\asm-analysis-5.0.1.jar;C:\Users\Mahesh\.m2\repository\oro\oro\2.0.8\oro-2.0.8.jar;C:\Users\Mahesh\.m2\repository\jaxen\jaxen\1.1.4\jaxen-1.1.4.jar;C:\Users\Mahesh\.m2\repository\org\apache\ant\ant\1.8.3\ant-1.8.3.jar;C:\Users\Mahesh\.m2\repository\org\apache\ant\ant-launcher\1.8.3\ant-launcher-1.8.3.jar;C:\Users\Mahesh\.m2\repository\org\apache\ant\ant-junit\1.8.3\ant-junit-1.8.3.jar;C:\Users\Mahesh\.m2\repository\org\mortbay\jetty\servlet-api-2.5\6.1.14\servlet-api-2.5-6.1.14.jar;C:\Users\Mahesh\.m2\repository\org\mortbay\jetty\jetty\6.1.14\jetty-6.1.14.jar;C:\Users\Mahesh\.m2\repository\org\mortbay\jetty\jetty-util\6.1.14\jetty-util-6.1.14.jar;C:\Users\Mahesh\.m2\repository\org\slf4j\slf4j-api\1.7.5\slf4j-api-1.7.5.jar;C:\Users\Mahesh\.m2\repository\ch\qos\logback\logback-classic\1.0.13\logback-classic-1.0.13.jar;C:\Users\Mahesh\.m2\repository\ch\qos\logback\logback-core\1.0.13\logback-core-1.0.13.jar;C:\Users\Mahesh\.m2\repository\org\apache\commons\commons-lang3\3.3.2\commons-lang3-3.3.2.jar;C:\Users\Mahesh\.m2\repository\io\cucumber\cucumber-java\7.3.4\cucumber-java-7.3.4.jar;C:\Users\Mahesh\.m2\repository\org\apiguardian\apiguardian-api\1.1.2\apiguardian-api-1.1.2.jar;C:\Users\Mahesh\.m2\repository\io\cucumber\cucumber-jvm-deps\1.0.6\cucumber-jvm-deps-1.0.6.jar;C:\Users\Mahesh\.m2\repository\net\masterthought\cucumber-reporting\5.7.1\cucumber-reporting-5.7.1.jar;C:\Users\Mahesh\.m2\repository\com\fasterxml\jackson\core\jackson-databind\2.13.2.2\jackson-databind-2.13.2.2.jar;C:\Users\Mahesh\.m2\repository\com\fasterxml\jackson\core\jackson-annotations\2.13.2\jackson-annotations-2.13.2.jar;C:\Users\Mahesh\.m2\repository\com\fasterxml\jackson\core\jackson-core\2.13.2\jackson-core-2.13.2.jar;C:\Users\Mahesh\.m2\repository\com\fasterxml\jackson\datatype\jackson-datatype-jsr310\2.13.2\jackson-datatype-jsr310-2.13.2.jar;C:\Users\Mahesh\.m2\repository\org\apache\velocity\velocity-engine-core\2.3\velocity-engine-core-2.3.jar;C:\Users\Mahesh\.m2\repository\commons-collections\commons-collections\3.2.2\commons-collections-3.2.2.jar;C:\Users\Mahesh\.m2\repository\joda-time\joda-time\2.10.14\joda-time-2.10.14.jar;C:\Users\Mahesh\.m2\repository\org\codehaus\plexus\plexus-utils\3.4.2\plexus-utils-3.4.2.jar;C:\Users\Mahesh\.m2\repository\org\jsoup\jsoup\1.15.1\jsoup-1.15.1.jar;C:\Users\Mahesh\.m2\repository\com\google\guava\guava\31.1-jre\guava-31.1-jre.jar;C:\Users\Mahesh\.m2\repository\com\google\guava\failureaccess\1.0.1\failureaccess-1.0.1.jar;C:\Users\Mahesh\.m2\repository\com\google\guava\listenablefuture\9999.0-empty-to-avoid-conflict-with-guava\listenablefuture-9999.0-empty-to-avoid-conflict-with-guava.jar;C:\Users\Mahesh\.m2\repository\com\google\code\findbugs\jsr305\3.0.2\jsr305-3.0.2.jar;C:\Users\Mahesh\.m2\repository\org\checkerframework\checker-qual\3.12.0\checker-qual-3.12.0.jar;C:\Users\Mahesh\.m2\repository\com\google\errorprone\error_prone_annotations\2.11.0\error_prone_annotations-2.11.0.jar;C:\Users\Mahesh\.m2\repository\com\google\j2objc\j2objc-annotations\1.3\j2objc-annotations-1.3.jar;C:\Users\Mahesh\.m2\repository\com\googlecode\owasp-java-html-sanitizer\owasp-java-html-sanitizer\20211018.2\owasp-java-html-sanitizer-20211018.2.jar;C:\Users\Mahesh\.m2\repository\commons-configuration\commons-configuration\1.10\commons-configuration-1.10.jar;C:\Users\Mahesh\.m2\repository\commons-lang\commons-lang\2.6\commons-lang-2.6.jar;C:\Users\Mahesh\.m2\repository\commons-logging\commons-logging\1.1.1\commons-logging-1.1.1.jar;C:\Users\Mahesh\.m2\repository\org\hamcrest\hamcrest-core\2.2\hamcrest-core-2.2.jar;C:\Users\Mahesh\.m2\repository\org\hamcrest\hamcrest\2.2\hamcrest-2.2.jar;C:\Users\Mahesh\.m2\repository\io\cucumber\gherkin\23.0.1\gherkin-23.0.1.jar;C:\Users\Mahesh\.m2\repository\io\cucumber\messages\18.0.0\messages-18.0.0.jar;C:\Users\Mahesh\.m2\repository\org\seleniumhq\selenium\selenium-java\4.2.1\selenium-java-4.2.1.jar;C:\Users\Mahesh\.m2\repository\org\seleniumhq\selenium\selenium-api\4.2.1\selenium-api-4.2.1.jar;C:\Users\Mahesh\.m2\repository\org\seleniumhq\selenium\selenium-chrome-driver\4.2.1\selenium-chrome-driver-4.2.1.jar;C:\Users\Mahesh\.m2\repository\com\google\auto\service\auto-service-annotations\1.0.1\auto-service-annotations-1.0.1.jar;C:\Users\Mahesh\.m2\repository\com\google\auto\service\auto-service\1.0.1\auto-service-1.0.1.jar;C:\Users\Mahesh\.m2\repository\com\google\auto\auto-common\1.2\auto-common-1.2.jar;C:\Users\Mahesh\.m2\repository\org\seleniumhq\selenium\selenium-chromium-driver\4.2.1\selenium-chromium-driver-4.2.1.jar;C:\Users\Mahesh\.m2\repository\org\seleniumhq\selenium\selenium-json\4.2.1\selenium-json-4.2.1.jar;C:\Users\Mahesh\.m2\repository\org\seleniumhq\selenium\selenium-devtools-v100\4.2.1\selenium-devtools-v100-4.2.1.jar;C:\Users\Mahesh\.m2\repository\org\seleniumhq\selenium\selenium-devtools-v101\4.2.1\selenium-devtools-v101-4.2.1.jar;C:\Users\Mahesh\.m2\repository\org\seleniumhq\selenium\selenium-devtools-v102\4.2.1\selenium-devtools-v102-4.2.1.jar;C:\Users\Mahesh\.m2\repository\org\seleniumhq\selenium\selenium-devtools-v85\4.2.1\selenium-devtools-v85-4.2.1.jar;C:\Users\Mahesh\.m2\repository\org\seleniumhq\selenium\selenium-edge-driver\4.2.1\selenium-edge-driver-4.2.1.jar;C:\Users\Mahesh\.m2\repository\org\seleniumhq\selenium\selenium-firefox-driver\4.2.1\selenium-firefox-driver-4.2.1.jar;C:\Users\Mahesh\.m2\repository\org\seleniumhq\selenium\selenium-ie-driver\4.2.1\selenium-ie-driver-4.2.1.jar;C:\Users\Mahesh\.m2\repository\org\seleniumhq\selenium\selenium-opera-driver\4.2.1\selenium-opera-driver-4.2.1.jar;C:\Users\Mahesh\.m2\repository\org\seleniumhq\selenium\selenium-remote-driver\4.2.1\selenium-remote-driver-4.2.1.jar;C:\Users\Mahesh\.m2\repository\io\netty\netty-buffer\4.1.77.Final\netty-buffer-4.1.77.Final.jar;C:\Users\Mahesh\.m2\repository\io\netty\netty-codec-http\4.1.77.Final\netty-codec-http-4.1.77.Final.jar;C:\Users\Mahesh\.m2\repository\io\netty\netty-codec\4.1.77.Final\netty-codec-4.1.77.Final.jar;C:\Users\Mahesh\.m2\repository\io\netty\netty-handler\4.1.77.Final\netty-handler-4.1.77.Final.jar;C:\Users\Mahesh\.m2\repository\io\netty\netty-common\4.1.77.Final\netty-common-4.1.77.Final.jar;C:\Users\Mahesh\.m2\repository\io\netty\netty-transport-classes-epoll\4.1.77.Final\netty-transport-classes-epoll-4.1.77.Final.jar;C:\Users\Mahesh\.m2\repository\io\netty\netty-transport-classes-kqueue\4.1.77.Final\netty-transport-classes-kqueue-4.1.77.Final.jar;C:\Users\Mahesh\.m2\repository\io\netty\netty-transport-native-epoll\4.1.77.Final\netty-transport-native-epoll-4.1.77.Final.jar;C:\Users\Mahesh\.m2\repository\io\netty\netty-transport-native-kqueue\4.1.77.Final\netty-transport-native-kqueue-4.1.77.Final.jar;C:\Users\Mahesh\.m2\repository\io\netty\netty-transport-native-unix-common\4.1.77.Final\netty-transport-native-unix-common-4.1.77.Final.jar;C:\Users\Mahesh\.m2\repository\io\netty\netty-transport\4.1.77.Final\netty-transport-4.1.77.Final.jar;C:\Users\Mahesh\.m2\repository\io\netty\netty-resolver\4.1.77.Final\netty-resolver-4.1.77.Final.jar;C:\Users\Mahesh\.m2\repository\io\opentelemetry\opentelemetry-api\1.14.0\opentelemetry-api-1.14.0.jar;C:\Users\Mahesh\.m2\repository\io\opentelemetry\opentelemetry-context\1.14.0\opentelemetry-context-1.14.0.jar;C:\Users\Mahesh\.m2\repository\io\opentelemetry\opentelemetry-exporter-logging\1.14.0\opentelemetry-exporter-logging-1.14.0.jar;C:\Users\Mahesh\.m2\repository\io\opentelemetry\opentelemetry-sdk-metrics\1.14.0\opentelemetry-sdk-metrics-1.14.0.jar;C:\Users\Mahesh\.m2\repository\io\opentelemetry\opentelemetry-sdk-logs\1.14.0-alpha\opentelemetry-sdk-logs-1.14.0-alpha.jar;C:\Users\Mahesh\.m2\repository\io\opentelemetry\opentelemetry-sdk-common\1.14.0\opentelemetry-sdk-common-1.14.0.jar;C:\Users\Mahesh\.m2\repository\io\opentelemetry\opentelemetry-sdk-extension-autoconfigure-spi\1.14.0\opentelemetry-sdk-extension-autoconfigure-spi-1.14.0.jar;C:\Users\Mahesh\.m2\repository\io\opentelemetry\opentelemetry-sdk-extension-autoconfigure\1.14.0-alpha\opentelemetry-sdk-extension-autoconfigure-1.14.0-alpha.jar;C:\Users\Mahesh\.m2\repository\io\opentelemetry\opentelemetry-sdk-trace\1.14.0\opentelemetry-sdk-trace-1.14.0.jar;C:\Users\Mahesh\.m2\repository\io\opentelemetry\opentelemetry-sdk\1.14.0\opentelemetry-sdk-1.14.0.jar;C:\Users\Mahesh\.m2\repository\io\opentelemetry\opentelemetry-semconv\1.14.0-alpha\opentelemetry-semconv-1.14.0-alpha.jar;C:\Users\Mahesh\.m2\repository\io\ous\jtoml\2.0.0\jtoml-2.0.0.jar;C:\Users\Mahesh\.m2\repository\net\bytebuddy\byte-buddy\1.12.10\byte-buddy-1.12.10.jar;C:\Users\Mahesh\.m2\repository\org\apache\commons\commons-exec\1.3\commons-exec-1.3.jar;C:\Users\Mahesh\.m2\repository\org\asynchttpclient\async-http-client\2.12.3\async-http-client-2.12.3.jar;C:\Users\Mahesh\.m2\repository\org\asynchttpclient\async-http-client-netty-utils\2.12.3\async-http-client-netty-utils-2.12.3.jar;C:\Users\Mahesh\.m2\repository\io\netty\netty-codec-socks\4.1.60.Final\netty-codec-socks-4.1.60.Final.jar;C:\Users\Mahesh\.m2\repository\io\netty\netty-handler-proxy\4.1.60.Final\netty-handler-proxy-4.1.60.Final.jar;C:\Users\Mahesh\.m2\repository\io\netty\netty-transport-native-epoll\4.1.60.Final\netty-transport-native-epoll-4.1.60.Final-linux-x86_64.jar;C:\Users\Mahesh\.m2\repository\io\netty\netty-transport-native-kqueue\4.1.60.Final\netty-transport-native-kqueue-4.1.60.Final-osx-x86_64.jar;C:\Users\Mahesh\.m2\repository\org\reactivestreams\reactive-streams\1.0.3\reactive-streams-1.0.3.jar;C:\Users\Mahesh\.m2\repository\com\typesafe\netty\netty-reactive-streams\2.0.4\netty-reactive-streams-2.0.4.jar;C:\Users\Mahesh\.m2\repository\com\sun\activation\jakarta.activation\1.2.2\jakarta.activation-1.2.2.jar;C:\Users\Mahesh\.m2\repository\org\seleniumhq\selenium\selenium-http\4.2.1\selenium-http-4.2.1.jar;C:\Users\Mahesh\.m2\repository\dev\failsafe\failsafe\3.2.4\failsafe-3.2.4.jar;C:\Users\Mahesh\.m2\repository\org\seleniumhq\selenium\selenium-safari-driver\4.2.1\selenium-safari-driver-4.2.1.jar;C:\Users\Mahesh\.m2\repository\org\seleniumhq\selenium\selenium-support\4.2.1\selenium-support-4.2.1.jar;C:\Users\Mahesh\.m2\repository\io\github\bonigarcia\webdrivermanager\5.2.0\webdrivermanager-5.2.0.jar;C:\Users\Mahesh\.m2\repository\com\google\code\gson\gson\2.9.0\gson-2.9.0.jar;C:\Users\Mahesh\.m2\repository\com\github\docker-java\docker-java\3.2.13\docker-java-3.2.13.jar;C:\Users\Mahesh\.m2\repository\com\github\docker-java\docker-java-core\3.2.13\docker-java-core-3.2.13.jar;C:\Users\Mahesh\.m2\repository\com\github\docker-java\docker-java-api\3.2.13\docker-java-api-3.2.13.jar;C:\Users\Mahesh\.m2\repository\org\apache\commons\commons-compress\1.21\commons-compress-1.21.jar;C:\Users\Mahesh\.m2\repository\org\bouncycastle\bcpkix-jdk15on\1.64\bcpkix-jdk15on-1.64.jar;C:\Users\Mahesh\.m2\repository\org\bouncycastle\bcprov-jdk15on\1.64\bcprov-jdk15on-1.64.jar;C:\Users\Mahesh\.m2\repository\org\slf4j\jcl-over-slf4j\1.7.30\jcl-over-slf4j-1.7.30.jar;C:\Users\Mahesh\.m2\repository\com\github\docker-java\docker-java-transport-httpclient5\3.2.13\docker-java-transport-httpclient5-3.2.13.jar;C:\Users\Mahesh\.m2\repository\com\github\docker-java\docker-java-transport\3.2.13\docker-java-transport-3.2.13.jar;C:\Users\Mahesh\.m2\repository\net\java\dev\jna\jna\5.8.0\jna-5.8.0.jar;C:\Users\Mahesh\.m2\repository\org\brotli\dec\0.1.2\dec-0.1.2.jar;C:\Users\Mahesh\.m2\repository\org\apache\httpcomponents\client5\httpclient5\5.1.3\httpclient5-5.1.3.jar;C:\Users\Mahesh\.m2\repository\org\apache\httpcomponents\core5\httpcore5\5.1.3\httpcore5-5.1.3.jar;C:\Users\Mahesh\.m2\repository\org\apache\httpcomponents\core5\httpcore5-h2\5.1.3\httpcore5-h2-5.1.3.jar;C:\Users\Mahesh\.m2\repository\commons-codec\commons-codec\1.15\commons-codec-1.15.jar;C:\Users\Mahesh\.m2\repository\commons-io\commons-io\2.11.0\commons-io-2.11.0.jar;C:\Users\Mahesh\.m2\repository\org\apache\logging\log4j\log4j-core\2.17.2\log4j-core-2.17.2.jar;C:\Users\Mahesh\.m2\repository\org\apache\logging\log4j\log4j-api\2.17.2\log4j-api-2.17.2.jar;C:\Users\Mahesh\.m2\repository\org\testng\testng\7.4.0\testng-7.4.0.jar;C:\Users\Mahesh\.m2\repository\com\beust\jcommander\1.78\jcommander-1.78.jar;C:\Users\Mahesh\.m2\repository\org\webjars\jquery\3.5.1\jquery-3.5.1.jar;C:\Users\Mahesh\.m2\repository\io\cucumber\cucumber-testng\7.3.4\cucumber-testng-7.3.4.jar;C:\Program Files\Java\jdk-17.0.4\lib\tools-1.5.0.jar;C:\Users\Mahesh\.m2\repository\io\cucumber\cucumber-core\7.3.4\cucumber-core-7.3.4.jar;C:\Users\Mahesh\.m2\repository\io\cucumber\cucumber-gherkin\7.3.4\cucumber-gherkin-7.3.4.jar;C:\Users\Mahesh\.m2\repository\io\cucumber\cucumber-gherkin-messages\7.3.4\cucumber-gherkin-messages-7.3.4.jar;C:\Users\Mahesh\.m2\repository\io\cucumber\tag-expressions\4.1.0\tag-expressions-4.1.0.jar;C:\Users\Mahesh\.m2\repository\io\cucumber\cucumber-expressions\15.1.1\cucumber-expressions-15.1.1.jar;C:\Users\Mahesh\.m2\repository\io\cucumber\datatable\7.3.4\datatable-7.3.4.jar;C:\Users\Mahesh\.m2\repository\io\cucumber\cucumber-plugin\7.3.4\cucumber-plugin-7.3.4.jar;C:\Users\Mahesh\.m2\repository\io\cucumber\docstring\7.3.4\docstring-7.3.4.jar;C:\Users\Mahesh\.m2\repository\io\cucumber\html-formatter\19.1.0\html-formatter-19.1.0.jar;C:\Users\Mahesh\.m2\repository\io\cucumber\ci-environment\9.0.4\ci-environment-9.0.4.jar;C:\Users\Mahesh\.m2\repository\tech\grasshopper\extentreports-cucumber7-adapter\1.7.0\extentreports-cucumber7-adapter-1.7.0.jar;C:\Users\Mahesh\.m2\repository\com\aventstack\extentreports\5.0.9\extentreports-5.0.9.jar;C:\Users\Mahesh\.m2\repository\io\reactivex\rxjava3\rxjava\3.0.4\rxjava-3.0.4.jar;C:\Users\Mahesh\.m2\repository\org\freemarker\freemarker\2.3.30\freemarker-2.3.30.jar;C:\Users\Mahesh\.m2\repository\org\projectlombok\lombok\1.18.12\lombok-1.18.12.jar;C:\Users\Mahesh\.m2\repository\tech\grasshopper\extent-pdf-report\2.7.0\extent-pdf-report-2.7.0.jar;C:\Users\Mahesh\.m2\repository\tech\grasshopper\cucumber-pdf-report\2.10.0\cucumber-pdf-report-2.10.0.jar;C:\Users\Mahesh\.m2\repository\org\apache\pdfbox\pdfbox\2.0.26\pdfbox-2.0.26.jar;C:\Users\Mahesh\.m2\repository\org\apache\pdfbox\fontbox\2.0.26\fontbox-2.0.26.jar;C:\Users\Mahesh\.m2\repository\org\knowm\xchart\xchart\3.8.0\xchart-3.8.0.jar;C:\Users\Mahesh\.m2\repository\de\erichseifert\vectorgraphics2d\VectorGraphics2D\0.13\VectorGraphics2D-0.13.jar;C:\Users\Mahesh\.m2\repository\de\rototor\pdfbox\graphics2d\0.30\graphics2d-0.30.jar;C:\Users\Mahesh\.m2\repository\com\madgag\animated-gif-lib\1.4\animated-gif-lib-1.4.jar;C:\Users\Mahesh\.m2\repository\org\yaml\snakeyaml\1.28\snakeyaml-1.28.jar;C:\Users\Mahesh\.m2\repository\tech\grasshopper\table-layout\1.5.1\table-layout-1.5.1.jar;C:\Users\Mahesh\.m2\repository\tech\grasshopper\rest-assured-cucumber-pdf-report\1.4.1\rest-assured-cucumber-pdf-report-1.4.1.jar;C:\Users\Mahesh\.m2\repository\com\aventstack\klov-reporter\5.0.9\klov-reporter-5.0.9.jar;C:\Users\Mahesh\.m2\repository\org\mongodb\mongodb-driver\3.6.4\mongodb-driver-3.6.4.jar;C:\Users\Mahesh\.m2\repository\org\mongodb\mongodb-driver-core\3.6.4\mongodb-driver-core-3.6.4.jar;C:\Users\Mahesh\.m2\repository\org\mongodb\bson\3.6.4\bson-3.6.4.jar;C:\Users\Mahesh\.m2\repository\org\apache\httpcomponents\httpclient\4.5.13\httpclient-4.5.13.jar;C:\Users\Mahesh\.m2\repository\org\apache\httpcomponents\httpcore\4.4.13\httpcore-4.4.13.jar;C:\Users\Mahesh\.m2\repository\org\apache\httpcomponents\httpmime\4.5.13\httpmime-4.5.13.jar;C:\Users\Mahesh\.m2\repository\tech\grasshopper\htmlextentreporter\1.0.1\htmlextentreporter-1.0.1.jar;"/>
    <property name="java.vm.vendor" value="Oracle Corporation"/>
    <property name="sun.arch.data.model" value="64"/>
    <property name="user.variant" value=""/>
    <property name="java.vendor.url" value="https://java.oracle.com/"/>
    <property name="user.timezone" value="Asia/Calcutta"/>
    <property name="os.name" value="Windows 10"/>
    <property name="java.vm.specification.version" value="17"/>
    <property name="sun.java.launcher" value="SUN_STANDARD"/>
    <property name="user.country" value="US"/>
    <property name="sun.boot.library.path" value="C:\Program Files\Java\jdk-17.0.4\bin"/>
    <property name="sun.java.command" value="C:\Users\Mahesh\AppData\Local\Temp\surefire14082344045283315013\surefirebooter-20220810212013169_3.jar C:\Users\Mahesh\AppData\Local\Temp\surefire14082344045283315013 2022-08-10T21-20-12_856-jvmRun1 surefire-20220810212013169_1tmp surefire_0-20220810212013169_2tmp"/>
    <property name="jdk.debug" value="release"/>
    <property name="surefire.test.class.path" value="C:\Users\Mahesh\eclipse-workspace\IlinkFramework\target\test-classes;C:\Users\Mahesh\eclipse-workspace\IlinkFramework\target\classes;C:\Users\Mahesh\.m2\repository\junit\junit\4.11\junit-4.11.jar;C:\Users\Mahesh\.m2\repository\io\cucumber\cucumber-html\0.2.7\cucumber-html-0.2.7.jar;C:\Users\Mahesh\.m2\repository\net\sourceforge\cobertura\cobertura\2.1.1\cobertura-2.1.1.jar;C:\Users\Mahesh\.m2\repository\org\ow2\asm\asm\5.0.1\asm-5.0.1.jar;C:\Users\Mahesh\.m2\repository\org\ow2\asm\asm-tree\5.0.1\asm-tree-5.0.1.jar;C:\Users\Mahesh\.m2\repository\org\ow2\asm\asm-commons\5.0.1\asm-commons-5.0.1.jar;C:\Users\Mahesh\.m2\repository\org\ow2\asm\asm-util\5.0.1\asm-util-5.0.1.jar;C:\Users\Mahesh\.m2\repository\org\ow2\asm\asm-analysis\5.0.1\asm-analysis-5.0.1.jar;C:\Users\Mahesh\.m2\repository\oro\oro\2.0.8\oro-2.0.8.jar;C:\Users\Mahesh\.m2\repository\jaxen\jaxen\1.1.4\jaxen-1.1.4.jar;C:\Users\Mahesh\.m2\repository\org\apache\ant\ant\1.8.3\ant-1.8.3.jar;C:\Users\Mahesh\.m2\repository\org\apache\ant\ant-launcher\1.8.3\ant-launcher-1.8.3.jar;C:\Users\Mahesh\.m2\repository\org\apache\ant\ant-junit\1.8.3\ant-junit-1.8.3.jar;C:\Users\Mahesh\.m2\repository\org\mortbay\jetty\servlet-api-2.5\6.1.14\servlet-api-2.5-6.1.14.jar;C:\Users\Mahesh\.m2\repository\org\mortbay\jetty\jetty\6.1.14\jetty-6.1.14.jar;C:\Users\Mahesh\.m2\repository\org\mortbay\jetty\jetty-util\6.1.14\jetty-util-6.1.14.jar;C:\Users\Mahesh\.m2\repository\org\slf4j\slf4j-api\1.7.5\slf4j-api-1.7.5.jar;C:\Users\Mahesh\.m2\repository\ch\qos\logback\logback-classic\1.0.13\logback-classic-1.0.13.jar;C:\Users\Mahesh\.m2\repository\ch\qos\logback\logback-core\1.0.13\logback-core-1.0.13.jar;C:\Users\Mahesh\.m2\repository\org\apache\commons\commons-lang3\3.3.2\commons-lang3-3.3.2.jar;C:\Users\Mahesh\.m2\repository\io\cucumber\cucumber-java\7.3.4\cucumber-java-7.3.4.jar;C:\Users\Mahesh\.m2\repository\org\apiguardian\apiguardian-api\1.1.2\apiguardian-api-1.1.2.jar;C:\Users\Mahesh\.m2\repository\io\cucumber\cucumber-jvm-deps\1.0.6\cucumber-jvm-deps-1.0.6.jar;C:\Users\Mahesh\.m2\repository\net\masterthought\cucumber-reporting\5.7.1\cucumber-reporting-5.7.1.jar;C:\Users\Mahesh\.m2\repository\com\fasterxml\jackson\core\jackson-databind\2.13.2.2\jackson-databind-2.13.2.2.jar;C:\Users\Mahesh\.m2\repository\com\fasterxml\jackson\core\jackson-annotations\2.13.2\jackson-annotations-2.13.2.jar;C:\Users\Mahesh\.m2\repository\com\fasterxml\jackson\core\jackson-core\2.13.2\jackson-core-2.13.2.jar;C:\Users\Mahesh\.m2\repository\com\fasterxml\jackson\datatype\jackson-datatype-jsr310\2.13.2\jackson-datatype-jsr310-2.13.2.jar;C:\Users\Mahesh\.m2\repository\org\apache\velocity\velocity-engine-core\2.3\velocity-engine-core-2.3.jar;C:\Users\Mahesh\.m2\repository\commons-collections\commons-collections\3.2.2\commons-collections-3.2.2.jar;C:\Users\Mahesh\.m2\repository\joda-time\joda-time\2.10.14\joda-time-2.10.14.jar;C:\Users\Mahesh\.m2\repository\org\codehaus\plexus\plexus-utils\3.4.2\plexus-utils-3.4.2.jar;C:\Users\Mahesh\.m2\repository\org\jsoup\jsoup\1.15.1\jsoup-1.15.1.jar;C:\Users\Mahesh\.m2\repository\com\google\guava\guava\31.1-jre\guava-31.1-jre.jar;C:\Users\Mahesh\.m2\repository\com\google\guava\failureaccess\1.0.1\failureaccess-1.0.1.jar;C:\Users\Mahesh\.m2\repository\com\google\guava\listenablefuture\9999.0-empty-to-avoid-conflict-with-guava\listenablefuture-9999.0-empty-to-avoid-conflict-with-guava.jar;C:\Users\Mahesh\.m2\repository\com\google\code\findbugs\jsr305\3.0.2\jsr305-3.0.2.jar;C:\Users\Mahesh\.m2\repository\org\checkerframework\checker-qual\3.12.0\checker-qual-3.12.0.jar;C:\Users\Mahesh\.m2\repository\com\google\errorprone\error_prone_annotations\2.11.0\error_prone_annotations-2.11.0.jar;C:\Users\Mahesh\.m2\repository\com\google\j2objc\j2objc-annotations\1.3\j2objc-annotations-1.3.jar;C:\Users\Mahesh\.m2\repository\com\googlecode\owasp-java-html-sanitizer\owasp-java-html-sanitizer\20211018.2\owasp-java-html-sanitizer-20211018.2.jar;C:\Users\Mahesh\.m2\repository\commons-configuration\commons-configuration\1.10\commons-configuration-1.10.jar;C:\Users\Mahesh\.m2\repository\commons-lang\commons-lang\2.6\commons-lang-2.6.jar;C:\Users\Mahesh\.m2\repository\commons-logging\commons-logging\1.1.1\commons-logging-1.1.1.jar;C:\Users\Mahesh\.m2\repository\org\hamcrest\hamcrest-core\2.2\hamcrest-core-2.2.jar;C:\Users\Mahesh\.m2\repository\org\hamcrest\hamcrest\2.2\hamcrest-2.2.jar;C:\Users\Mahesh\.m2\repository\io\cucumber\gherkin\23.0.1\gherkin-23.0.1.jar;C:\Users\Mahesh\.m2\repository\io\cucumber\messages\18.0.0\messages-18.0.0.jar;C:\Users\Mahesh\.m2\repository\org\seleniumhq\selenium\selenium-java\4.2.1\selenium-java-4.2.1.jar;C:\Users\Mahesh\.m2\repository\org\seleniumhq\selenium\selenium-api\4.2.1\selenium-api-4.2.1.jar;C:\Users\Mahesh\.m2\repository\org\seleniumhq\selenium\selenium-chrome-driver\4.2.1\selenium-chrome-driver-4.2.1.jar;C:\Users\Mahesh\.m2\repository\com\google\auto\service\auto-service-annotations\1.0.1\auto-service-annotations-1.0.1.jar;C:\Users\Mahesh\.m2\repository\com\google\auto\service\auto-service\1.0.1\auto-service-1.0.1.jar;C:\Users\Mahesh\.m2\repository\com\google\auto\auto-common\1.2\auto-common-1.2.jar;C:\Users\Mahesh\.m2\repository\org\seleniumhq\selenium\selenium-chromium-driver\4.2.1\selenium-chromium-driver-4.2.1.jar;C:\Users\Mahesh\.m2\repository\org\seleniumhq\selenium\selenium-json\4.2.1\selenium-json-4.2.1.jar;C:\Users\Mahesh\.m2\repository\org\seleniumhq\selenium\selenium-devtools-v100\4.2.1\selenium-devtools-v100-4.2.1.jar;C:\Users\Mahesh\.m2\repository\org\seleniumhq\selenium\selenium-devtools-v101\4.2.1\selenium-devtools-v101-4.2.1.jar;C:\Users\Mahesh\.m2\repository\org\seleniumhq\selenium\selenium-devtools-v102\4.2.1\selenium-devtools-v102-4.2.1.jar;C:\Users\Mahesh\.m2\repository\org\seleniumhq\selenium\selenium-devtools-v85\4.2.1\selenium-devtools-v85-4.2.1.jar;C:\Users\Mahesh\.m2\repository\org\seleniumhq\selenium\selenium-edge-driver\4.2.1\selenium-edge-driver-4.2.1.jar;C:\Users\Mahesh\.m2\repository\org\seleniumhq\selenium\selenium-firefox-driver\4.2.1\selenium-firefox-driver-4.2.1.jar;C:\Users\Mahesh\.m2\repository\org\seleniumhq\selenium\selenium-ie-driver\4.2.1\selenium-ie-driver-4.2.1.jar;C:\Users\Mahesh\.m2\repository\org\seleniumhq\selenium\selenium-opera-driver\4.2.1\selenium-opera-driver-4.2.1.jar;C:\Users\Mahesh\.m2\repository\org\seleniumhq\selenium\selenium-remote-driver\4.2.1\selenium-remote-driver-4.2.1.jar;C:\Users\Mahesh\.m2\repository\io\netty\netty-buffer\4.1.77.Final\netty-buffer-4.1.77.Final.jar;C:\Users\Mahesh\.m2\repository\io\netty\netty-codec-http\4.1.77.Final\netty-codec-http-4.1.77.Final.jar;C:\Users\Mahesh\.m2\repository\io\netty\netty-codec\4.1.77.Final\netty-codec-4.1.77.Final.jar;C:\Users\Mahesh\.m2\repository\io\netty\netty-handler\4.1.77.Final\netty-handler-4.1.77.Final.jar;C:\Users\Mahesh\.m2\repository\io\netty\netty-common\4.1.77.Final\netty-common-4.1.77.Final.jar;C:\Users\Mahesh\.m2\repository\io\netty\netty-transport-classes-epoll\4.1.77.Final\netty-transport-classes-epoll-4.1.77.Final.jar;C:\Users\Mahesh\.m2\repository\io\netty\netty-transport-classes-kqueue\4.1.77.Final\netty-transport-classes-kqueue-4.1.77.Final.jar;C:\Users\Mahesh\.m2\repository\io\netty\netty-transport-native-epoll\4.1.77.Final\netty-transport-native-epoll-4.1.77.Final.jar;C:\Users\Mahesh\.m2\repository\io\netty\netty-transport-native-kqueue\4.1.77.Final\netty-transport-native-kqueue-4.1.77.Final.jar;C:\Users\Mahesh\.m2\repository\io\netty\netty-transport-native-unix-common\4.1.77.Final\netty-transport-native-unix-common-4.1.77.Final.jar;C:\Users\Mahesh\.m2\repository\io\netty\netty-transport\4.1.77.Final\netty-transport-4.1.77.Final.jar;C:\Users\Mahesh\.m2\repository\io\netty\netty-resolver\4.1.77.Final\netty-resolver-4.1.77.Final.jar;C:\Users\Mahesh\.m2\repository\io\opentelemetry\opentelemetry-api\1.14.0\opentelemetry-api-1.14.0.jar;C:\Users\Mahesh\.m2\repository\io\opentelemetry\opentelemetry-context\1.14.0\opentelemetry-context-1.14.0.jar;C:\Users\Mahesh\.m2\repository\io\opentelemetry\opentelemetry-exporter-logging\1.14.0\opentelemetry-exporter-logging-1.14.0.jar;C:\Users\Mahesh\.m2\repository\io\opentelemetry\opentelemetry-sdk-metrics\1.14.0\opentelemetry-sdk-metrics-1.14.0.jar;C:\Users\Mahesh\.m2\repository\io\opentelemetry\opentelemetry-sdk-logs\1.14.0-alpha\opentelemetry-sdk-logs-1.14.0-alpha.jar;C:\Users\Mahesh\.m2\repository\io\opentelemetry\opentelemetry-sdk-common\1.14.0\opentelemetry-sdk-common-1.14.0.jar;C:\Users\Mahesh\.m2\repository\io\opentelemetry\opentelemetry-sdk-extension-autoconfigure-spi\1.14.0\opentelemetry-sdk-extension-autoconfigure-spi-1.14.0.jar;C:\Users\Mahesh\.m2\repository\io\opentelemetry\opentelemetry-sdk-extension-autoconfigure\1.14.0-alpha\opentelemetry-sdk-extension-autoconfigure-1.14.0-alpha.jar;C:\Users\Mahesh\.m2\repository\io\opentelemetry\opentelemetry-sdk-trace\1.14.0\opentelemetry-sdk-trace-1.14.0.jar;C:\Users\Mahesh\.m2\repository\io\opentelemetry\opentelemetry-sdk\1.14.0\opentelemetry-sdk-1.14.0.jar;C:\Users\Mahesh\.m2\repository\io\opentelemetry\opentelemetry-semconv\1.14.0-alpha\opentelemetry-semconv-1.14.0-alpha.jar;C:\Users\Mahesh\.m2\repository\io\ous\jtoml\2.0.0\jtoml-2.0.0.jar;C:\Users\Mahesh\.m2\repository\net\bytebuddy\byte-buddy\1.12.10\byte-buddy-1.12.10.jar;C:\Users\Mahesh\.m2\repository\org\apache\commons\commons-exec\1.3\commons-exec-1.3.jar;C:\Users\Mahesh\.m2\repository\org\asynchttpclient\async-http-client\2.12.3\async-http-client-2.12.3.jar;C:\Users\Mahesh\.m2\repository\org\asynchttpclient\async-http-client-netty-utils\2.12.3\async-http-client-netty-utils-2.12.3.jar;C:\Users\Mahesh\.m2\repository\io\netty\netty-codec-socks\4.1.60.Final\netty-codec-socks-4.1.60.Final.jar;C:\Users\Mahesh\.m2\repository\io\netty\netty-handler-proxy\4.1.60.Final\netty-handler-proxy-4.1.60.Final.jar;C:\Users\Mahesh\.m2\repository\io\netty\netty-transport-native-epoll\4.1.60.Final\netty-transport-native-epoll-4.1.60.Final-linux-x86_64.jar;C:\Users\Mahesh\.m2\repository\io\netty\netty-transport-native-kqueue\4.1.60.Final\netty-transport-native-kqueue-4.1.60.Final-osx-x86_64.jar;C:\Users\Mahesh\.m2\repository\org\reactivestreams\reactive-streams\1.0.3\reactive-streams-1.0.3.jar;C:\Users\Mahesh\.m2\repository\com\typesafe\netty\netty-reactive-streams\2.0.4\netty-reactive-streams-2.0.4.jar;C:\Users\Mahesh\.m2\repository\com\sun\activation\jakarta.activation\1.2.2\jakarta.activation-1.2.2.jar;C:\Users\Mahesh\.m2\repository\org\seleniumhq\selenium\selenium-http\4.2.1\selenium-http-4.2.1.jar;C:\Users\Mahesh\.m2\repository\dev\failsafe\failsafe\3.2.4\failsafe-3.2.4.jar;C:\Users\Mahesh\.m2\repository\org\seleniumhq\selenium\selenium-safari-driver\4.2.1\selenium-safari-driver-4.2.1.jar;C:\Users\Mahesh\.m2\repository\org\seleniumhq\selenium\selenium-support\4.2.1\selenium-support-4.2.1.jar;C:\Users\Mahesh\.m2\repository\io\github\bonigarcia\webdrivermanager\5.2.0\webdrivermanager-5.2.0.jar;C:\Users\Mahesh\.m2\repository\com\google\code\gson\gson\2.9.0\gson-2.9.0.jar;C:\Users\Mahesh\.m2\repository\com\github\docker-java\docker-java\3.2.13\docker-java-3.2.13.jar;C:\Users\Mahesh\.m2\repository\com\github\docker-java\docker-java-core\3.2.13\docker-java-core-3.2.13.jar;C:\Users\Mahesh\.m2\repository\com\github\docker-java\docker-java-api\3.2.13\docker-java-api-3.2.13.jar;C:\Users\Mahesh\.m2\repository\org\apache\commons\commons-compress\1.21\commons-compress-1.21.jar;C:\Users\Mahesh\.m2\repository\org\bouncycastle\bcpkix-jdk15on\1.64\bcpkix-jdk15on-1.64.jar;C:\Users\Mahesh\.m2\repository\org\bouncycastle\bcprov-jdk15on\1.64\bcprov-jdk15on-1.64.jar;C:\Users\Mahesh\.m2\repository\org\slf4j\jcl-over-slf4j\1.7.30\jcl-over-slf4j-1.7.30.jar;C:\Users\Mahesh\.m2\repository\com\github\docker-java\docker-java-transport-httpclient5\3.2.13\docker-java-transport-httpclient5-3.2.13.jar;C:\Users\Mahesh\.m2\repository\com\github\docker-java\docker-java-transport\3.2.13\docker-java-transport-3.2.13.jar;C:\Users\Mahesh\.m2\repository\net\java\dev\jna\jna\5.8.0\jna-5.8.0.jar;C:\Users\Mahesh\.m2\repository\org\brotli\dec\0.1.2\dec-0.1.2.jar;C:\Users\Mahesh\.m2\repository\org\apache\httpcomponents\client5\httpclient5\5.1.3\httpclient5-5.1.3.jar;C:\Users\Mahesh\.m2\repository\org\apache\httpcomponents\core5\httpcore5\5.1.3\httpcore5-5.1.3.jar;C:\Users\Mahesh\.m2\repository\org\apache\httpcomponents\core5\httpcore5-h2\5.1.3\httpcore5-h2-5.1.3.jar;C:\Users\Mahesh\.m2\repository\commons-codec\commons-codec\1.15\commons-codec-1.15.jar;C:\Users\Mahesh\.m2\repository\commons-io\commons-io\2.11.0\commons-io-2.11.0.jar;C:\Users\Mahesh\.m2\repository\org\apache\logging\log4j\log4j-core\2.17.2\log4j-core-2.17.2.jar;C:\Users\Mahesh\.m2\repository\org\apache\logging\log4j\log4j-api\2.17.2\log4j-api-2.17.2.jar;C:\Users\Mahesh\.m2\repository\org\testng\testng\7.4.0\testng-7.4.0.jar;C:\Users\Mahesh\.m2\repository\com\beust\jcommander\1.78\jcommander-1.78.jar;C:\Users\Mahesh\.m2\repository\org\webjars\jquery\3.5.1\jquery-3.5.1.jar;C:\Users\Mahesh\.m2\repository\io\cucumber\cucumber-testng\7.3.4\cucumber-testng-7.3.4.jar;C:\Program Files\Java\jdk-17.0.4\lib\tools-1.5.0.jar;C:\Users\Mahesh\.m2\repository\io\cucumber\cucumber-core\7.3.4\cucumber-core-7.3.4.jar;C:\Users\Mahesh\.m2\repository\io\cucumber\cucumber-gherkin\7.3.4\cucumber-gherkin-7.3.4.jar;C:\Users\Mahesh\.m2\repository\io\cucumber\cucumber-gherkin-messages\7.3.4\cucumber-gherkin-messages-7.3.4.jar;C:\Users\Mahesh\.m2\repository\io\cucumber\tag-expressions\4.1.0\tag-expressions-4.1.0.jar;C:\Users\Mahesh\.m2\repository\io\cucumber\cucumber-expressions\15.1.1\cucumber-expressions-15.1.1.jar;C:\Users\Mahesh\.m2\repository\io\cucumber\datatable\7.3.4\datatable-7.3.4.jar;C:\Users\Mahesh\.m2\repository\io\cucumber\cucumber-plugin\7.3.4\cucumber-plugin-7.3.4.jar;C:\Users\Mahesh\.m2\repository\io\cucumber\docstring\7.3.4\docstring-7.3.4.jar;C:\Users\Mahesh\.m2\repository\io\cucumber\html-formatter\19.1.0\html-formatter-19.1.0.jar;C:\Users\Mahesh\.m2\repository\io\cucumber\ci-environment\9.0.4\ci-environment-9.0.4.jar;C:\Users\Mahesh\.m2\repository\tech\grasshopper\extentreports-cucumber7-adapter\1.7.0\extentreports-cucumber7-adapter-1.7.0.jar;C:\Users\Mahesh\.m2\repository\com\aventstack\extentreports\5.0.9\extentreports-5.0.9.jar;C:\Users\Mahesh\.m2\repository\io\reactivex\rxjava3\rxjava\3.0.4\rxjava-3.0.4.jar;C:\Users\Mahesh\.m2\repository\org\freemarker\freemarker\2.3.30\freemarker-2.3.30.jar;C:\Users\Mahesh\.m2\repository\org\projectlombok\lombok\1.18.12\lombok-1.18.12.jar;C:\Users\Mahesh\.m2\repository\tech\grasshopper\extent-pdf-report\2.7.0\extent-pdf-report-2.7.0.jar;C:\Users\Mahesh\.m2\repository\tech\grasshopper\cucumber-pdf-report\2.10.0\cucumber-pdf-report-2.10.0.jar;C:\Users\Mahesh\.m2\repository\org\apache\pdfbox\pdfbox\2.0.26\pdfbox-2.0.26.jar;C:\Users\Mahesh\.m2\repository\org\apache\pdfbox\fontbox\2.0.26\fontbox-2.0.26.jar;C:\Users\Mahesh\.m2\repository\org\knowm\xchart\xchart\3.8.0\xchart-3.8.0.jar;C:\Users\Mahesh\.m2\repository\de\erichseifert\vectorgraphics2d\VectorGraphics2D\0.13\VectorGraphics2D-0.13.jar;C:\Users\Mahesh\.m2\repository\de\rototor\pdfbox\graphics2d\0.30\graphics2d-0.30.jar;C:\Users\Mahesh\.m2\repository\com\madgag\animated-gif-lib\1.4\animated-gif-lib-1.4.jar;C:\Users\Mahesh\.m2\repository\org\yaml\snakeyaml\1.28\snakeyaml-1.28.jar;C:\Users\Mahesh\.m2\repository\tech\grasshopper\table-layout\1.5.1\table-layout-1.5.1.jar;C:\Users\Mahesh\.m2\repository\tech\grasshopper\rest-assured-cucumber-pdf-report\1.4.1\rest-assured-cucumber-pdf-report-1.4.1.jar;C:\Users\Mahesh\.m2\repository\com\aventstack\klov-reporter\5.0.9\klov-reporter-5.0.9.jar;C:\Users\Mahesh\.m2\repository\org\mongodb\mongodb-driver\3.6.4\mongodb-driver-3.6.4.jar;C:\Users\Mahesh\.m2\repository\org\mongodb\mongodb-driver-core\3.6.4\mongodb-driver-core-3.6.4.jar;C:\Users\Mahesh\.m2\repository\org\mongodb\bson\3.6.4\bson-3.6.4.jar;C:\Users\Mahesh\.m2\repository\org\apache\httpcomponents\httpclient\4.5.13\httpclient-4.5.13.jar;C:\Users\Mahesh\.m2\repository\org\apache\httpcomponents\httpcore\4.4.13\httpcore-4.4.13.jar;C:\Users\Mahesh\.m2\repository\org\apache\httpcomponents\httpmime\4.5.13\httpmime-4.5.13.jar;C:\Users\Mahesh\.m2\repository\tech\grasshopper\htmlextentreporter\1.0.1\htmlextentreporter-1.0.1.jar;"/>
    <property name="sun.cpu.endian" value="little"/>
    <property name="user.home" value="C:\Users\Mahesh"/>
    <property name="user.language" value="en"/>
    <property name="java.specification.vendor" value="Oracle Corporation"/>
    <property name="java.version.date" value="2022-07-19"/>
    <property name="java.home" value="C:\Program Files\Java\jdk-17.0.4"/>
    <property name="file.separator" value="\"/>
    <property name="basedir" value="C:\Users\Mahesh\eclipse-workspace\IlinkFramework"/>
    <property name="java.vm.compressedOopsMode" value="Zero based"/>
    <property name="line.separator" value="&#10;"/>
    <property name="java.vm.specification.vendor" value="Oracle Corporation"/>
    <property name="java.specification.name" value="Java Platform API Specification"/>
    <property name="surefire.real.class.path" value="C:\Users\Mahesh\AppData\Local\Temp\surefire14082344045283315013\surefirebooter-20220810212013169_3.jar"/>
    <property name="user.script" value=""/>
    <property name="sun.management.compiler" value="HotSpot 64-Bit Tiered Compilers"/>
    <property name="java.runtime.version" value="17.0.4+11-LTS-179"/>
    <property name="user.name" value="Mahesh"/>
    <property name="path.separator" value=";"/>
    <property name="os.version" value="10.0"/>
    <property name="java.runtime.name" value="Java(TM) SE Runtime Environment"/>
    <property name="file.encoding" value="Cp1252"/>
    <property name="java.vm.name" value="Java HotSpot(TM) 64-Bit Server VM"/>
    <property name="localRepository" value="C:\Users\Mahesh\.m2\repository"/>
    <property name="java.vendor.url.bug" value="https://bugreport.java.com/bugreport/"/>
    <property name="java.io.tmpdir" value="C:\Users\Mahesh\AppData\Local\Temp\"/>
    <property name="java.version" value="17.0.4"/>
    <property name="user.dir" value="C:\Users\Mahesh\eclipse-workspace\IlinkFramework"/>
    <property name="os.arch" value="amd64"/>
    <property name="java.vm.specification.name" value="Java Virtual Machine Specification"/>
    <property name="sun.os.patch.level" value=""/>
    <property name="native.encoding" value="Cp1252"/>
    <property name="java.library.path" value="C:\Program Files\Java\jdk-17.0.4\bin;C:\Windows\Sun\Java\bin;C:\Windows\system32;C:\Windows;C:/Program Files/Java/jdk-17.0.4/bin/server;C:/Program Files/Java/jdk-17.0.4/bin;C:\Python310\Scripts\;C:\Python310\;C:\Program Files\Common Files\Oracle\Java\javapath;C:\Windows\system32;C:\Windows;C:\Windows\System32\Wbem;C:\Windows\System32\WindowsPowerShell\v1.0\;C:\Windows\System32\OpenSSH\;C:\Program Files\Java\jdk-18.0.1.1\bin;C:\ProgramData\chocolatey\bin;C:\Program Files\Java\jdk-17.0.4\bin;C:\Users\Mahesh\Downloads\apache-maven-3.8.6-bin\apache-maven-3.8.6\bin;C:\Users\Mahesh\Downloads\apache-maven-3.8.6-bin\apache-maven-3.8.6\bin;C:\Users\Mahesh\Downloads\apache-maven-3.8.6-bin\apache-maven-3.8.6\bin;;C:\Program Files\Docker\Docker\resources\bin;C:\ProgramData\DockerDesktop\version-bin;C:\Users\Mahesh\AppData\Local\Microsoft\WindowsApps;C:\Users\Mahesh\AppData\Roaming\npm;C:\Users\Mahesh\AppData\Local\Programs\Git\cmd;C:\Users\Mahesh\OneDrive - iLink Systems Inc\Desktop;;."/>
    <property name="java.vm.info" value="mixed mode, sharing"/>
    <property name="java.vendor" value="Oracle Corporation"/>
    <property name="java.vm.version" value="17.0.4+11-LTS-179"/>
    <property name="sun.io.unicode.encoding" value="UnicodeLittle"/>
    <property name="java.class.version" value="61.0"/>
  </properties>
  <testcase name="runScenario[&quot;Add New Customer&quot;, &quot;AddCustomer&quot;](1)" classname="runner.Runner" time="27.197">
    <system-out><![CDATA[Setup-Sanity method executed..
[DEBUG] Removing resolution chrome=104 from cache (expired on Tue Aug 09 14:10:11 IST 2022)
[DEBUG] ex-0000000001 preparing request execution
[DEBUG] ex-0000000001 Cookie spec selected: strict
[DEBUG] ex-0000000001 Auth cache not set in the context
[DEBUG] ex-0000000001 target auth state: UNCHALLENGED
[DEBUG] ex-0000000001 proxy auth state: UNCHALLENGED
[DEBUG] ex-0000000001 acquiring connection with route {s}->https://raw.githubusercontent.com:443
[DEBUG] ex-0000000001 acquiring endpoint (3 MINUTES)
[DEBUG] ex-0000000001 endpoint lease request (3 MINUTES) [route: {s}->https://raw.githubusercontent.com:443][total available: 0; route allocated: 0 of 5; total allocated: 0 of 25]
[DEBUG] ex-0000000001 endpoint leased [route: {s}->https://raw.githubusercontent.com:443][total available: 0; route allocated: 1 of 5; total allocated: 1 of 25]
[DEBUG] ex-0000000001 acquired ep-0000000000
[DEBUG] ex-0000000001 acquired endpoint ep-0000000000
[DEBUG] ex-0000000001 opening connection {s}->https://raw.githubusercontent.com:443
[DEBUG] ep-0000000000 connecting endpoint (30 SECONDS)
[DEBUG] ep-0000000000 connecting endpoint to https://raw.githubusercontent.com:443 (30 SECONDS)
[DEBUG] http-outgoing-0 connecting to raw.githubusercontent.com/185.199.111.133:443
[DEBUG] Connecting socket to raw.githubusercontent.com/185.199.111.133:443 with timeout 30 SECONDS
[DEBUG] Enabled protocols: [TLSv1.3, TLSv1.2]
[DEBUG] Enabled cipher suites: [TLS_AES_256_GCM_SHA384, TLS_AES_128_GCM_SHA256, TLS_CHACHA20_POLY1305_SHA256, TLS_ECDHE_ECDSA_WITH_AES_256_GCM_SHA384, TLS_ECDHE_ECDSA_WITH_AES_128_GCM_SHA256, TLS_ECDHE_ECDSA_WITH_CHACHA20_POLY1305_SHA256, TLS_ECDHE_RSA_WITH_AES_256_GCM_SHA384, TLS_ECDHE_RSA_WITH_CHACHA20_POLY1305_SHA256, TLS_ECDHE_RSA_WITH_AES_128_GCM_SHA256, TLS_DHE_RSA_WITH_AES_256_GCM_SHA384, TLS_DHE_RSA_WITH_CHACHA20_POLY1305_SHA256, TLS_DHE_DSS_WITH_AES_256_GCM_SHA384, TLS_DHE_RSA_WITH_AES_128_GCM_SHA256, TLS_DHE_DSS_WITH_AES_128_GCM_SHA256, TLS_ECDHE_ECDSA_WITH_AES_256_CBC_SHA384, TLS_ECDHE_RSA_WITH_AES_256_CBC_SHA384, TLS_ECDHE_ECDSA_WITH_AES_128_CBC_SHA256, TLS_ECDHE_RSA_WITH_AES_128_CBC_SHA256, TLS_DHE_RSA_WITH_AES_256_CBC_SHA256, TLS_DHE_DSS_WITH_AES_256_CBC_SHA256, TLS_DHE_RSA_WITH_AES_128_CBC_SHA256, TLS_DHE_DSS_WITH_AES_128_CBC_SHA256, TLS_ECDH_ECDSA_WITH_AES_256_GCM_SHA384, TLS_ECDH_RSA_WITH_AES_256_GCM_SHA384, TLS_ECDH_ECDSA_WITH_AES_128_GCM_SHA256, TLS_ECDH_RSA_WITH_AES_128_GCM_SHA256, TLS_ECDH_ECDSA_WITH_AES_256_CBC_SHA384, TLS_ECDH_RSA_WITH_AES_256_CBC_SHA384, TLS_ECDH_ECDSA_WITH_AES_128_CBC_SHA256, TLS_ECDH_RSA_WITH_AES_128_CBC_SHA256, TLS_ECDHE_ECDSA_WITH_AES_256_CBC_SHA, TLS_ECDHE_RSA_WITH_AES_256_CBC_SHA, TLS_ECDHE_ECDSA_WITH_AES_128_CBC_SHA, TLS_ECDHE_RSA_WITH_AES_128_CBC_SHA, TLS_DHE_RSA_WITH_AES_256_CBC_SHA, TLS_DHE_DSS_WITH_AES_256_CBC_SHA, TLS_DHE_RSA_WITH_AES_128_CBC_SHA, TLS_DHE_DSS_WITH_AES_128_CBC_SHA, TLS_ECDH_ECDSA_WITH_AES_256_CBC_SHA, TLS_ECDH_RSA_WITH_AES_256_CBC_SHA, TLS_ECDH_ECDSA_WITH_AES_128_CBC_SHA, TLS_ECDH_RSA_WITH_AES_128_CBC_SHA, TLS_RSA_WITH_AES_256_GCM_SHA384, TLS_RSA_WITH_AES_128_GCM_SHA256, TLS_RSA_WITH_AES_256_CBC_SHA256, TLS_RSA_WITH_AES_128_CBC_SHA256, TLS_RSA_WITH_AES_256_CBC_SHA, TLS_RSA_WITH_AES_128_CBC_SHA, TLS_EMPTY_RENEGOTIATION_INFO_SCSV]
[DEBUG] Starting handshake
[DEBUG] Secure session established
[DEBUG]  negotiated protocol: TLSv1.3
[DEBUG]  negotiated cipher suite: TLS_AES_256_GCM_SHA384
[DEBUG]  peer principal: CN=*.github.io, O="GitHub, Inc.", L=San Francisco, ST=California, C=US
[DEBUG]  peer alternative names: [*.github.io, github.com, *.github.com, www.github.com, github.io, githubusercontent.com, *.githubusercontent.com]
[DEBUG]  issuer principal: CN=DigiCert TLS RSA SHA256 2020 CA1, O=DigiCert Inc, C=US
[DEBUG] http-outgoing-0 connection established 192.168.0.102:51628<->185.199.111.133:443
[DEBUG] ep-0000000000 connected http-outgoing-0
[DEBUG] ep-0000000000 endpoint connected
[DEBUG] ex-0000000001 executing GET /bonigarcia/webdrivermanager/master/src/main/resources/commands.properties HTTP/1.1
[DEBUG] ep-0000000000 start execution ex-0000000001
[DEBUG] ep-0000000000 executing exchange ex-0000000001 over http-outgoing-0
[DEBUG] http-outgoing-0 >> GET /bonigarcia/webdrivermanager/master/src/main/resources/commands.properties HTTP/1.1
[DEBUG] http-outgoing-0 >> user-agent: Apache-HttpClient/5.0
[DEBUG] http-outgoing-0 >> accept-encoding: gzip, deflate, br
[DEBUG] http-outgoing-0 >> cache-control: max-age=0
[DEBUG] http-outgoing-0 >> connection: keep-alive
[DEBUG] http-outgoing-0 >> Host: raw.githubusercontent.com
[DEBUG] http-outgoing-0 >> "GET /bonigarcia/webdrivermanager/master/src/main/resources/commands.properties HTTP/1.1[\r][\n]"
[DEBUG] http-outgoing-0 >> "user-agent: Apache-HttpClient/5.0[\r][\n]"
[DEBUG] http-outgoing-0 >> "accept-encoding: gzip, deflate, br[\r][\n]"
[DEBUG] http-outgoing-0 >> "cache-control: max-age=0[\r][\n]"
[DEBUG] http-outgoing-0 >> "connection: keep-alive[\r][\n]"
[DEBUG] http-outgoing-0 >> "Host: raw.githubusercontent.com[\r][\n]"
[DEBUG] http-outgoing-0 >> "[\r][\n]"
[DEBUG] http-outgoing-0 << "HTTP/1.1 200 OK[\r][\n]"
[DEBUG] http-outgoing-0 << "Connection: keep-alive[\r][\n]"
[DEBUG] http-outgoing-0 << "Content-Length: 723[\r][\n]"
[DEBUG] http-outgoing-0 << "Cache-Control: max-age=300[\r][\n]"
[DEBUG] http-outgoing-0 << "Content-Security-Policy: default-src 'none'; style-src 'unsafe-inline'; sandbox[\r][\n]"
[DEBUG] http-outgoing-0 << "Content-Type: text/plain; charset=utf-8[\r][\n]"
[DEBUG] http-outgoing-0 << "ETag: W/"e82b438271e9e8680c688b0b680efd0bdd22faa6d6f0a32fc1fd8accc486b67e"[\r][\n]"
[DEBUG] http-outgoing-0 << "Strict-Transport-Security: max-age=31536000[\r][\n]"
[DEBUG] http-outgoing-0 << "X-Content-Type-Options: nosniff[\r][\n]"
[DEBUG] http-outgoing-0 << "X-Frame-Options: deny[\r][\n]"
[DEBUG] http-outgoing-0 << "X-XSS-Protection: 1; mode=block[\r][\n]"
[DEBUG] http-outgoing-0 << "X-GitHub-Request-Id: 7598:4D68:150814:1C6FAC:62E2F70D[\r][\n]"
[DEBUG] http-outgoing-0 << "Content-Encoding: gzip[\r][\n]"
[DEBUG] http-outgoing-0 << "Accept-Ranges: bytes[\r][\n]"
[DEBUG] http-outgoing-0 << "Date: Wed, 10 Aug 2022 15:50:16 GMT[\r][\n]"
[DEBUG] http-outgoing-0 << "Via: 1.1 varnish[\r][\n]"
[DEBUG] http-outgoing-0 << "X-Served-By: cache-bom4725-BOM[\r][\n]"
[DEBUG] http-outgoing-0 << "X-Cache: HIT[\r][\n]"
[DEBUG] http-outgoing-0 << "X-Cache-Hits: 1[\r][\n]"
[DEBUG] http-outgoing-0 << "X-Timer: S1660146616.348978,VS0,VE1[\r][\n]"
[DEBUG] http-outgoing-0 << "Vary: Authorization,Accept-Encoding,Origin[\r][\n]"
[DEBUG] http-outgoing-0 << "Access-Control-Allow-Origin: *[\r][\n]"
[DEBUG] http-outgoing-0 << "X-Fastly-Request-ID: 7a6c635b99259590dd8cacf76cc0f76e2d16cabd[\r][\n]"
[DEBUG] http-outgoing-0 << "Expires: Wed, 10 Aug 2022 15:55:16 GMT[\r][\n]"
[DEBUG] http-outgoing-0 << "Source-Age: 196[\r][\n]"
[DEBUG] http-outgoing-0 << "[\r][\n]"
[DEBUG] http-outgoing-0 << HTTP/1.1 200 OK
[DEBUG] http-outgoing-0 << Connection: keep-alive
[DEBUG] http-outgoing-0 << Content-Length: 723
[DEBUG] http-outgoing-0 << Cache-Control: max-age=300
[DEBUG] http-outgoing-0 << Content-Security-Policy: default-src 'none'; style-src 'unsafe-inline'; sandbox
[DEBUG] http-outgoing-0 << Content-Type: text/plain; charset=utf-8
[DEBUG] http-outgoing-0 << ETag: W/"e82b438271e9e8680c688b0b680efd0bdd22faa6d6f0a32fc1fd8accc486b67e"
[DEBUG] http-outgoing-0 << Strict-Transport-Security: max-age=31536000
[DEBUG] http-outgoing-0 << X-Content-Type-Options: nosniff
[DEBUG] http-outgoing-0 << X-Frame-Options: deny
[DEBUG] http-outgoing-0 << X-XSS-Protection: 1; mode=block
[DEBUG] http-outgoing-0 << X-GitHub-Request-Id: 7598:4D68:150814:1C6FAC:62E2F70D
[DEBUG] http-outgoing-0 << Content-Encoding: gzip
[DEBUG] http-outgoing-0 << Accept-Ranges: bytes
[DEBUG] http-outgoing-0 << Date: Wed, 10 Aug 2022 15:50:16 GMT
[DEBUG] http-outgoing-0 << Via: 1.1 varnish
[DEBUG] http-outgoing-0 << X-Served-By: cache-bom4725-BOM
[DEBUG] http-outgoing-0 << X-Cache: HIT
[DEBUG] http-outgoing-0 << X-Cache-Hits: 1
[DEBUG] http-outgoing-0 << X-Timer: S1660146616.348978,VS0,VE1
[DEBUG] http-outgoing-0 << Vary: Authorization,Accept-Encoding,Origin
[DEBUG] http-outgoing-0 << Access-Control-Allow-Origin: *
[DEBUG] http-outgoing-0 << X-Fastly-Request-ID: 7a6c635b99259590dd8cacf76cc0f76e2d16cabd
[DEBUG] http-outgoing-0 << Expires: Wed, 10 Aug 2022 15:55:16 GMT
[DEBUG] http-outgoing-0 << Source-Age: 196
[DEBUG] ex-0000000001 connection can be kept alive for 3 MINUTES
[DEBUG] http-outgoing-0 << "[0x1f][0xffffff8b][0x8][0x0][0x0][0x0][0x0][0x0][0x0][0x3][0xffffffb5]V]o[0xffffffda]0[0x14]}[0xffffffe7]W\[0xffffff81]*[0xffffffb5][0x12][0x1f][[M[0xffffffd3]$[0x1e]hF[0xffffffbb]i [0x18][0xffffffb4][0xffffffdd]&[0xfffffff9][0xffffffc5]$7[0xffffffc1]R[0x12]#;[0xffffff94]v[0xffffffbf]~[0xffffffb6][0xfffffff3]1[0xffffff92][0xffffff9a][0xffffffc1][0x1a]x[0xffffffcb][0xffffffb5][0xffffffaf][0xffffffcf]9[0xffffffbe][0xfffffff7]8v[0xb][0x1c][0x1e]E4[0xfffffff6]$x4[0xffffffa1][0xb]*[0xffffffb1][0xffffffd1][0xffffff82][0xfffffffb]%[0xffffff93][0xffffffe0][0xffffffb3][0x10][0xffffffc1][0xffffffe5]qBY,!Y[0xffffffea] KM8,[0x10][0xfffffff0][0x19][0xffffffdd]u[0xffffff82][0x1e][0xffffffb0][0xffffffd8]L[0xffffffcb]%[0xffffff86][0xffffffa1][0xe][0xffffffb8][0xfffffff0]P[0xffffffe8]$[0xf][0x13]t[0x13]3[0xfffffff9][0xffffff84]B2[0xffffffae][0xffffffe6]|@[0xfffffff5][0x1d][0x8][0xffffffc4][0x18][0x16][0xffffff82]o[0xffffffa4][0xffffff9a]P[0xffffff94][0xffffffe7][0xffffffce]R[0xfffffff0][0x8][0xffffffdb]p[0xffffffcb][0x4][0xfffffffa][0xfffffffc][0xffffffb9][\r][0xffffff93][0x15][\n]"
[DEBUG] http-outgoing-0 << "[0xffffffda][0xffffff86][0xffffffa1][0x17][0xffffffa8]Q3[0xffffffcb][0xffffffd6][0xffffffd1][0xffffff85][0xffffffc6][0xfffffff7][0xffffff98][0xffffffef][0xffffffa3][0xffffffc0]8[0x1][0xffffffae]s[0x12][0x16][0x7] _d[0xffffff82][0xffffff91][0xffffff84][0xfffffff3][0x1f],[0xfffffff6][0x14]j[0x1b]F,^+[0xffffff98]1ua2[0xffffffbf]h([0xffffff8e][0xffffff94][0xffffffa2][0xffffff91]m[0xffffffa3][0xffffffeb][0xffffff9a][0xffffffb0][0xffffffbb]I[0x17]t[0xffffffdf][0xffffffbd][0xffffffef][0xffffffbb][0xffffff91][0xffffffd7]U[0xffffffbb][0xffffff82][0xffffff9e][0x3][0xffffff9b][0xffffff88][0xffffffb9][0xffffffa6]$[0xffffffa6][0xc][0xffffff9b][0xffffffa5][0xffffffe2][0xffffff83][0xffffff98]F[0xffffffd8]o[0xffffff9e]Mg[0xffffff93][0xffffffbb][0xffffffd9]`|[0xfffffffb]u4[0xffffff9c][0x7f]"}B[0xffffffce][0x8][0xffffffb9][0xffffffe3]<[0x8][0xffffff91][0xffffff90][0xffffff94][0xffffff82][0xffffff90][0xffffffc1]j[0x15]2WI[0xffffffe3]1![0x19][0xffffff91]BnB[0xffffff80][0x9]<f[0xffffffb5][0xffffffe8]=[0xffffffd1]p[0xffffffbd][[0xffffffcf][0xffffffe5][0x1b][0xfffffff4][0xffffff9c][0xffffffff][0xfffffffc][0xfffffff8][0xffffffe1][0xffffffe2][0xffffff94][0xffffffa2][0xffffffae][0xe][0x14]5[0xffffff9a]8[0xffffff83][0xffffffd1]`:[0xfffffffd]<[0xffffffb8][0x1f][0xffffff9c]R[0xffffffcf]u[0x7f]6[0xffffffbc][0xffffff83][0xffffffef][0xf][0xffffffc3][0xffffffd9]/[0xfffffff8][0xfffffff2][0xffffffcd]y s[0xffffffee]'[0x1b]*0g[0xffffffcb][0xffffffc8]nF7H][0xffffff83][0xffffff97]{[0xffffffb1]Q[0x5][\r][0xffffffb5]c[0xffffffb4][0xf][0x2][0xffffffb3][0xffffffb4][0xffffff93][0xe]C[0xffffffa7][0xffffffb3]kAD][0xffffff9d][0xffffffde][0xffffffdb][0xffffffda][0xffffff88][0xffffffec][0xffffffa5][0xffffffbc][0xffffff99][0xffffffd9][0xffffffba]t[0xffffffb5][0xffffffea]9[0xffffffea][0x10])[0xffffffb7][0xffffffca][0xffffff9e][0xfffffff2][0xffffffe2]d^N[0xffffffd8]FW[0x16][0xffffffcd][0xffffffdc]_[0x10][0xfffffff9]i|[0x1c][0xffffff93][0xffffff8e][0xfffffff9]o[0x16][0xffffff86]4'!$G[0xffffffdf]W[0xfffffff4]W*j[[0xfffffff3]xR[0xffffffae][0xffffffb6][0xc][0xffffffd0],; #[0xffffffa9][0xffffff92]5[0xffffffb5][0x7][0xffffff9c][0xffffffb5][0xffffffd0][0x7f][0xffffff90][0xffffffc7]jgs[0xfffffffc][0xffffffc2][0xb][0xffffffd9][0x0]t[0xffffff9e]^'Y[0xfffffffb][0xffffff9f][0xffffffb1][0xffffffd8]:[0xffffffbf][0xffffff8d][0xffffffa5][0xffffff9a][0xffffffad][0x7f]m[0x5]&[0xffffffaa][0xffffffa0]^[0xffffff9b][0xffffffcb][0x5]f[0xffffffae][0xffffffe0]RU[0xffffff82][0x10]MS9l[0xffffff91]4t[0xfffffffb][0xffffff8a]][0xffffffd6][0xfffffff4][0xffffff96][0xffffffa6][0xffffff9f]P[0xffffffce][0xffffffd5][0xffffffce][0xffffff93][0xffffffff][0xffffff97][0xffffffcc]p[0xfffffffd][0xfffffff3][0xffffffe8][0x1b][0xffffffcc][0xffffffa2][0xffffffd9]Q[0xffffffbe][0xffffffb2][0xffffffa3][0xffffffc7]m'[0xffffffdf][0xffffffe4][[0xfffffffb]^[0xffffffb0][0xffffff9a][0xffffffbe][0xffffffda][0xffffffda]_[0xffffffce][0xffffff80][0xffffffd2][0xffffffc1]7[0xffffffb7]][0xffffffc1]b[0xffffffee][0xffffffb5][0xffffffff]w[0xffffff83][0xffffffed][0xffffffa7];[0x15]<[0x10]4[0xffffff92][0xffffff84][0x18][\n]"
[DEBUG] http-outgoing-0 << "BB[0xffffffba][0xffffff8e]][0xffffffb5]jo[0xffffffb9]+"[0xffffffea][0xffffffb4][0xffffffff]h"[0xffffffea]\?5[0xffffffa9][0xffffffaf]k[0xffffffec][0xffffffff]P[0xffffffea][\n]"
[DEBUG] http-outgoing-0 << "w[0xffffffe1]K[0x13][0xffffffda][0xffffffec][0xffffff98][0xffffffe6]Y[0xfffffffd]h8m6[0xffffff9c]T[0xffffffc1][0xfffffff2][0xffffffa7][0xffffff91]z_[0xffffff95]o85p[0x1c][0x13][0xffffffe6][0xfffffff0]5[0xffffffee][0xfffffffc][0xffffff92][0xffffff96][0xffffffda][0xfffffff7][0xffffffcf][0xffffffb1][0x5][0x1d][0xffffffea]K[0xffffff9b]9[0xffffff8e][0xffffffad]e[0xfffffff7][0xffffff93][0xffffffa8]`[0xffffffda][0xffffffff][0x1a][0xffffffd2][0xffffff88][0xffffff85][0xfffffffd][0xfffffff2][0xffffff91]N[0xfffffff6]`[0xffffffdf]2[0xffffffcf][0xffffffae]E[0xffffff97][0xffffffc5][0xffffffa2][0xffffff9d][0xffffffef]'[0xffffff9d]mun.[0xffffffd3]f^[0xffffffc7][0xffffff82][0xffffffda][0xffffff82]9[0xfffffff5][0xffffffa9]`[0x5][0xffffffbc]4[0xffffffa1][0x1d]<M[0xffffffb5]A[0xffffffa7]3[[0xffffffc0][0x7f][0x0][0xffffffc1][0xffffffd0]$[0xffffff85][0x1d][\r][0x0][0x0]"
[DEBUG] ep-0000000000 releasing valid endpoint
[DEBUG] ep-0000000000 releasing endpoint
[DEBUG] ep-0000000000 connection http-outgoing-0 can be kept alive for 3 MINUTES
[DEBUG] ep-0000000000 connection released [route: {s}->https://raw.githubusercontent.com:443][total available: 1; route allocated: 1 of 5; total allocated: 1 of 25]
[DEBUG] Detecting chrome version using online commands.properties
[DEBUG] Running command on the shell: [cmd.exe, /C, wmic, datafile, where, name="%PROGRAMFILES:\=\\%\\Google\\Chrome\\Application\\chrome.exe", get, Version, /value]
[DEBUG] Result: Version=104.0.5112.81
[DEBUG] Removing resolution chrome104=104.0.5112.79 from cache (expired on Tue Aug 09 21:27:10 IST 2022)
[DEBUG] ex-0000000002 preparing request execution
[DEBUG] ex-0000000002 Cookie spec selected: strict
[DEBUG] ex-0000000002 Auth cache not set in the context
[DEBUG] ex-0000000002 target auth state: UNCHALLENGED
[DEBUG] ex-0000000002 proxy auth state: UNCHALLENGED
[DEBUG] ex-0000000002 acquiring connection with route {s}->https://chromedriver.storage.googleapis.com:443
[DEBUG] ex-0000000002 acquiring endpoint (3 MINUTES)
[DEBUG] ex-0000000002 endpoint lease request (3 MINUTES) [route: {s}->https://chromedriver.storage.googleapis.com:443][total available: 1; route allocated: 0 of 5; total allocated: 1 of 25]
[DEBUG] ex-0000000002 endpoint leased [route: {s}->https://chromedriver.storage.googleapis.com:443][total available: 1; route allocated: 1 of 5; total allocated: 2 of 25]
[DEBUG] ex-0000000002 acquired ep-0000000001
[DEBUG] ex-0000000002 acquired endpoint ep-0000000001
[DEBUG] ex-0000000002 opening connection {s}->https://chromedriver.storage.googleapis.com:443
[DEBUG] ep-0000000001 connecting endpoint (30 SECONDS)
[DEBUG] ep-0000000001 connecting endpoint to https://chromedriver.storage.googleapis.com:443 (30 SECONDS)
[DEBUG] http-outgoing-1 connecting to chromedriver.storage.googleapis.com/142.250.182.240:443
[DEBUG] Connecting socket to chromedriver.storage.googleapis.com/142.250.182.240:443 with timeout 30 SECONDS
[DEBUG] Enabled protocols: [TLSv1.3, TLSv1.2]
[DEBUG] Enabled cipher suites: [TLS_AES_256_GCM_SHA384, TLS_AES_128_GCM_SHA256, TLS_CHACHA20_POLY1305_SHA256, TLS_ECDHE_ECDSA_WITH_AES_256_GCM_SHA384, TLS_ECDHE_ECDSA_WITH_AES_128_GCM_SHA256, TLS_ECDHE_ECDSA_WITH_CHACHA20_POLY1305_SHA256, TLS_ECDHE_RSA_WITH_AES_256_GCM_SHA384, TLS_ECDHE_RSA_WITH_CHACHA20_POLY1305_SHA256, TLS_ECDHE_RSA_WITH_AES_128_GCM_SHA256, TLS_DHE_RSA_WITH_AES_256_GCM_SHA384, TLS_DHE_RSA_WITH_CHACHA20_POLY1305_SHA256, TLS_DHE_DSS_WITH_AES_256_GCM_SHA384, TLS_DHE_RSA_WITH_AES_128_GCM_SHA256, TLS_DHE_DSS_WITH_AES_128_GCM_SHA256, TLS_ECDHE_ECDSA_WITH_AES_256_CBC_SHA384, TLS_ECDHE_RSA_WITH_AES_256_CBC_SHA384, TLS_ECDHE_ECDSA_WITH_AES_128_CBC_SHA256, TLS_ECDHE_RSA_WITH_AES_128_CBC_SHA256, TLS_DHE_RSA_WITH_AES_256_CBC_SHA256, TLS_DHE_DSS_WITH_AES_256_CBC_SHA256, TLS_DHE_RSA_WITH_AES_128_CBC_SHA256, TLS_DHE_DSS_WITH_AES_128_CBC_SHA256, TLS_ECDH_ECDSA_WITH_AES_256_GCM_SHA384, TLS_ECDH_RSA_WITH_AES_256_GCM_SHA384, TLS_ECDH_ECDSA_WITH_AES_128_GCM_SHA256, TLS_ECDH_RSA_WITH_AES_128_GCM_SHA256, TLS_ECDH_ECDSA_WITH_AES_256_CBC_SHA384, TLS_ECDH_RSA_WITH_AES_256_CBC_SHA384, TLS_ECDH_ECDSA_WITH_AES_128_CBC_SHA256, TLS_ECDH_RSA_WITH_AES_128_CBC_SHA256, TLS_ECDHE_ECDSA_WITH_AES_256_CBC_SHA, TLS_ECDHE_RSA_WITH_AES_256_CBC_SHA, TLS_ECDHE_ECDSA_WITH_AES_128_CBC_SHA, TLS_ECDHE_RSA_WITH_AES_128_CBC_SHA, TLS_DHE_RSA_WITH_AES_256_CBC_SHA, TLS_DHE_DSS_WITH_AES_256_CBC_SHA, TLS_DHE_RSA_WITH_AES_128_CBC_SHA, TLS_DHE_DSS_WITH_AES_128_CBC_SHA, TLS_ECDH_ECDSA_WITH_AES_256_CBC_SHA, TLS_ECDH_RSA_WITH_AES_256_CBC_SHA, TLS_ECDH_ECDSA_WITH_AES_128_CBC_SHA, TLS_ECDH_RSA_WITH_AES_128_CBC_SHA, TLS_RSA_WITH_AES_256_GCM_SHA384, TLS_RSA_WITH_AES_128_GCM_SHA256, TLS_RSA_WITH_AES_256_CBC_SHA256, TLS_RSA_WITH_AES_128_CBC_SHA256, TLS_RSA_WITH_AES_256_CBC_SHA, TLS_RSA_WITH_AES_128_CBC_SHA, TLS_EMPTY_RENEGOTIATION_INFO_SCSV]
[DEBUG] Starting handshake
[DEBUG] Secure session established
[DEBUG]  negotiated protocol: TLSv1.3
[DEBUG]  negotiated cipher suite: TLS_AES_256_GCM_SHA384
[DEBUG]  peer principal: CN=*.storage.googleapis.com
[DEBUG]  peer alternative names: [*.storage.googleapis.com, *.googleapis.com, commondatastorage.googleapis.com, *.commondatastorage.googleapis.com, storage.googleapis.com, storage.mtls.googleapis.com, *.appspot.com.storage.googleapis.com, *.content-storage.googleapis.com, *.content-storage-p2.googleapis.com, *.content-storage-upload.googleapis.com, *.content-storage-download.googleapis.com, *.storage-upload.googleapis.com, *.storage-download.googleapis.com]
[DEBUG]  issuer principal: CN=GTS CA 1C3, O=Google Trust Services LLC, C=US
[DEBUG] http-outgoing-1 connection established 192.168.0.102:51629<->142.250.182.240:443
[DEBUG] ep-0000000001 connected http-outgoing-1
[DEBUG] ep-0000000001 endpoint connected
[DEBUG] ex-0000000002 executing GET /LATEST_RELEASE_104 HTTP/1.1
[DEBUG] ep-0000000001 start execution ex-0000000002
[DEBUG] ep-0000000001 executing exchange ex-0000000002 over http-outgoing-1
[DEBUG] http-outgoing-1 >> GET /LATEST_RELEASE_104 HTTP/1.1
[DEBUG] http-outgoing-1 >> user-agent: Apache-HttpClient/5.0
[DEBUG] http-outgoing-1 >> accept-encoding: gzip, deflate, br
[DEBUG] http-outgoing-1 >> cache-control: max-age=0
[DEBUG] http-outgoing-1 >> connection: keep-alive
[DEBUG] http-outgoing-1 >> Host: chromedriver.storage.googleapis.com
[DEBUG] http-outgoing-1 >> "GET /LATEST_RELEASE_104 HTTP/1.1[\r][\n]"
[DEBUG] http-outgoing-1 >> "user-agent: Apache-HttpClient/5.0[\r][\n]"
[DEBUG] http-outgoing-1 >> "accept-encoding: gzip, deflate, br[\r][\n]"
[DEBUG] http-outgoing-1 >> "cache-control: max-age=0[\r][\n]"
[DEBUG] http-outgoing-1 >> "connection: keep-alive[\r][\n]"
[DEBUG] http-outgoing-1 >> "Host: chromedriver.storage.googleapis.com[\r][\n]"
[DEBUG] http-outgoing-1 >> "[\r][\n]"
[DEBUG] http-outgoing-1 << "HTTP/1.1 200 OK[\r][\n]"
[DEBUG] http-outgoing-1 << "X-GUploader-UploadID: ADPycduebeAQDyO54xuVMjE0N4jLQprXtjaKm6UkEnmWh0fVNx53cdTUWW7wGw2YB6Pi_wEhSjX3J9tj3sREpe07wIEDABb5htON[\r][\n]"
[DEBUG] http-outgoing-1 << "x-goog-generation: 1659524645014447[\r][\n]"
[DEBUG] http-outgoing-1 << "x-goog-metageneration: 1[\r][\n]"
[DEBUG] http-outgoing-1 << "x-goog-stored-content-encoding: identity[\r][\n]"
[DEBUG] http-outgoing-1 << "x-goog-stored-content-length: 13[\r][\n]"
[DEBUG] http-outgoing-1 << "x-goog-hash: crc32c=CBbVHA==[\r][\n]"
[DEBUG] http-outgoing-1 << "x-goog-hash: md5=bsnyTKhNykeBMgCI7m/eUw==[\r][\n]"
[DEBUG] http-outgoing-1 << "x-goog-storage-class: STANDARD[\r][\n]"
[DEBUG] http-outgoing-1 << "Accept-Ranges: bytes[\r][\n]"
[DEBUG] http-outgoing-1 << "Content-Length: 13[\r][\n]"
[DEBUG] http-outgoing-1 << "Server: UploadServer[\r][\n]"
[DEBUG] http-outgoing-1 << "Date: Wed, 10 Aug 2022 14:57:34 GMT[\r][\n]"
[DEBUG] http-outgoing-1 << "Expires: Wed, 10 Aug 2022 15:57:34 GMT[\r][\n]"
[DEBUG] http-outgoing-1 << "Cache-Control: public, max-age=3600[\r][\n]"
[DEBUG] http-outgoing-1 << "Age: 3162[\r][\n]"
[DEBUG] http-outgoing-1 << "Last-Modified: Wed, 03 Aug 2022 11:04:05 GMT[\r][\n]"
[DEBUG] http-outgoing-1 << "ETag: "6ec9f24ca84dca4781320088ee6fde53"[\r][\n]"
[DEBUG] http-outgoing-1 << "Content-Type: text/plain[\r][\n]"
[DEBUG] http-outgoing-1 << "Alt-Svc: h3=":443"; ma=2592000,h3-29=":443"; ma=2592000,h3-Q050=":443"; ma=2592000,h3-Q046=":443"; ma=2592000,h3-Q043=":443"; ma=2592000,quic=":443"; ma=2592000; v="46,43"[\r][\n]"
[DEBUG] http-outgoing-1 << "[\r][\n]"
[DEBUG] http-outgoing-1 << "104.0.5112.79"
[DEBUG] http-outgoing-1 << HTTP/1.1 200 OK
[DEBUG] http-outgoing-1 << X-GUploader-UploadID: ADPycduebeAQDyO54xuVMjE0N4jLQprXtjaKm6UkEnmWh0fVNx53cdTUWW7wGw2YB6Pi_wEhSjX3J9tj3sREpe07wIEDABb5htON
[DEBUG] http-outgoing-1 << x-goog-generation: 1659524645014447
[DEBUG] http-outgoing-1 << x-goog-metageneration: 1
[DEBUG] http-outgoing-1 << x-goog-stored-content-encoding: identity
[DEBUG] http-outgoing-1 << x-goog-stored-content-length: 13
[DEBUG] http-outgoing-1 << x-goog-hash: crc32c=CBbVHA==
[DEBUG] http-outgoing-1 << x-goog-hash: md5=bsnyTKhNykeBMgCI7m/eUw==
[DEBUG] http-outgoing-1 << x-goog-storage-class: STANDARD
[DEBUG] http-outgoing-1 << Accept-Ranges: bytes
[DEBUG] http-outgoing-1 << Content-Length: 13
[DEBUG] http-outgoing-1 << Server: UploadServer
[DEBUG] http-outgoing-1 << Date: Wed, 10 Aug 2022 14:57:34 GMT
[DEBUG] http-outgoing-1 << Expires: Wed, 10 Aug 2022 15:57:34 GMT
[DEBUG] http-outgoing-1 << Cache-Control: public, max-age=3600
[DEBUG] http-outgoing-1 << Age: 3162
[DEBUG] http-outgoing-1 << Last-Modified: Wed, 03 Aug 2022 11:04:05 GMT
[DEBUG] http-outgoing-1 << ETag: "6ec9f24ca84dca4781320088ee6fde53"
[DEBUG] http-outgoing-1 << Content-Type: text/plain
[DEBUG] http-outgoing-1 << Alt-Svc: h3=":443"; ma=2592000,h3-29=":443"; ma=2592000,h3-Q050=":443"; ma=2592000,h3-Q046=":443"; ma=2592000,h3-Q043=":443"; ma=2592000,quic=":443"; ma=2592000; v="46,43"
[DEBUG] ex-0000000002 connection can be kept alive for 3 MINUTES
[DEBUG] ep-0000000001 releasing valid endpoint
[DEBUG] ep-0000000001 releasing endpoint
[DEBUG] ep-0000000001 connection http-outgoing-1 can be kept alive for 3 MINUTES
[DEBUG] ep-0000000001 connection released [route: {s}->https://chromedriver.storage.googleapis.com:443][total available: 2; route allocated: 1 of 5; total allocated: 2 of 25]
[DEBUG] Latest version of chromedriver according to https://chromedriver.storage.googleapis.com/LATEST_RELEASE_104 is 104.0.5112.79
[INFO] Using chromedriver 104.0.5112.79 (resolved driver for Chrome 104)
[DEBUG] Storing resolution chrome=104 in cache (valid until 22:20:16 10/08/2022 IST)
[DEBUG] Storing resolution chrome104=104.0.5112.79 in cache (valid until 21:20:16 11/08/2022 IST)
[DEBUG] Driver chromedriver 104.0.5112.79 found in cache
[INFO] Exporting webdriver.chrome.driver as C:\Users\Mahesh\.cache\selenium\chromedriver\win32\104.0.5112.79\chromedriver.exe
[DEBUG] Using SLF4J as the default logging framework
[DEBUG] -Dio.netty.leakDetection.level: simple
[DEBUG] -Dio.netty.leakDetection.targetRecords: 4
[DEBUG] Loaded default ResourceLeakDetector: io.netty.util.ResourceLeakDetector@715fa8c5
[DEBUG] -Dio.netty.noUnsafe: false
[DEBUG] Java version: 17
[DEBUG] sun.misc.Unsafe.theUnsafe: available
[DEBUG] sun.misc.Unsafe.copyMemory: available
[DEBUG] sun.misc.Unsafe.storeFence: available
[DEBUG] java.nio.Buffer.address: available
[DEBUG] direct buffer constructor: unavailable: Reflective setAccessible(true) disabled
[DEBUG] java.nio.Bits.unaligned: available, true
[DEBUG] jdk.internal.misc.Unsafe.allocateUninitializedArray(int): unavailable: class io.netty.util.internal.PlatformDependent0$7 cannot access class jdk.internal.misc.Unsafe (in module java.base) because module java.base does not export jdk.internal.misc to unnamed module @13a5fe33
[DEBUG] java.nio.DirectByteBuffer.<init>(long, int): unavailable
[DEBUG] sun.misc.Unsafe: available
[DEBUG] maxDirectMemory: 4242538496 bytes (maybe)
[DEBUG] -Dio.netty.tmpdir: C:\Users\Mahesh\AppData\Local\Temp (java.io.tmpdir)
[DEBUG] -Dio.netty.bitMode: 64 (sun.arch.data.model)
[DEBUG] Platform: Windows
[DEBUG] -Dio.netty.maxDirectMemory: -1 bytes
[DEBUG] -Dio.netty.uninitializedArrayAllocationThreshold: -1
[DEBUG] java.nio.ByteBuffer.cleaner(): available
[DEBUG] -Dio.netty.noPreferDirect: false
[DEBUG] org.jctools-core.MpscChunkedArrayQueue: available
[DEBUG] -Dio.netty.threadLocalMap.stringBuilder.initialSize: 1024
[DEBUG] -Dio.netty.threadLocalMap.stringBuilder.maxSize: 4096
[DEBUG] Default protocols (JDK): [TLSv1.3, TLSv1.2] 
[DEBUG] Default cipher suites (JDK): [TLS_ECDHE_ECDSA_WITH_AES_256_GCM_SHA384, TLS_ECDHE_ECDSA_WITH_AES_128_GCM_SHA256, TLS_ECDHE_RSA_WITH_AES_128_GCM_SHA256, TLS_ECDHE_RSA_WITH_AES_256_GCM_SHA384, TLS_ECDHE_RSA_WITH_AES_128_CBC_SHA, TLS_ECDHE_RSA_WITH_AES_256_CBC_SHA, TLS_RSA_WITH_AES_128_GCM_SHA256, TLS_RSA_WITH_AES_128_CBC_SHA, TLS_RSA_WITH_AES_256_CBC_SHA, TLS_AES_128_GCM_SHA256, TLS_AES_256_GCM_SHA384]
[DEBUG] -Dio.netty.eventLoopThreads: 16
[DEBUG] -Dio.netty.noKeySetOptimization: false
[DEBUG] -Dio.netty.selectorAutoRebuildThreshold: 512
[DEBUG] -Dio.netty.allocator.numHeapArenas: 16
[DEBUG] -Dio.netty.allocator.numDirectArenas: 16
[DEBUG] -Dio.netty.allocator.pageSize: 8192
[DEBUG] -Dio.netty.allocator.maxOrder: 9
[DEBUG] -Dio.netty.allocator.chunkSize: 4194304
[DEBUG] -Dio.netty.allocator.smallCacheSize: 256
[DEBUG] -Dio.netty.allocator.normalCacheSize: 64
[DEBUG] -Dio.netty.allocator.maxCachedBufferCapacity: 32768
[DEBUG] -Dio.netty.allocator.cacheTrimInterval: 8192
[DEBUG] -Dio.netty.allocator.cacheTrimIntervalMillis: 0
[DEBUG] -Dio.netty.allocator.useCacheForAllThreads: false
[DEBUG] -Dio.netty.allocator.maxCachedByteBuffersPerChunk: 1023
[DEBUG] -Dio.netty.allocator.type: pooled
[DEBUG] -Dio.netty.threadLocalDirectBufferSize: 0
[DEBUG] -Dio.netty.maxThreadLocalCharBufferSize: 16384
[DEBUG] -Dio.netty.processId: 10168 (auto-detected)
[DEBUG] -Djava.net.preferIPv4Stack: false
[DEBUG] -Djava.net.preferIPv6Addresses: false
[DEBUG] Loopback interface: lo (Software Loopback Interface 1, 127.0.0.1)
[DEBUG] Failed to get SOMAXCONN from sysctl and file \proc\sys\net\core\somaxconn. Default: 200
[DEBUG] -Dio.netty.machineId: 80:38:fb:ff:fe:c7:7b:c1 (auto-detected)
[DEBUG] -Dio.netty.buffer.checkAccessible: true
[DEBUG] -Dio.netty.buffer.checkBounds: true
[DEBUG] Loaded default ResourceLeakDetector: io.netty.util.ResourceLeakDetector@63fe7d5e
[DEBUG] Using new Channel '[id: 0x91ee2d5f, L:/127.0.0.1:51641 - R:localhost/127.0.0.1:54001]' for 'POST' to '/session'
[DEBUG] -Dio.netty.recycler.maxCapacityPerThread: 4096
[DEBUG] -Dio.netty.recycler.ratio: 8
[DEBUG] -Dio.netty.recycler.chunkSize: 32
[DEBUG] -Dio.netty.recycler.blocking: false
[DEBUG] brotli4j not in the classpath; Brotli support will be unavailable.
[DEBUG] 

Request DefaultHttpRequest(decodeResult: success, version: HTTP/1.1)
POST /session HTTP/1.1
User-Agent: selenium/4.2.1 (java windows)
Content-Length: 365
Content-Type: application/json; charset=utf-8
host: localhost:54001
accept: */*

Response DefaultHttpResponse(decodeResult: success, version: HTTP/1.1)
HTTP/1.1 200 OK
Content-Type: application/json; charset=utf-8
cache-control: no-cache
content-length: 792

[DEBUG] Adding key: http://localhost:54001 for channel [id: 0x91ee2d5f, L:/127.0.0.1:51641 - R:localhost/127.0.0.1:54001]
[DEBUG] Using new Channel '[id: 0x679bdffe, L:/127.0.0.1:51649 - R:localhost/127.0.0.1:51642]' for 'GET' to '/json/version'
[DEBUG] 

Request DefaultFullHttpRequest(decodeResult: success, version: HTTP/1.1, content: EmptyByteBufBE)
GET /json/version HTTP/1.1
User-Agent: selenium/4.2.1 (java windows)
host: localhost:51642
accept: */*

Response DefaultHttpResponse(decodeResult: success, version: HTTP/1.1)
HTTP/1.1 200 OK
Content-Type: application/json; charset=UTF-8
content-length: 427

[DEBUG] Adding key: http://localhost:51642 for channel [id: 0x679bdffe, L:/127.0.0.1:51649 - R:localhost/127.0.0.1:51642]
[DEBUG] -Dio.netty.initialSeedUniquifier: 0x03ee506425a6135e
[DEBUG] Using new Channel '[id: 0x1d320293, L:/127.0.0.1:51650 - R:localhost/127.0.0.1:51642]' for 'GET' to '/devtools/browser/c98ee8dc-30c9-43fc-9555-1460903cb629'
[DEBUG] 

Request DefaultFullHttpRequest(decodeResult: success, version: HTTP/1.1, content: EmptyByteBufBE)
GET /devtools/browser/c98ee8dc-30c9-43fc-9555-1460903cb629 HTTP/1.1
upgrade: websocket
connection: upgrade
sec-websocket-key: Tfu8NCWtkrtIHWPey4eauA==
sec-websocket-version: 13
origin: http://localhost:51642
host: localhost:51642
accept: */*
user-agent: AHC/2.1

Response DefaultHttpResponse(decodeResult: success, version: HTTP/1.1)
HTTP/1.1 101 WebSocket Protocol Handshake
Upgrade: WebSocket
Connection: Upgrade
Sec-WebSocket-Accept: XKUEpbXaxmu5Vq+DTRNSXIqNx1Q=

[FATAL] 2022-08-10 21:20:20.599 [main] Steps - Setup1 executed...
[INFO ] 2022-08-10 21:20:20.733 [main] Steps - chrome browser launced..
[DEBUG] Using pooled Channel '[id: 0x91ee2d5f, L:/127.0.0.1:51641 - R:localhost/127.0.0.1:54001]' for 'POST' to 'http://localhost:54001/session/4e6f6599390c26fc46498e0ee0db4b5c/url'
[DEBUG] Using open Channel [id: 0x91ee2d5f, L:/127.0.0.1:51641 - R:localhost/127.0.0.1:54001] for POST '/session/4e6f6599390c26fc46498e0ee0db4b5c/url'
[DEBUG] Entry count for : http://localhost:51642 : 1
[DEBUG] Entry count for : http://localhost:51642 : 1
[DEBUG] 

Request DefaultHttpRequest(decodeResult: success, version: HTTP/1.1)
POST /session/4e6f6599390c26fc46498e0ee0db4b5c/url HTTP/1.1
User-Agent: selenium/4.2.1 (java windows)
Content-Length: 69
Content-Type: application/json; charset=utf-8
host: localhost:54001
accept: */*

Response DefaultHttpResponse(decodeResult: success, version: HTTP/1.1)
HTTP/1.1 200 OK
Content-Type: application/json; charset=utf-8
cache-control: no-cache
content-length: 14

[DEBUG] Adding key: http://localhost:54001 for channel [id: 0x91ee2d5f, L:/127.0.0.1:51641 - R:localhost/127.0.0.1:54001]
[INFO ] 2022-08-10 21:20:23.159 [main] Steps - url opened launced..
[DEBUG] Using pooled Channel '[id: 0x91ee2d5f, L:/127.0.0.1:51641 - R:localhost/127.0.0.1:54001]' for 'POST' to 'http://localhost:54001/session/4e6f6599390c26fc46498e0ee0db4b5c/element'
[DEBUG] Using open Channel [id: 0x91ee2d5f, L:/127.0.0.1:51641 - R:localhost/127.0.0.1:54001] for POST '/session/4e6f6599390c26fc46498e0ee0db4b5c/element'
[DEBUG] 

Request DefaultHttpRequest(decodeResult: success, version: HTTP/1.1)
POST /session/4e6f6599390c26fc46498e0ee0db4b5c/element HTTP/1.1
User-Agent: selenium/4.2.1 (java windows)
Content-Length: 50
Content-Type: application/json; charset=utf-8
host: localhost:54001
accept: */*

Response DefaultHttpResponse(decodeResult: success, version: HTTP/1.1)
HTTP/1.1 200 OK
Content-Type: application/json; charset=utf-8
cache-control: no-cache
content-length: 88

[DEBUG] Adding key: http://localhost:54001 for channel [id: 0x91ee2d5f, L:/127.0.0.1:51641 - R:localhost/127.0.0.1:54001]
[DEBUG] Using pooled Channel '[id: 0x91ee2d5f, L:/127.0.0.1:51641 - R:localhost/127.0.0.1:54001]' for 'POST' to 'http://localhost:54001/session/4e6f6599390c26fc46498e0ee0db4b5c/element/2c6ed7fd-6012-47f0-a4e0-27406fff722c/clear'
[DEBUG] Using open Channel [id: 0x91ee2d5f, L:/127.0.0.1:51641 - R:localhost/127.0.0.1:54001] for POST '/session/4e6f6599390c26fc46498e0ee0db4b5c/element/2c6ed7fd-6012-47f0-a4e0-27406fff722c/clear'
[DEBUG] 

Request DefaultHttpRequest(decodeResult: success, version: HTTP/1.1)
POST /session/4e6f6599390c26fc46498e0ee0db4b5c/element/2c6ed7fd-6012-47f0-a4e0-27406fff722c/clear HTTP/1.1
User-Agent: selenium/4.2.1 (java windows)
Content-Length: 50
Content-Type: application/json; charset=utf-8
host: localhost:54001
accept: */*

Response DefaultHttpResponse(decodeResult: success, version: HTTP/1.1)
HTTP/1.1 200 OK
Content-Type: application/json; charset=utf-8
cache-control: no-cache
content-length: 14

[DEBUG] Adding key: http://localhost:54001 for channel [id: 0x91ee2d5f, L:/127.0.0.1:51641 - R:localhost/127.0.0.1:54001]
[DEBUG] Using pooled Channel '[id: 0x91ee2d5f, L:/127.0.0.1:51641 - R:localhost/127.0.0.1:54001]' for 'POST' to 'http://localhost:54001/session/4e6f6599390c26fc46498e0ee0db4b5c/element'
[DEBUG] Using open Channel [id: 0x91ee2d5f, L:/127.0.0.1:51641 - R:localhost/127.0.0.1:54001] for POST '/session/4e6f6599390c26fc46498e0ee0db4b5c/element'
[DEBUG] 

Request DefaultHttpRequest(decodeResult: success, version: HTTP/1.1)
POST /session/4e6f6599390c26fc46498e0ee0db4b5c/element HTTP/1.1
User-Agent: selenium/4.2.1 (java windows)
Content-Length: 50
Content-Type: application/json; charset=utf-8
host: localhost:54001
accept: */*

Response DefaultHttpResponse(decodeResult: success, version: HTTP/1.1)
HTTP/1.1 200 OK
Content-Type: application/json; charset=utf-8
cache-control: no-cache
content-length: 88

[DEBUG] Adding key: http://localhost:54001 for channel [id: 0x91ee2d5f, L:/127.0.0.1:51641 - R:localhost/127.0.0.1:54001]
[DEBUG] Using pooled Channel '[id: 0x91ee2d5f, L:/127.0.0.1:51641 - R:localhost/127.0.0.1:54001]' for 'POST' to 'http://localhost:54001/session/4e6f6599390c26fc46498e0ee0db4b5c/element/2c6ed7fd-6012-47f0-a4e0-27406fff722c/value'
[DEBUG] Using open Channel [id: 0x91ee2d5f, L:/127.0.0.1:51641 - R:localhost/127.0.0.1:54001] for POST '/session/4e6f6599390c26fc46498e0ee0db4b5c/element/2c6ed7fd-6012-47f0-a4e0-27406fff722c/value'
[DEBUG] Entry count for : http://localhost:51642 : 1
[DEBUG] 

Request DefaultHttpRequest(decodeResult: success, version: HTTP/1.1)
POST /session/4e6f6599390c26fc46498e0ee0db4b5c/element/2c6ed7fd-6012-47f0-a4e0-27406fff722c/value HTTP/1.1
User-Agent: selenium/4.2.1 (java windows)
Content-Length: 271
Content-Type: application/json; charset=utf-8
host: localhost:54001
accept: */*

Response DefaultHttpResponse(decodeResult: success, version: HTTP/1.1)
HTTP/1.1 200 OK
Content-Type: application/json; charset=utf-8
cache-control: no-cache
content-length: 14

[DEBUG] Adding key: http://localhost:54001 for channel [id: 0x91ee2d5f, L:/127.0.0.1:51641 - R:localhost/127.0.0.1:54001]
[DEBUG] Using pooled Channel '[id: 0x91ee2d5f, L:/127.0.0.1:51641 - R:localhost/127.0.0.1:54001]' for 'POST' to 'http://localhost:54001/session/4e6f6599390c26fc46498e0ee0db4b5c/element'
[DEBUG] Using open Channel [id: 0x91ee2d5f, L:/127.0.0.1:51641 - R:localhost/127.0.0.1:54001] for POST '/session/4e6f6599390c26fc46498e0ee0db4b5c/element'
[DEBUG] 

Request DefaultHttpRequest(decodeResult: success, version: HTTP/1.1)
POST /session/4e6f6599390c26fc46498e0ee0db4b5c/element HTTP/1.1
User-Agent: selenium/4.2.1 (java windows)
Content-Length: 53
Content-Type: application/json; charset=utf-8
host: localhost:54001
accept: */*

Response DefaultHttpResponse(decodeResult: success, version: HTTP/1.1)
HTTP/1.1 200 OK
Content-Type: application/json; charset=utf-8
cache-control: no-cache
content-length: 88

[DEBUG] Adding key: http://localhost:54001 for channel [id: 0x91ee2d5f, L:/127.0.0.1:51641 - R:localhost/127.0.0.1:54001]
[DEBUG] Using pooled Channel '[id: 0x91ee2d5f, L:/127.0.0.1:51641 - R:localhost/127.0.0.1:54001]' for 'POST' to 'http://localhost:54001/session/4e6f6599390c26fc46498e0ee0db4b5c/element/33c03caf-88f1-45c8-8374-04eb17abe128/clear'
[DEBUG] Using open Channel [id: 0x91ee2d5f, L:/127.0.0.1:51641 - R:localhost/127.0.0.1:54001] for POST '/session/4e6f6599390c26fc46498e0ee0db4b5c/element/33c03caf-88f1-45c8-8374-04eb17abe128/clear'
[DEBUG] 

Request DefaultHttpRequest(decodeResult: success, version: HTTP/1.1)
POST /session/4e6f6599390c26fc46498e0ee0db4b5c/element/33c03caf-88f1-45c8-8374-04eb17abe128/clear HTTP/1.1
User-Agent: selenium/4.2.1 (java windows)
Content-Length: 50
Content-Type: application/json; charset=utf-8
host: localhost:54001
accept: */*

Response DefaultHttpResponse(decodeResult: success, version: HTTP/1.1)
HTTP/1.1 200 OK
Content-Type: application/json; charset=utf-8
cache-control: no-cache
content-length: 14

[DEBUG] Adding key: http://localhost:54001 for channel [id: 0x91ee2d5f, L:/127.0.0.1:51641 - R:localhost/127.0.0.1:54001]
[DEBUG] Using pooled Channel '[id: 0x91ee2d5f, L:/127.0.0.1:51641 - R:localhost/127.0.0.1:54001]' for 'POST' to 'http://localhost:54001/session/4e6f6599390c26fc46498e0ee0db4b5c/element'
[DEBUG] Using open Channel [id: 0x91ee2d5f, L:/127.0.0.1:51641 - R:localhost/127.0.0.1:54001] for POST '/session/4e6f6599390c26fc46498e0ee0db4b5c/element'
[DEBUG] 

Request DefaultHttpRequest(decodeResult: success, version: HTTP/1.1)
POST /session/4e6f6599390c26fc46498e0ee0db4b5c/element HTTP/1.1
User-Agent: selenium/4.2.1 (java windows)
Content-Length: 53
Content-Type: application/json; charset=utf-8
host: localhost:54001
accept: */*

Response DefaultHttpResponse(decodeResult: success, version: HTTP/1.1)
HTTP/1.1 200 OK
Content-Type: application/json; charset=utf-8
cache-control: no-cache
content-length: 88

[DEBUG] Adding key: http://localhost:54001 for channel [id: 0x91ee2d5f, L:/127.0.0.1:51641 - R:localhost/127.0.0.1:54001]
[DEBUG] Using pooled Channel '[id: 0x91ee2d5f, L:/127.0.0.1:51641 - R:localhost/127.0.0.1:54001]' for 'POST' to 'http://localhost:54001/session/4e6f6599390c26fc46498e0ee0db4b5c/element/33c03caf-88f1-45c8-8374-04eb17abe128/value'
[DEBUG] Using open Channel [id: 0x91ee2d5f, L:/127.0.0.1:51641 - R:localhost/127.0.0.1:54001] for POST '/session/4e6f6599390c26fc46498e0ee0db4b5c/element/33c03caf-88f1-45c8-8374-04eb17abe128/value'
[DEBUG] 

Request DefaultHttpRequest(decodeResult: success, version: HTTP/1.1)
POST /session/4e6f6599390c26fc46498e0ee0db4b5c/element/33c03caf-88f1-45c8-8374-04eb17abe128/value HTTP/1.1
User-Agent: selenium/4.2.1 (java windows)
Content-Length: 131
Content-Type: application/json; charset=utf-8
host: localhost:54001
accept: */*

Response DefaultHttpResponse(decodeResult: success, version: HTTP/1.1)
HTTP/1.1 200 OK
Content-Type: application/json; charset=utf-8
cache-control: no-cache
content-length: 14

[DEBUG] Adding key: http://localhost:54001 for channel [id: 0x91ee2d5f, L:/127.0.0.1:51641 - R:localhost/127.0.0.1:54001]
[INFO ] 2022-08-10 21:20:23.655 [main] Steps - email address and password entered
[DEBUG] Using pooled Channel '[id: 0x91ee2d5f, L:/127.0.0.1:51641 - R:localhost/127.0.0.1:54001]' for 'POST' to 'http://localhost:54001/session/4e6f6599390c26fc46498e0ee0db4b5c/element'
[DEBUG] Using open Channel [id: 0x91ee2d5f, L:/127.0.0.1:51641 - R:localhost/127.0.0.1:54001] for POST '/session/4e6f6599390c26fc46498e0ee0db4b5c/element'
[DEBUG] 

Request DefaultHttpRequest(decodeResult: success, version: HTTP/1.1)
POST /session/4e6f6599390c26fc46498e0ee0db4b5c/element HTTP/1.1
User-Agent: selenium/4.2.1 (java windows)
Content-Length: 87
Content-Type: application/json; charset=utf-8
host: localhost:54001
accept: */*

Response DefaultHttpResponse(decodeResult: success, version: HTTP/1.1)
HTTP/1.1 200 OK
Content-Type: application/json; charset=utf-8
cache-control: no-cache
content-length: 88

[DEBUG] Adding key: http://localhost:54001 for channel [id: 0x91ee2d5f, L:/127.0.0.1:51641 - R:localhost/127.0.0.1:54001]
[DEBUG] Using pooled Channel '[id: 0x91ee2d5f, L:/127.0.0.1:51641 - R:localhost/127.0.0.1:54001]' for 'POST' to 'http://localhost:54001/session/4e6f6599390c26fc46498e0ee0db4b5c/element/bcd4d815-d992-4a34-9ec8-3790c1b75436/click'
[DEBUG] Using open Channel [id: 0x91ee2d5f, L:/127.0.0.1:51641 - R:localhost/127.0.0.1:54001] for POST '/session/4e6f6599390c26fc46498e0ee0db4b5c/element/bcd4d815-d992-4a34-9ec8-3790c1b75436/click'
[DEBUG] Entry count for : http://localhost:51642 : 1
[DEBUG] Entry count for : http://localhost:51642 : 1
[DEBUG] Entry count for : http://localhost:51642 : 1
[DEBUG] Entry count for : http://localhost:51642 : 1
[DEBUG] 

Request DefaultHttpRequest(decodeResult: success, version: HTTP/1.1)
POST /session/4e6f6599390c26fc46498e0ee0db4b5c/element/bcd4d815-d992-4a34-9ec8-3790c1b75436/click HTTP/1.1
User-Agent: selenium/4.2.1 (java windows)
Content-Length: 50
Content-Type: application/json; charset=utf-8
host: localhost:54001
accept: */*

Response DefaultHttpResponse(decodeResult: success, version: HTTP/1.1)
HTTP/1.1 200 OK
Content-Type: application/json; charset=utf-8
cache-control: no-cache
content-length: 14

[DEBUG] Adding key: http://localhost:54001 for channel [id: 0x91ee2d5f, L:/127.0.0.1:51641 - R:localhost/127.0.0.1:54001]
[INFO ] 2022-08-10 21:20:28.532 [main] Steps - login button clicked
[DEBUG] Using pooled Channel '[id: 0x91ee2d5f, L:/127.0.0.1:51641 - R:localhost/127.0.0.1:54001]' for 'GET' to 'http://localhost:54001/session/4e6f6599390c26fc46498e0ee0db4b5c/title'
[DEBUG] Using open Channel [id: 0x91ee2d5f, L:/127.0.0.1:51641 - R:localhost/127.0.0.1:54001] for GET '/session/4e6f6599390c26fc46498e0ee0db4b5c/title'
[DEBUG] 

Request DefaultFullHttpRequest(decodeResult: success, version: HTTP/1.1, content: EmptyByteBufBE)
GET /session/4e6f6599390c26fc46498e0ee0db4b5c/title HTTP/1.1
User-Agent: selenium/4.2.1 (java windows)
Cache-Control: no-cache
Content-Type: application/json; charset=utf-8
host: localhost:54001
accept: */*

Response DefaultHttpResponse(decodeResult: success, version: HTTP/1.1)
HTTP/1.1 200 OK
Content-Type: application/json; charset=utf-8
cache-control: no-cache
content-length: 50

[DEBUG] Adding key: http://localhost:54001 for channel [id: 0x91ee2d5f, L:/127.0.0.1:51641 - R:localhost/127.0.0.1:54001]
[INFO ] 2022-08-10 21:20:28.553 [main] Steps - user can view dashboard test passed.
[DEBUG] Using pooled Channel '[id: 0x91ee2d5f, L:/127.0.0.1:51641 - R:localhost/127.0.0.1:54001]' for 'POST' to 'http://localhost:54001/session/4e6f6599390c26fc46498e0ee0db4b5c/element'
[DEBUG] Using open Channel [id: 0x91ee2d5f, L:/127.0.0.1:51641 - R:localhost/127.0.0.1:54001] for POST '/session/4e6f6599390c26fc46498e0ee0db4b5c/element'
[DEBUG] 

Request DefaultHttpRequest(decodeResult: success, version: HTTP/1.1)
POST /session/4e6f6599390c26fc46498e0ee0db4b5c/element HTTP/1.1
User-Agent: selenium/4.2.1 (java windows)
Content-Length: 104
Content-Type: application/json; charset=utf-8
host: localhost:54001
accept: */*

Response DefaultHttpResponse(decodeResult: success, version: HTTP/1.1)
HTTP/1.1 200 OK
Content-Type: application/json; charset=utf-8
cache-control: no-cache
content-length: 88

[DEBUG] Adding key: http://localhost:54001 for channel [id: 0x91ee2d5f, L:/127.0.0.1:51641 - R:localhost/127.0.0.1:54001]
[DEBUG] Using pooled Channel '[id: 0x91ee2d5f, L:/127.0.0.1:51641 - R:localhost/127.0.0.1:54001]' for 'POST' to 'http://localhost:54001/session/4e6f6599390c26fc46498e0ee0db4b5c/element/bc7509e5-843f-4424-ad2f-a3c75dc54d39/click'
[DEBUG] Using open Channel [id: 0x91ee2d5f, L:/127.0.0.1:51641 - R:localhost/127.0.0.1:54001] for POST '/session/4e6f6599390c26fc46498e0ee0db4b5c/element/bc7509e5-843f-4424-ad2f-a3c75dc54d39/click'
[DEBUG] 

Request DefaultHttpRequest(decodeResult: success, version: HTTP/1.1)
POST /session/4e6f6599390c26fc46498e0ee0db4b5c/element/bc7509e5-843f-4424-ad2f-a3c75dc54d39/click HTTP/1.1
User-Agent: selenium/4.2.1 (java windows)
Content-Length: 50
Content-Type: application/json; charset=utf-8
host: localhost:54001
accept: */*

Response DefaultHttpResponse(decodeResult: success, version: HTTP/1.1)
HTTP/1.1 200 OK
Content-Type: application/json; charset=utf-8
cache-control: no-cache
content-length: 14

[DEBUG] Adding key: http://localhost:54001 for channel [id: 0x91ee2d5f, L:/127.0.0.1:51641 - R:localhost/127.0.0.1:54001]
[INFO ] 2022-08-10 21:20:28.745 [main] Steps - user clicked on customer menu..
[DEBUG] Entry count for : http://localhost:54001 : 1
[DEBUG] Entry count for : http://localhost:51642 : 1
[DEBUG] Entry count for : http://localhost:54001 : 1
[DEBUG] Entry count for : http://localhost:51642 : 1
[DEBUG] Using pooled Channel '[id: 0x91ee2d5f, L:/127.0.0.1:51641 - R:localhost/127.0.0.1:54001]' for 'POST' to 'http://localhost:54001/session/4e6f6599390c26fc46498e0ee0db4b5c/element'
[DEBUG] Using open Channel [id: 0x91ee2d5f, L:/127.0.0.1:51641 - R:localhost/127.0.0.1:54001] for POST '/session/4e6f6599390c26fc46498e0ee0db4b5c/element'
[DEBUG] 

Request DefaultHttpRequest(decodeResult: success, version: HTTP/1.1)
POST /session/4e6f6599390c26fc46498e0ee0db4b5c/element HTTP/1.1
User-Agent: selenium/4.2.1 (java windows)
Content-Length: 138
Content-Type: application/json; charset=utf-8
host: localhost:54001
accept: */*

Response DefaultHttpResponse(decodeResult: success, version: HTTP/1.1)
HTTP/1.1 200 OK
Content-Type: application/json; charset=utf-8
cache-control: no-cache
content-length: 88

[DEBUG] Adding key: http://localhost:54001 for channel [id: 0x91ee2d5f, L:/127.0.0.1:51641 - R:localhost/127.0.0.1:54001]
[DEBUG] Using pooled Channel '[id: 0x91ee2d5f, L:/127.0.0.1:51641 - R:localhost/127.0.0.1:54001]' for 'POST' to 'http://localhost:54001/session/4e6f6599390c26fc46498e0ee0db4b5c/element/af61e508-70f1-4f60-b5b6-944704aa7b84/click'
[DEBUG] Using open Channel [id: 0x91ee2d5f, L:/127.0.0.1:51641 - R:localhost/127.0.0.1:54001] for POST '/session/4e6f6599390c26fc46498e0ee0db4b5c/element/af61e508-70f1-4f60-b5b6-944704aa7b84/click'
[DEBUG] Entry count for : http://localhost:51642 : 1
[DEBUG] Entry count for : http://localhost:51642 : 1
[DEBUG] 

Request DefaultHttpRequest(decodeResult: success, version: HTTP/1.1)
POST /session/4e6f6599390c26fc46498e0ee0db4b5c/element/af61e508-70f1-4f60-b5b6-944704aa7b84/click HTTP/1.1
User-Agent: selenium/4.2.1 (java windows)
Content-Length: 50
Content-Type: application/json; charset=utf-8
host: localhost:54001
accept: */*

Response DefaultHttpResponse(decodeResult: success, version: HTTP/1.1)
HTTP/1.1 200 OK
Content-Type: application/json; charset=utf-8
cache-control: no-cache
content-length: 14

[DEBUG] Adding key: http://localhost:54001 for channel [id: 0x91ee2d5f, L:/127.0.0.1:51641 - R:localhost/127.0.0.1:54001]
[INFO ] 2022-08-10 21:20:33.275 [main] Steps - user clicked on customer menu..
[DEBUG] Using pooled Channel '[id: 0x91ee2d5f, L:/127.0.0.1:51641 - R:localhost/127.0.0.1:54001]' for 'POST' to 'http://localhost:54001/session/4e6f6599390c26fc46498e0ee0db4b5c/element'
[DEBUG] Using open Channel [id: 0x91ee2d5f, L:/127.0.0.1:51641 - R:localhost/127.0.0.1:54001] for POST '/session/4e6f6599390c26fc46498e0ee0db4b5c/element'
[DEBUG] Entry count for : http://localhost:51642 : 1
[DEBUG] 

Request DefaultHttpRequest(decodeResult: success, version: HTTP/1.1)
POST /session/4e6f6599390c26fc46498e0ee0db4b5c/element HTTP/1.1
User-Agent: selenium/4.2.1 (java windows)
Content-Length: 76
Content-Type: application/json; charset=utf-8
host: localhost:54001
accept: */*

Response DefaultHttpResponse(decodeResult: success, version: HTTP/1.1)
HTTP/1.1 200 OK
Content-Type: application/json; charset=utf-8
cache-control: no-cache
content-length: 88

[DEBUG] Adding key: http://localhost:54001 for channel [id: 0x91ee2d5f, L:/127.0.0.1:51641 - R:localhost/127.0.0.1:54001]
[DEBUG] Using pooled Channel '[id: 0x91ee2d5f, L:/127.0.0.1:51641 - R:localhost/127.0.0.1:54001]' for 'POST' to 'http://localhost:54001/session/4e6f6599390c26fc46498e0ee0db4b5c/element/7646b9aa-8dee-4cc8-a250-45e061fb1741/click'
[DEBUG] Using open Channel [id: 0x91ee2d5f, L:/127.0.0.1:51641 - R:localhost/127.0.0.1:54001] for POST '/session/4e6f6599390c26fc46498e0ee0db4b5c/element/7646b9aa-8dee-4cc8-a250-45e061fb1741/click'
[DEBUG] Entry count for : http://localhost:51642 : 1
[DEBUG] Entry count for : http://localhost:51642 : 1
[DEBUG] Entry count for : http://localhost:51642 : 1
[DEBUG] 

Request DefaultHttpRequest(decodeResult: success, version: HTTP/1.1)
POST /session/4e6f6599390c26fc46498e0ee0db4b5c/element/7646b9aa-8dee-4cc8-a250-45e061fb1741/click HTTP/1.1
User-Agent: selenium/4.2.1 (java windows)
Content-Length: 50
Content-Type: application/json; charset=utf-8
host: localhost:54001
accept: */*

Response DefaultHttpResponse(decodeResult: success, version: HTTP/1.1)
HTTP/1.1 200 OK
Content-Type: application/json; charset=utf-8
cache-control: no-cache
content-length: 14

[DEBUG] Adding key: http://localhost:54001 for channel [id: 0x91ee2d5f, L:/127.0.0.1:51641 - R:localhost/127.0.0.1:54001]
[INFO ] 2022-08-10 21:20:37.524 [main] Steps - user clicked add new button..
[DEBUG] Using pooled Channel '[id: 0x91ee2d5f, L:/127.0.0.1:51641 - R:localhost/127.0.0.1:54001]' for 'GET' to 'http://localhost:54001/session/4e6f6599390c26fc46498e0ee0db4b5c/title'
[DEBUG] Using open Channel [id: 0x91ee2d5f, L:/127.0.0.1:51641 - R:localhost/127.0.0.1:54001] for GET '/session/4e6f6599390c26fc46498e0ee0db4b5c/title'
[DEBUG] 

Request DefaultFullHttpRequest(decodeResult: success, version: HTTP/1.1, content: EmptyByteBufBE)
GET /session/4e6f6599390c26fc46498e0ee0db4b5c/title HTTP/1.1
User-Agent: selenium/4.2.1 (java windows)
Cache-Control: no-cache
Content-Type: application/json; charset=utf-8
host: localhost:54001
accept: */*

Response DefaultHttpResponse(decodeResult: success, version: HTTP/1.1)
HTTP/1.1 200 OK
Content-Type: application/json; charset=utf-8
cache-control: no-cache
content-length: 59

[DEBUG] Adding key: http://localhost:54001 for channel [id: 0x91ee2d5f, L:/127.0.0.1:51641 - R:localhost/127.0.0.1:54001]
[INFO ] 2022-08-10 21:20:37.545 [main] Steps - User can view Add new customer page- passed
[DEBUG] Using pooled Channel '[id: 0x91ee2d5f, L:/127.0.0.1:51641 - R:localhost/127.0.0.1:54001]' for 'POST' to 'http://localhost:54001/session/4e6f6599390c26fc46498e0ee0db4b5c/element'
[DEBUG] Using open Channel [id: 0x91ee2d5f, L:/127.0.0.1:51641 - R:localhost/127.0.0.1:54001] for POST '/session/4e6f6599390c26fc46498e0ee0db4b5c/element'
[DEBUG] 

Request DefaultHttpRequest(decodeResult: success, version: HTTP/1.1)
POST /session/4e6f6599390c26fc46498e0ee0db4b5c/element HTTP/1.1
User-Agent: selenium/4.2.1 (java windows)
Content-Length: 67
Content-Type: application/json; charset=utf-8
host: localhost:54001
accept: */*

Response DefaultHttpResponse(decodeResult: success, version: HTTP/1.1)
HTTP/1.1 200 OK
Content-Type: application/json; charset=utf-8
cache-control: no-cache
content-length: 88

[DEBUG] Adding key: http://localhost:54001 for channel [id: 0x91ee2d5f, L:/127.0.0.1:51641 - R:localhost/127.0.0.1:54001]
[DEBUG] Using pooled Channel '[id: 0x91ee2d5f, L:/127.0.0.1:51641 - R:localhost/127.0.0.1:54001]' for 'POST' to 'http://localhost:54001/session/4e6f6599390c26fc46498e0ee0db4b5c/element/24011274-c650-4232-8283-f63ece6af3f1/value'
[DEBUG] Using open Channel [id: 0x91ee2d5f, L:/127.0.0.1:51641 - R:localhost/127.0.0.1:54001] for POST '/session/4e6f6599390c26fc46498e0ee0db4b5c/element/24011274-c650-4232-8283-f63ece6af3f1/value'
[DEBUG] Entry count for : http://localhost:51642 : 1
[DEBUG] 

Request DefaultHttpRequest(decodeResult: success, version: HTTP/1.1)
POST /session/4e6f6599390c26fc46498e0ee0db4b5c/element/24011274-c650-4232-8283-f63ece6af3f1/value HTTP/1.1
User-Agent: selenium/4.2.1 (java windows)
Content-Length: 231
Content-Type: application/json; charset=utf-8
host: localhost:54001
accept: */*

Response DefaultHttpResponse(decodeResult: success, version: HTTP/1.1)
HTTP/1.1 200 OK
Content-Type: application/json; charset=utf-8
cache-control: no-cache
content-length: 14

[DEBUG] Adding key: http://localhost:54001 for channel [id: 0x91ee2d5f, L:/127.0.0.1:51641 - R:localhost/127.0.0.1:54001]
[DEBUG] Using pooled Channel '[id: 0x91ee2d5f, L:/127.0.0.1:51641 - R:localhost/127.0.0.1:54001]' for 'POST' to 'http://localhost:54001/session/4e6f6599390c26fc46498e0ee0db4b5c/element'
[DEBUG] Using open Channel [id: 0x91ee2d5f, L:/127.0.0.1:51641 - R:localhost/127.0.0.1:54001] for POST '/session/4e6f6599390c26fc46498e0ee0db4b5c/element'
[DEBUG] 

Request DefaultHttpRequest(decodeResult: success, version: HTTP/1.1)
POST /session/4e6f6599390c26fc46498e0ee0db4b5c/element HTTP/1.1
User-Agent: selenium/4.2.1 (java windows)
Content-Length: 70
Content-Type: application/json; charset=utf-8
host: localhost:54001
accept: */*

Response DefaultHttpResponse(decodeResult: success, version: HTTP/1.1)
HTTP/1.1 200 OK
Content-Type: application/json; charset=utf-8
cache-control: no-cache
content-length: 88

[DEBUG] Adding key: http://localhost:54001 for channel [id: 0x91ee2d5f, L:/127.0.0.1:51641 - R:localhost/127.0.0.1:54001]
[DEBUG] Using pooled Channel '[id: 0x91ee2d5f, L:/127.0.0.1:51641 - R:localhost/127.0.0.1:54001]' for 'POST' to 'http://localhost:54001/session/4e6f6599390c26fc46498e0ee0db4b5c/element/9b9922fa-1c41-4ef1-870c-51d191e27287/value'
[DEBUG] Using open Channel [id: 0x91ee2d5f, L:/127.0.0.1:51641 - R:localhost/127.0.0.1:54001] for POST '/session/4e6f6599390c26fc46498e0ee0db4b5c/element/9b9922fa-1c41-4ef1-870c-51d191e27287/value'
[DEBUG] 

Request DefaultHttpRequest(decodeResult: success, version: HTTP/1.1)
POST /session/4e6f6599390c26fc46498e0ee0db4b5c/element/9b9922fa-1c41-4ef1-870c-51d191e27287/value HTTP/1.1
User-Agent: selenium/4.2.1 (java windows)
Content-Length: 131
Content-Type: application/json; charset=utf-8
host: localhost:54001
accept: */*

Response DefaultHttpResponse(decodeResult: success, version: HTTP/1.1)
HTTP/1.1 200 OK
Content-Type: application/json; charset=utf-8
cache-control: no-cache
content-length: 14

[DEBUG] Adding key: http://localhost:54001 for channel [id: 0x91ee2d5f, L:/127.0.0.1:51641 - R:localhost/127.0.0.1:54001]
[DEBUG] Using pooled Channel '[id: 0x91ee2d5f, L:/127.0.0.1:51641 - R:localhost/127.0.0.1:54001]' for 'POST' to 'http://localhost:54001/session/4e6f6599390c26fc46498e0ee0db4b5c/element'
[DEBUG] Using open Channel [id: 0x91ee2d5f, L:/127.0.0.1:51641 - R:localhost/127.0.0.1:54001] for POST '/session/4e6f6599390c26fc46498e0ee0db4b5c/element'
[DEBUG] 

Request DefaultHttpRequest(decodeResult: success, version: HTTP/1.1)
POST /session/4e6f6599390c26fc46498e0ee0db4b5c/element HTTP/1.1
User-Agent: selenium/4.2.1 (java windows)
Content-Length: 71
Content-Type: application/json; charset=utf-8
host: localhost:54001
accept: */*

Response DefaultHttpResponse(decodeResult: success, version: HTTP/1.1)
HTTP/1.1 200 OK
Content-Type: application/json; charset=utf-8
cache-control: no-cache
content-length: 88

[DEBUG] Adding key: http://localhost:54001 for channel [id: 0x91ee2d5f, L:/127.0.0.1:51641 - R:localhost/127.0.0.1:54001]
[DEBUG] Using pooled Channel '[id: 0x91ee2d5f, L:/127.0.0.1:51641 - R:localhost/127.0.0.1:54001]' for 'POST' to 'http://localhost:54001/session/4e6f6599390c26fc46498e0ee0db4b5c/element/927f0560-c2ea-489b-aed5-83d0385324e9/value'
[DEBUG] Using open Channel [id: 0x91ee2d5f, L:/127.0.0.1:51641 - R:localhost/127.0.0.1:54001] for POST '/session/4e6f6599390c26fc46498e0ee0db4b5c/element/927f0560-c2ea-489b-aed5-83d0385324e9/value'
[DEBUG] 

Request DefaultHttpRequest(decodeResult: success, version: HTTP/1.1)
POST /session/4e6f6599390c26fc46498e0ee0db4b5c/element/927f0560-c2ea-489b-aed5-83d0385324e9/value HTTP/1.1
User-Agent: selenium/4.2.1 (java windows)
Content-Length: 141
Content-Type: application/json; charset=utf-8
host: localhost:54001
accept: */*

Response DefaultHttpResponse(decodeResult: success, version: HTTP/1.1)
HTTP/1.1 200 OK
Content-Type: application/json; charset=utf-8
cache-control: no-cache
content-length: 14

[DEBUG] Adding key: http://localhost:54001 for channel [id: 0x91ee2d5f, L:/127.0.0.1:51641 - R:localhost/127.0.0.1:54001]
[DEBUG] Using pooled Channel '[id: 0x91ee2d5f, L:/127.0.0.1:51641 - R:localhost/127.0.0.1:54001]' for 'POST' to 'http://localhost:54001/session/4e6f6599390c26fc46498e0ee0db4b5c/element'
[DEBUG] Using open Channel [id: 0x91ee2d5f, L:/127.0.0.1:51641 - R:localhost/127.0.0.1:54001] for POST '/session/4e6f6599390c26fc46498e0ee0db4b5c/element'
[DEBUG] 

Request DefaultHttpRequest(decodeResult: success, version: HTTP/1.1)
POST /session/4e6f6599390c26fc46498e0ee0db4b5c/element HTTP/1.1
User-Agent: selenium/4.2.1 (java windows)
Content-Length: 70
Content-Type: application/json; charset=utf-8
host: localhost:54001
accept: */*

Response DefaultHttpResponse(decodeResult: success, version: HTTP/1.1)
HTTP/1.1 200 OK
Content-Type: application/json; charset=utf-8
cache-control: no-cache
content-length: 88

[DEBUG] Adding key: http://localhost:54001 for channel [id: 0x91ee2d5f, L:/127.0.0.1:51641 - R:localhost/127.0.0.1:54001]
[DEBUG] Using pooled Channel '[id: 0x91ee2d5f, L:/127.0.0.1:51641 - R:localhost/127.0.0.1:54001]' for 'POST' to 'http://localhost:54001/session/4e6f6599390c26fc46498e0ee0db4b5c/element/f47d8293-f11e-4b67-b020-4bc39ea58cb7/value'
[DEBUG] Using open Channel [id: 0x91ee2d5f, L:/127.0.0.1:51641 - R:localhost/127.0.0.1:54001] for POST '/session/4e6f6599390c26fc46498e0ee0db4b5c/element/f47d8293-f11e-4b67-b020-4bc39ea58cb7/value'
[DEBUG] 

Request DefaultHttpRequest(decodeResult: success, version: HTTP/1.1)
POST /session/4e6f6599390c26fc46498e0ee0db4b5c/element/f47d8293-f11e-4b67-b020-4bc39ea58cb7/value HTTP/1.1
User-Agent: selenium/4.2.1 (java windows)
Content-Length: 131
Content-Type: application/json; charset=utf-8
host: localhost:54001
accept: */*

Response DefaultHttpResponse(decodeResult: success, version: HTTP/1.1)
HTTP/1.1 200 OK
Content-Type: application/json; charset=utf-8
cache-control: no-cache
content-length: 14

[DEBUG] Adding key: http://localhost:54001 for channel [id: 0x91ee2d5f, L:/127.0.0.1:51641 - R:localhost/127.0.0.1:54001]
[DEBUG] Using pooled Channel '[id: 0x91ee2d5f, L:/127.0.0.1:51641 - R:localhost/127.0.0.1:54001]' for 'POST' to 'http://localhost:54001/session/4e6f6599390c26fc46498e0ee0db4b5c/element'
[DEBUG] Using open Channel [id: 0x91ee2d5f, L:/127.0.0.1:51641 - R:localhost/127.0.0.1:54001] for POST '/session/4e6f6599390c26fc46498e0ee0db4b5c/element'
[DEBUG] 

Request DefaultHttpRequest(decodeResult: success, version: HTTP/1.1)
POST /session/4e6f6599390c26fc46498e0ee0db4b5c/element HTTP/1.1
User-Agent: selenium/4.2.1 (java windows)
Content-Length: 58
Content-Type: application/json; charset=utf-8
host: localhost:54001
accept: */*

Response DefaultHttpResponse(decodeResult: success, version: HTTP/1.1)
HTTP/1.1 200 OK
Content-Type: application/json; charset=utf-8
cache-control: no-cache
content-length: 88

[DEBUG] Adding key: http://localhost:54001 for channel [id: 0x91ee2d5f, L:/127.0.0.1:51641 - R:localhost/127.0.0.1:54001]
[DEBUG] Using pooled Channel '[id: 0x91ee2d5f, L:/127.0.0.1:51641 - R:localhost/127.0.0.1:54001]' for 'POST' to 'http://localhost:54001/session/4e6f6599390c26fc46498e0ee0db4b5c/element/50f18c6a-76ce-44b7-a983-056e7dcd4100/click'
[DEBUG] Using open Channel [id: 0x91ee2d5f, L:/127.0.0.1:51641 - R:localhost/127.0.0.1:54001] for POST '/session/4e6f6599390c26fc46498e0ee0db4b5c/element/50f18c6a-76ce-44b7-a983-056e7dcd4100/click'
[DEBUG] 

Request DefaultHttpRequest(decodeResult: success, version: HTTP/1.1)
POST /session/4e6f6599390c26fc46498e0ee0db4b5c/element/50f18c6a-76ce-44b7-a983-056e7dcd4100/click HTTP/1.1
User-Agent: selenium/4.2.1 (java windows)
Content-Length: 50
Content-Type: application/json; charset=utf-8
host: localhost:54001
accept: */*

Response DefaultHttpResponse(decodeResult: success, version: HTTP/1.1)
HTTP/1.1 200 OK
Content-Type: application/json; charset=utf-8
cache-control: no-cache
content-length: 14

[DEBUG] Adding key: http://localhost:54001 for channel [id: 0x91ee2d5f, L:/127.0.0.1:51641 - R:localhost/127.0.0.1:54001]
[DEBUG] Using pooled Channel '[id: 0x91ee2d5f, L:/127.0.0.1:51641 - R:localhost/127.0.0.1:54001]' for 'POST' to 'http://localhost:54001/session/4e6f6599390c26fc46498e0ee0db4b5c/element'
[DEBUG] Using open Channel [id: 0x91ee2d5f, L:/127.0.0.1:51641 - R:localhost/127.0.0.1:54001] for POST '/session/4e6f6599390c26fc46498e0ee0db4b5c/element'
[DEBUG] 

Request DefaultHttpRequest(decodeResult: success, version: HTTP/1.1)
POST /session/4e6f6599390c26fc46498e0ee0db4b5c/element HTTP/1.1
User-Agent: selenium/4.2.1 (java windows)
Content-Length: 73
Content-Type: application/json; charset=utf-8
host: localhost:54001
accept: */*

Response DefaultHttpResponse(decodeResult: success, version: HTTP/1.1)
HTTP/1.1 200 OK
Content-Type: application/json; charset=utf-8
cache-control: no-cache
content-length: 88

[DEBUG] Adding key: http://localhost:54001 for channel [id: 0x91ee2d5f, L:/127.0.0.1:51641 - R:localhost/127.0.0.1:54001]
[DEBUG] Using pooled Channel '[id: 0x91ee2d5f, L:/127.0.0.1:51641 - R:localhost/127.0.0.1:54001]' for 'POST' to 'http://localhost:54001/session/4e6f6599390c26fc46498e0ee0db4b5c/element/b89801ac-a166-4dc3-a2e9-fb0f1e70d070/value'
[DEBUG] Using open Channel [id: 0x91ee2d5f, L:/127.0.0.1:51641 - R:localhost/127.0.0.1:54001] for POST '/session/4e6f6599390c26fc46498e0ee0db4b5c/element/b89801ac-a166-4dc3-a2e9-fb0f1e70d070/value'
[DEBUG] 

Request DefaultHttpRequest(decodeResult: success, version: HTTP/1.1)
POST /session/4e6f6599390c26fc46498e0ee0db4b5c/element/b89801ac-a166-4dc3-a2e9-fb0f1e70d070/value HTTP/1.1
User-Agent: selenium/4.2.1 (java windows)
Content-Length: 191
Content-Type: application/json; charset=utf-8
host: localhost:54001
accept: */*

Response DefaultHttpResponse(decodeResult: success, version: HTTP/1.1)
HTTP/1.1 200 OK
Content-Type: application/json; charset=utf-8
cache-control: no-cache
content-length: 14

[DEBUG] Adding key: http://localhost:54001 for channel [id: 0x91ee2d5f, L:/127.0.0.1:51641 - R:localhost/127.0.0.1:54001]
[DEBUG] Using pooled Channel '[id: 0x91ee2d5f, L:/127.0.0.1:51641 - R:localhost/127.0.0.1:54001]' for 'POST' to 'http://localhost:54001/session/4e6f6599390c26fc46498e0ee0db4b5c/element'
[DEBUG] Using open Channel [id: 0x91ee2d5f, L:/127.0.0.1:51641 - R:localhost/127.0.0.1:54001] for POST '/session/4e6f6599390c26fc46498e0ee0db4b5c/element'
[DEBUG] 

Request DefaultHttpRequest(decodeResult: success, version: HTTP/1.1)
POST /session/4e6f6599390c26fc46498e0ee0db4b5c/element HTTP/1.1
User-Agent: selenium/4.2.1 (java windows)
Content-Length: 69
Content-Type: application/json; charset=utf-8
host: localhost:54001
accept: */*

Response DefaultHttpResponse(decodeResult: success, version: HTTP/1.1)
HTTP/1.1 200 OK
Content-Type: application/json; charset=utf-8
cache-control: no-cache
content-length: 88

[DEBUG] Adding key: http://localhost:54001 for channel [id: 0x91ee2d5f, L:/127.0.0.1:51641 - R:localhost/127.0.0.1:54001]
[DEBUG] Using pooled Channel '[id: 0x91ee2d5f, L:/127.0.0.1:51641 - R:localhost/127.0.0.1:54001]' for 'POST' to 'http://localhost:54001/session/4e6f6599390c26fc46498e0ee0db4b5c/element/b17d66c7-8aa8-4afc-9446-55adc7e10208/value'
[DEBUG] Using open Channel [id: 0x91ee2d5f, L:/127.0.0.1:51641 - R:localhost/127.0.0.1:54001] for POST '/session/4e6f6599390c26fc46498e0ee0db4b5c/element/b17d66c7-8aa8-4afc-9446-55adc7e10208/value'
[DEBUG] 

Request DefaultHttpRequest(decodeResult: success, version: HTTP/1.1)
POST /session/4e6f6599390c26fc46498e0ee0db4b5c/element/b17d66c7-8aa8-4afc-9446-55adc7e10208/value HTTP/1.1
User-Agent: selenium/4.2.1 (java windows)
Content-Length: 181
Content-Type: application/json; charset=utf-8
host: localhost:54001
accept: */*

Response DefaultHttpResponse(decodeResult: success, version: HTTP/1.1)
HTTP/1.1 200 OK
Content-Type: application/json; charset=utf-8
cache-control: no-cache
content-length: 14

[DEBUG] Adding key: http://localhost:54001 for channel [id: 0x91ee2d5f, L:/127.0.0.1:51641 - R:localhost/127.0.0.1:54001]
[DEBUG] Using pooled Channel '[id: 0x91ee2d5f, L:/127.0.0.1:51641 - R:localhost/127.0.0.1:54001]' for 'POST' to 'http://localhost:54001/session/4e6f6599390c26fc46498e0ee0db4b5c/element'
[DEBUG] Using open Channel [id: 0x91ee2d5f, L:/127.0.0.1:51641 - R:localhost/127.0.0.1:54001] for POST '/session/4e6f6599390c26fc46498e0ee0db4b5c/element'
[DEBUG] 

Request DefaultHttpRequest(decodeResult: success, version: HTTP/1.1)
POST /session/4e6f6599390c26fc46498e0ee0db4b5c/element HTTP/1.1
User-Agent: selenium/4.2.1 (java windows)
Content-Length: 77
Content-Type: application/json; charset=utf-8
host: localhost:54001
accept: */*

Response DefaultHttpResponse(decodeResult: success, version: HTTP/1.1)
HTTP/1.1 200 OK
Content-Type: application/json; charset=utf-8
cache-control: no-cache
content-length: 88

[DEBUG] Adding key: http://localhost:54001 for channel [id: 0x91ee2d5f, L:/127.0.0.1:51641 - R:localhost/127.0.0.1:54001]
[DEBUG] Using pooled Channel '[id: 0x91ee2d5f, L:/127.0.0.1:51641 - R:localhost/127.0.0.1:54001]' for 'POST' to 'http://localhost:54001/session/4e6f6599390c26fc46498e0ee0db4b5c/element/b0673b4e-02d7-4e65-87f2-77fb770f2902/value'
[DEBUG] Using open Channel [id: 0x91ee2d5f, L:/127.0.0.1:51641 - R:localhost/127.0.0.1:54001] for POST '/session/4e6f6599390c26fc46498e0ee0db4b5c/element/b0673b4e-02d7-4e65-87f2-77fb770f2902/value'
[DEBUG] Entry count for : http://localhost:51642 : 1
[DEBUG] 

Request DefaultHttpRequest(decodeResult: success, version: HTTP/1.1)
POST /session/4e6f6599390c26fc46498e0ee0db4b5c/element/b0673b4e-02d7-4e65-87f2-77fb770f2902/value HTTP/1.1
User-Agent: selenium/4.2.1 (java windows)
Content-Length: 211
Content-Type: application/json; charset=utf-8
host: localhost:54001
accept: */*

Response DefaultHttpResponse(decodeResult: success, version: HTTP/1.1)
HTTP/1.1 200 OK
Content-Type: application/json; charset=utf-8
cache-control: no-cache
content-length: 14

[DEBUG] Adding key: http://localhost:54001 for channel [id: 0x91ee2d5f, L:/127.0.0.1:51641 - R:localhost/127.0.0.1:54001]
[DEBUG] Using pooled Channel '[id: 0x91ee2d5f, L:/127.0.0.1:51641 - R:localhost/127.0.0.1:54001]' for 'POST' to 'http://localhost:54001/session/4e6f6599390c26fc46498e0ee0db4b5c/element'
[DEBUG] Using open Channel [id: 0x91ee2d5f, L:/127.0.0.1:51641 - R:localhost/127.0.0.1:54001] for POST '/session/4e6f6599390c26fc46498e0ee0db4b5c/element'
[DEBUG] 

Request DefaultHttpRequest(decodeResult: success, version: HTTP/1.1)
POST /session/4e6f6599390c26fc46498e0ee0db4b5c/element HTTP/1.1
User-Agent: selenium/4.2.1 (java windows)
Content-Length: 66
Content-Type: application/json; charset=utf-8
host: localhost:54001
accept: */*

Response DefaultHttpResponse(decodeResult: success, version: HTTP/1.1)
HTTP/1.1 200 OK
Content-Type: application/json; charset=utf-8
cache-control: no-cache
content-length: 88

[DEBUG] Adding key: http://localhost:54001 for channel [id: 0x91ee2d5f, L:/127.0.0.1:51641 - R:localhost/127.0.0.1:54001]
[DEBUG] Using pooled Channel '[id: 0x91ee2d5f, L:/127.0.0.1:51641 - R:localhost/127.0.0.1:54001]' for 'GET' to 'http://localhost:54001/session/4e6f6599390c26fc46498e0ee0db4b5c/element/9c4e463c-70de-4a8e-8fc7-8ddd72da8767/name'
[DEBUG] Using open Channel [id: 0x91ee2d5f, L:/127.0.0.1:51641 - R:localhost/127.0.0.1:54001] for GET '/session/4e6f6599390c26fc46498e0ee0db4b5c/element/9c4e463c-70de-4a8e-8fc7-8ddd72da8767/name'
[DEBUG] 

Request DefaultFullHttpRequest(decodeResult: success, version: HTTP/1.1, content: EmptyByteBufBE)
GET /session/4e6f6599390c26fc46498e0ee0db4b5c/element/9c4e463c-70de-4a8e-8fc7-8ddd72da8767/name HTTP/1.1
User-Agent: selenium/4.2.1 (java windows)
Cache-Control: no-cache
Content-Type: application/json; charset=utf-8
host: localhost:54001
accept: */*

Response DefaultHttpResponse(decodeResult: success, version: HTTP/1.1)
HTTP/1.1 200 OK
Content-Type: application/json; charset=utf-8
cache-control: no-cache
content-length: 18

[DEBUG] Adding key: http://localhost:54001 for channel [id: 0x91ee2d5f, L:/127.0.0.1:51641 - R:localhost/127.0.0.1:54001]
[DEBUG] Using pooled Channel '[id: 0x91ee2d5f, L:/127.0.0.1:51641 - R:localhost/127.0.0.1:54001]' for 'POST' to 'http://localhost:54001/session/4e6f6599390c26fc46498e0ee0db4b5c/element'
[DEBUG] Using open Channel [id: 0x91ee2d5f, L:/127.0.0.1:51641 - R:localhost/127.0.0.1:54001] for POST '/session/4e6f6599390c26fc46498e0ee0db4b5c/element'
[DEBUG] 

Request DefaultHttpRequest(decodeResult: success, version: HTTP/1.1)
POST /session/4e6f6599390c26fc46498e0ee0db4b5c/element HTTP/1.1
User-Agent: selenium/4.2.1 (java windows)
Content-Length: 66
Content-Type: application/json; charset=utf-8
host: localhost:54001
accept: */*

Response DefaultHttpResponse(decodeResult: success, version: HTTP/1.1)
HTTP/1.1 200 OK
Content-Type: application/json; charset=utf-8
cache-control: no-cache
content-length: 88

[DEBUG] Adding key: http://localhost:54001 for channel [id: 0x91ee2d5f, L:/127.0.0.1:51641 - R:localhost/127.0.0.1:54001]
[DEBUG] Using pooled Channel '[id: 0x91ee2d5f, L:/127.0.0.1:51641 - R:localhost/127.0.0.1:54001]' for 'GET' to 'http://localhost:54001/session/4e6f6599390c26fc46498e0ee0db4b5c/element/9c4e463c-70de-4a8e-8fc7-8ddd72da8767/attribute/multiple'
[DEBUG] Using open Channel [id: 0x91ee2d5f, L:/127.0.0.1:51641 - R:localhost/127.0.0.1:54001] for GET '/session/4e6f6599390c26fc46498e0ee0db4b5c/element/9c4e463c-70de-4a8e-8fc7-8ddd72da8767/attribute/multiple'
[DEBUG] 

Request DefaultFullHttpRequest(decodeResult: success, version: HTTP/1.1, content: EmptyByteBufBE)
GET /session/4e6f6599390c26fc46498e0ee0db4b5c/element/9c4e463c-70de-4a8e-8fc7-8ddd72da8767/attribute/multiple HTTP/1.1
User-Agent: selenium/4.2.1 (java windows)
Cache-Control: no-cache
Content-Type: application/json; charset=utf-8
host: localhost:54001
accept: */*

Response DefaultHttpResponse(decodeResult: success, version: HTTP/1.1)
HTTP/1.1 200 OK
Content-Type: application/json; charset=utf-8
cache-control: no-cache
content-length: 14

[DEBUG] Adding key: http://localhost:54001 for channel [id: 0x91ee2d5f, L:/127.0.0.1:51641 - R:localhost/127.0.0.1:54001]
[DEBUG] Using pooled Channel '[id: 0x91ee2d5f, L:/127.0.0.1:51641 - R:localhost/127.0.0.1:54001]' for 'POST' to 'http://localhost:54001/session/4e6f6599390c26fc46498e0ee0db4b5c/element'
[DEBUG] Using open Channel [id: 0x91ee2d5f, L:/127.0.0.1:51641 - R:localhost/127.0.0.1:54001] for POST '/session/4e6f6599390c26fc46498e0ee0db4b5c/element'
[DEBUG] 

Request DefaultHttpRequest(decodeResult: success, version: HTTP/1.1)
POST /session/4e6f6599390c26fc46498e0ee0db4b5c/element HTTP/1.1
User-Agent: selenium/4.2.1 (java windows)
Content-Length: 66
Content-Type: application/json; charset=utf-8
host: localhost:54001
accept: */*

Response DefaultHttpResponse(decodeResult: success, version: HTTP/1.1)
HTTP/1.1 200 OK
Content-Type: application/json; charset=utf-8
cache-control: no-cache
content-length: 88

[DEBUG] Adding key: http://localhost:54001 for channel [id: 0x91ee2d5f, L:/127.0.0.1:51641 - R:localhost/127.0.0.1:54001]
[DEBUG] Using pooled Channel '[id: 0x91ee2d5f, L:/127.0.0.1:51641 - R:localhost/127.0.0.1:54001]' for 'POST' to 'http://localhost:54001/session/4e6f6599390c26fc46498e0ee0db4b5c/element/9c4e463c-70de-4a8e-8fc7-8ddd72da8767/elements'
[DEBUG] Using open Channel [id: 0x91ee2d5f, L:/127.0.0.1:51641 - R:localhost/127.0.0.1:54001] for POST '/session/4e6f6599390c26fc46498e0ee0db4b5c/element/9c4e463c-70de-4a8e-8fc7-8ddd72da8767/elements'
[DEBUG] 

Request DefaultHttpRequest(decodeResult: success, version: HTTP/1.1)
POST /session/4e6f6599390c26fc46498e0ee0db4b5c/element/9c4e463c-70de-4a8e-8fc7-8ddd72da8767/elements HTTP/1.1
User-Agent: selenium/4.2.1 (java windows)
Content-Length: 139
Content-Type: application/json; charset=utf-8
host: localhost:54001
accept: */*

Response DefaultHttpResponse(decodeResult: success, version: HTTP/1.1)
HTTP/1.1 200 OK
Content-Type: application/json; charset=utf-8
cache-control: no-cache
content-length: 90

[DEBUG] Adding key: http://localhost:54001 for channel [id: 0x91ee2d5f, L:/127.0.0.1:51641 - R:localhost/127.0.0.1:54001]
[DEBUG] Using pooled Channel '[id: 0x91ee2d5f, L:/127.0.0.1:51641 - R:localhost/127.0.0.1:54001]' for 'GET' to 'http://localhost:54001/session/4e6f6599390c26fc46498e0ee0db4b5c/element/acc097b8-f05b-45bd-bf21-97d8937a4fc8/selected'
[DEBUG] Using open Channel [id: 0x91ee2d5f, L:/127.0.0.1:51641 - R:localhost/127.0.0.1:54001] for GET '/session/4e6f6599390c26fc46498e0ee0db4b5c/element/acc097b8-f05b-45bd-bf21-97d8937a4fc8/selected'
[DEBUG] 

Request DefaultFullHttpRequest(decodeResult: success, version: HTTP/1.1, content: EmptyByteBufBE)
GET /session/4e6f6599390c26fc46498e0ee0db4b5c/element/acc097b8-f05b-45bd-bf21-97d8937a4fc8/selected HTTP/1.1
User-Agent: selenium/4.2.1 (java windows)
Cache-Control: no-cache
Content-Type: application/json; charset=utf-8
host: localhost:54001
accept: */*

Response DefaultHttpResponse(decodeResult: success, version: HTTP/1.1)
HTTP/1.1 200 OK
Content-Type: application/json; charset=utf-8
cache-control: no-cache
content-length: 15

[DEBUG] Adding key: http://localhost:54001 for channel [id: 0x91ee2d5f, L:/127.0.0.1:51641 - R:localhost/127.0.0.1:54001]
[DEBUG] Using pooled Channel '[id: 0x91ee2d5f, L:/127.0.0.1:51641 - R:localhost/127.0.0.1:54001]' for 'POST' to 'http://localhost:54001/session/4e6f6599390c26fc46498e0ee0db4b5c/element/acc097b8-f05b-45bd-bf21-97d8937a4fc8/click'
[DEBUG] Using open Channel [id: 0x91ee2d5f, L:/127.0.0.1:51641 - R:localhost/127.0.0.1:54001] for POST '/session/4e6f6599390c26fc46498e0ee0db4b5c/element/acc097b8-f05b-45bd-bf21-97d8937a4fc8/click'
[DEBUG] 

Request DefaultHttpRequest(decodeResult: success, version: HTTP/1.1)
POST /session/4e6f6599390c26fc46498e0ee0db4b5c/element/acc097b8-f05b-45bd-bf21-97d8937a4fc8/click HTTP/1.1
User-Agent: selenium/4.2.1 (java windows)
Content-Length: 50
Content-Type: application/json; charset=utf-8
host: localhost:54001
accept: */*

Response DefaultHttpResponse(decodeResult: success, version: HTTP/1.1)
HTTP/1.1 200 OK
Content-Type: application/json; charset=utf-8
cache-control: no-cache
content-length: 14

[DEBUG] Adding key: http://localhost:54001 for channel [id: 0x91ee2d5f, L:/127.0.0.1:51641 - R:localhost/127.0.0.1:54001]
[INFO ] 2022-08-10 21:20:39.093 [main] Steps - customer information entered..
[DEBUG] Using pooled Channel '[id: 0x91ee2d5f, L:/127.0.0.1:51641 - R:localhost/127.0.0.1:54001]' for 'POST' to 'http://localhost:54001/session/4e6f6599390c26fc46498e0ee0db4b5c/element'
[DEBUG] Using open Channel [id: 0x91ee2d5f, L:/127.0.0.1:51641 - R:localhost/127.0.0.1:54001] for POST '/session/4e6f6599390c26fc46498e0ee0db4b5c/element'
[DEBUG] 

Request DefaultHttpRequest(decodeResult: success, version: HTTP/1.1)
POST /session/4e6f6599390c26fc46498e0ee0db4b5c/element HTTP/1.1
User-Agent: selenium/4.2.1 (java windows)
Content-Length: 69
Content-Type: application/json; charset=utf-8
host: localhost:54001
accept: */*

Response DefaultHttpResponse(decodeResult: success, version: HTTP/1.1)
HTTP/1.1 200 OK
Content-Type: application/json; charset=utf-8
cache-control: no-cache
content-length: 88

[DEBUG] Adding key: http://localhost:54001 for channel [id: 0x91ee2d5f, L:/127.0.0.1:51641 - R:localhost/127.0.0.1:54001]
[DEBUG] Using pooled Channel '[id: 0x91ee2d5f, L:/127.0.0.1:51641 - R:localhost/127.0.0.1:54001]' for 'POST' to 'http://localhost:54001/session/4e6f6599390c26fc46498e0ee0db4b5c/element/102336bd-a28c-4da4-be54-68b57a8d41ce/click'
[DEBUG] Using open Channel [id: 0x91ee2d5f, L:/127.0.0.1:51641 - R:localhost/127.0.0.1:54001] for POST '/session/4e6f6599390c26fc46498e0ee0db4b5c/element/102336bd-a28c-4da4-be54-68b57a8d41ce/click'
[DEBUG] Entry count for : http://localhost:51642 : 1
[DEBUG] Entry count for : http://localhost:51642 : 1
[DEBUG] 

Request DefaultHttpRequest(decodeResult: success, version: HTTP/1.1)
POST /session/4e6f6599390c26fc46498e0ee0db4b5c/element/102336bd-a28c-4da4-be54-68b57a8d41ce/click HTTP/1.1
User-Agent: selenium/4.2.1 (java windows)
Content-Length: 50
Content-Type: application/json; charset=utf-8
host: localhost:54001
accept: */*

Response DefaultHttpResponse(decodeResult: success, version: HTTP/1.1)
HTTP/1.1 200 OK
Content-Type: application/json; charset=utf-8
cache-control: no-cache
content-length: 14

[DEBUG] Adding key: http://localhost:54001 for channel [id: 0x91ee2d5f, L:/127.0.0.1:51641 - R:localhost/127.0.0.1:54001]
[INFO ] 2022-08-10 21:20:41.653 [main] Steps - user clicked on save button..
[DEBUG] Using pooled Channel '[id: 0x91ee2d5f, L:/127.0.0.1:51641 - R:localhost/127.0.0.1:54001]' for 'POST' to 'http://localhost:54001/session/4e6f6599390c26fc46498e0ee0db4b5c/element'
[DEBUG] Using open Channel [id: 0x91ee2d5f, L:/127.0.0.1:51641 - R:localhost/127.0.0.1:54001] for POST '/session/4e6f6599390c26fc46498e0ee0db4b5c/element'
[DEBUG] 

Request DefaultHttpRequest(decodeResult: success, version: HTTP/1.1)
POST /session/4e6f6599390c26fc46498e0ee0db4b5c/element HTTP/1.1
User-Agent: selenium/4.2.1 (java windows)
Content-Length: 44
Content-Type: application/json; charset=utf-8
host: localhost:54001
accept: */*

Response DefaultHttpResponse(decodeResult: success, version: HTTP/1.1)
HTTP/1.1 200 OK
Content-Type: application/json; charset=utf-8
cache-control: no-cache
content-length: 88

[DEBUG] Adding key: http://localhost:54001 for channel [id: 0x91ee2d5f, L:/127.0.0.1:51641 - R:localhost/127.0.0.1:54001]
[DEBUG] Using pooled Channel '[id: 0x91ee2d5f, L:/127.0.0.1:51641 - R:localhost/127.0.0.1:54001]' for 'GET' to 'http://localhost:54001/session/4e6f6599390c26fc46498e0ee0db4b5c/element/d040bf4d-66e0-4384-a07b-0e278a57a44c/text'
[DEBUG] Using open Channel [id: 0x91ee2d5f, L:/127.0.0.1:51641 - R:localhost/127.0.0.1:54001] for GET '/session/4e6f6599390c26fc46498e0ee0db4b5c/element/d040bf4d-66e0-4384-a07b-0e278a57a44c/text'
[DEBUG] 

Request DefaultFullHttpRequest(decodeResult: success, version: HTTP/1.1, content: EmptyByteBufBE)
GET /session/4e6f6599390c26fc46498e0ee0db4b5c/element/d040bf4d-66e0-4384-a07b-0e278a57a44c/text HTTP/1.1
User-Agent: selenium/4.2.1 (java windows)
Cache-Control: no-cache
Content-Type: application/json; charset=utf-8
host: localhost:54001
accept: */*

Response DefaultHttpResponse(decodeResult: success, version: HTTP/1.1)
HTTP/1.1 200 OK
Content-Type: application/json; charset=utf-8
cache-control: no-cache
content-length: 804

[DEBUG] Adding key: http://localhost:54001 for channel [id: 0x91ee2d5f, L:/127.0.0.1:51641 - R:localhost/127.0.0.1:54001]
massage is --->  John Smith
Logout
Dashboard
Catalog
Sales
Customers
Customers
Customer roles
Online customers
Vendors
Activity log
Activity Types
GDPR requests (log)
Promotions
Content management
Configuration
System
Reports
Help
×
The new customer has been added successfully.
Customers
Add new
Export
  Search
Email
First name
Last name
Date of birth
Month
1
2
3
4
5
6
7
8
9
10
11
12
Day
1
2
3
4
5
6
7
8
9
10
11
12
13
14
15
16
17
18
19
20
21
22
23
24
25
26
27
28
29
30
31
Company
IP address
Customer roles
Registered
Search
Learn more about customers
Email Name Customer roles Company name Active Edit
Show
7
15
20
50
100
items
Powered by nopCommerce
Wednesday, August 10, 2022 10:50 AM
nopCommerce version 4.50.0
[INFO ] 2022-08-10 21:20:41.883 [main] Steps - User can view confirmation message - passed
[DEBUG] Using pooled Channel '[id: 0x91ee2d5f, L:/127.0.0.1:51641 - R:localhost/127.0.0.1:54001]' for 'DELETE' to 'http://localhost:54001/session/4e6f6599390c26fc46498e0ee0db4b5c/window'
[DEBUG] Using open Channel [id: 0x91ee2d5f, L:/127.0.0.1:51641 - R:localhost/127.0.0.1:54001] for DELETE '/session/4e6f6599390c26fc46498e0ee0db4b5c/window'
[DEBUG] Unexpected I/O exception on channel [id: 0x679bdffe, L:/127.0.0.1:51649 - R:localhost/127.0.0.1:51642]
java.net.SocketException: Connection reset
	at java.base/sun.nio.ch.SocketChannelImpl.throwConnectionReset(SocketChannelImpl.java:394) ~[na:na]
	at java.base/sun.nio.ch.SocketChannelImpl.read(SocketChannelImpl.java:426) ~[na:na]
	at io.netty.buffer.PooledByteBuf.setBytes(PooledByteBuf.java:258) ~[netty-buffer-4.1.77.Final.jar:4.1.77.Final]
	at io.netty.buffer.AbstractByteBuf.writeBytes(AbstractByteBuf.java:1132) ~[netty-buffer-4.1.77.Final.jar:4.1.77.Final]
	at io.netty.channel.socket.nio.NioSocketChannel.doReadBytes(NioSocketChannel.java:357) ~[netty-transport-4.1.77.Final.jar:4.1.77.Final]
	at io.netty.channel.nio.AbstractNioByteChannel$NioByteUnsafe.read(AbstractNioByteChannel.java:151) ~[netty-transport-4.1.77.Final.jar:4.1.77.Final]
	at io.netty.channel.nio.NioEventLoop.processSelectedKey(NioEventLoop.java:722) ~[netty-transport-4.1.77.Final.jar:4.1.77.Final]
	at io.netty.channel.nio.NioEventLoop.processSelectedKeysOptimized(NioEventLoop.java:658) ~[netty-transport-4.1.77.Final.jar:4.1.77.Final]
	at io.netty.channel.nio.NioEventLoop.processSelectedKeys(NioEventLoop.java:584) ~[netty-transport-4.1.77.Final.jar:4.1.77.Final]
	at io.netty.channel.nio.NioEventLoop.run(NioEventLoop.java:496) ~[netty-transport-4.1.77.Final.jar:4.1.77.Final]
	at io.netty.util.concurrent.SingleThreadEventExecutor$4.run(SingleThreadEventExecutor.java:995) ~[netty-common-4.1.77.Final.jar:4.1.77.Final]
	at io.netty.util.internal.ThreadExecutorMap$2.run(ThreadExecutorMap.java:74) ~[netty-common-4.1.77.Final.jar:4.1.77.Final]
	at io.netty.util.concurrent.FastThreadLocalRunnable.run(FastThreadLocalRunnable.java:30) ~[netty-common-4.1.77.Final.jar:4.1.77.Final]
	at java.base/java.lang.Thread.run(Thread.java:833) ~[na:na]
[DEBUG] Closing Channel [id: 0x679bdffe, L:/127.0.0.1:51649 - R:localhost/127.0.0.1:51642] 
[DEBUG] Unexpected I/O exception on channel [id: 0x1d320293, L:/127.0.0.1:51650 - R:localhost/127.0.0.1:51642]
java.net.SocketException: Connection reset
	at java.base/sun.nio.ch.SocketChannelImpl.throwConnectionReset(SocketChannelImpl.java:394) ~[na:na]
	at java.base/sun.nio.ch.SocketChannelImpl.read(SocketChannelImpl.java:426) ~[na:na]
	at io.netty.buffer.PooledByteBuf.setBytes(PooledByteBuf.java:258) ~[netty-buffer-4.1.77.Final.jar:4.1.77.Final]
	at io.netty.buffer.AbstractByteBuf.writeBytes(AbstractByteBuf.java:1132) ~[netty-buffer-4.1.77.Final.jar:4.1.77.Final]
	at io.netty.channel.socket.nio.NioSocketChannel.doReadBytes(NioSocketChannel.java:357) ~[netty-transport-4.1.77.Final.jar:4.1.77.Final]
	at io.netty.channel.nio.AbstractNioByteChannel$NioByteUnsafe.read(AbstractNioByteChannel.java:151) ~[netty-transport-4.1.77.Final.jar:4.1.77.Final]
	at io.netty.channel.nio.NioEventLoop.processSelectedKey(NioEventLoop.java:722) ~[netty-transport-4.1.77.Final.jar:4.1.77.Final]
	at io.netty.channel.nio.NioEventLoop.processSelectedKeysOptimized(NioEventLoop.java:658) ~[netty-transport-4.1.77.Final.jar:4.1.77.Final]
	at io.netty.channel.nio.NioEventLoop.processSelectedKeys(NioEventLoop.java:584) ~[netty-transport-4.1.77.Final.jar:4.1.77.Final]
	at io.netty.channel.nio.NioEventLoop.run(NioEventLoop.java:496) ~[netty-transport-4.1.77.Final.jar:4.1.77.Final]
	at io.netty.util.concurrent.SingleThreadEventExecutor$4.run(SingleThreadEventExecutor.java:995) ~[netty-common-4.1.77.Final.jar:4.1.77.Final]
	at io.netty.util.internal.ThreadExecutorMap$2.run(ThreadExecutorMap.java:74) ~[netty-common-4.1.77.Final.jar:4.1.77.Final]
	at io.netty.util.concurrent.FastThreadLocalRunnable.run(FastThreadLocalRunnable.java:30) ~[netty-common-4.1.77.Final.jar:4.1.77.Final]
	at java.base/java.lang.Thread.run(Thread.java:833) ~[na:na]
[DEBUG] Channel Closed: [id: 0x679bdffe, L:/127.0.0.1:51649 ! R:localhost/127.0.0.1:51642] with attribute DISCARD
[DEBUG] Was unable to recover Future: NettyResponseFuture{currentRetry=0,
	isDone=1,
	isCancelled=0,
	asyncHandler=org.asynchttpclient.ws.WebSocketUpgradeHandler@2073b198,
	nettyRequest=org.asynchttpclient.netty.request.NettyRequest@32882d1e,
	future=java.util.concurrent.CompletableFuture@257ff3e9[Completed normally],
	uri=ws://localhost:51642/devtools/browser/c98ee8dc-30c9-43fc-9555-1460903cb629,
	keepAlive=true,
	redirectCount=0,
	timeoutsHolder=null,
	inAuth=0,
	touch=1660146641975}
[DEBUG] Closing Channel [id: 0x1d320293, L:/127.0.0.1:51650 - R:localhost/127.0.0.1:51642] 
[WARN] onError
java.net.SocketException: Connection reset
	at java.base/sun.nio.ch.SocketChannelImpl.throwConnectionReset(SocketChannelImpl.java:394) ~[na:na]
	at java.base/sun.nio.ch.SocketChannelImpl.read(SocketChannelImpl.java:426) ~[na:na]
	at io.netty.buffer.PooledByteBuf.setBytes(PooledByteBuf.java:258) ~[netty-buffer-4.1.77.Final.jar:4.1.77.Final]
	at io.netty.buffer.AbstractByteBuf.writeBytes(AbstractByteBuf.java:1132) ~[netty-buffer-4.1.77.Final.jar:4.1.77.Final]
	at io.netty.channel.socket.nio.NioSocketChannel.doReadBytes(NioSocketChannel.java:357) ~[netty-transport-4.1.77.Final.jar:4.1.77.Final]
	at io.netty.channel.nio.AbstractNioByteChannel$NioByteUnsafe.read(AbstractNioByteChannel.java:151) ~[netty-transport-4.1.77.Final.jar:4.1.77.Final]
	at io.netty.channel.nio.NioEventLoop.processSelectedKey(NioEventLoop.java:722) ~[netty-transport-4.1.77.Final.jar:4.1.77.Final]
	at io.netty.channel.nio.NioEventLoop.processSelectedKeysOptimized(NioEventLoop.java:658) ~[netty-transport-4.1.77.Final.jar:4.1.77.Final]
	at io.netty.channel.nio.NioEventLoop.processSelectedKeys(NioEventLoop.java:584) ~[netty-transport-4.1.77.Final.jar:4.1.77.Final]
	at io.netty.channel.nio.NioEventLoop.run(NioEventLoop.java:496) ~[netty-transport-4.1.77.Final.jar:4.1.77.Final]
	at io.netty.util.concurrent.SingleThreadEventExecutor$4.run(SingleThreadEventExecutor.java:995) ~[netty-common-4.1.77.Final.jar:4.1.77.Final]
	at io.netty.util.internal.ThreadExecutorMap$2.run(ThreadExecutorMap.java:74) ~[netty-common-4.1.77.Final.jar:4.1.77.Final]
	at io.netty.util.concurrent.FastThreadLocalRunnable.run(FastThreadLocalRunnable.java:30) ~[netty-common-4.1.77.Final.jar:4.1.77.Final]
	at java.base/java.lang.Thread.run(Thread.java:833) ~[na:na]
[DEBUG] Closing Channel [id: 0x1d320293, L:/127.0.0.1:51650 ! R:localhost/127.0.0.1:51642] 
[DEBUG] Channel Closed: [id: 0x1d320293, L:/127.0.0.1:51650 ! R:localhost/127.0.0.1:51642] with attribute DISCARD
[DEBUG] 

Request DefaultFullHttpRequest(decodeResult: success, version: HTTP/1.1, content: EmptyByteBufBE)
DELETE /session/4e6f6599390c26fc46498e0ee0db4b5c/window HTTP/1.1
User-Agent: selenium/4.2.1 (java windows)
Content-Type: application/json; charset=utf-8
host: localhost:54001
accept: */*

Response DefaultHttpResponse(decodeResult: success, version: HTTP/1.1)
HTTP/1.1 200 OK
Content-Type: application/json; charset=utf-8
cache-control: no-cache
content-length: 12

[DEBUG] Adding key: http://localhost:54001 for channel [id: 0x91ee2d5f, L:/127.0.0.1:51641 - R:localhost/127.0.0.1:54001]
[INFO ] 2022-08-10 21:20:42.001 [main] Steps -  browser closed..
 tear down method executed
[DEBUG] Using pooled Channel '[id: 0x91ee2d5f, L:/127.0.0.1:51641 - R:localhost/127.0.0.1:54001]' for 'DELETE' to 'http://localhost:54001/session/4e6f6599390c26fc46498e0ee0db4b5c'
[DEBUG] Using open Channel [id: 0x91ee2d5f, L:/127.0.0.1:51641 - R:localhost/127.0.0.1:54001] for DELETE '/session/4e6f6599390c26fc46498e0ee0db4b5c'
[DEBUG] 

Request DefaultFullHttpRequest(decodeResult: success, version: HTTP/1.1, content: EmptyByteBufBE)
DELETE /session/4e6f6599390c26fc46498e0ee0db4b5c HTTP/1.1
User-Agent: selenium/4.2.1 (java windows)
Content-Type: application/json; charset=utf-8
host: localhost:54001
accept: */*

Response DefaultHttpResponse(decodeResult: success, version: HTTP/1.1)
HTTP/1.1 200 OK
Content-Type: application/json; charset=utf-8
cache-control: no-cache
content-length: 14

[DEBUG] Adding key: http://localhost:54001 for channel [id: 0x91ee2d5f, L:/127.0.0.1:51641 - R:localhost/127.0.0.1:54001]
[DEBUG] Channel Closed: [id: 0x91ee2d5f, L:/127.0.0.1:51641 ! R:localhost/127.0.0.1:54001] with attribute DISCARD
]]></system-out>
    <system-err><![CDATA[Starting ChromeDriver 104.0.5112.79 (3cf3e8c8a07d104b9e1260c910efb8f383285dc5-refs/branch-heads/5112@{#1307}) on port 54001
Only local connections are allowed.
Please see https://chromedriver.chromium.org/security-considerations for suggestions on keeping ChromeDriver safe.
ChromeDriver was started successfully.
Aug 10, 2022 9:20:20 PM org.openqa.selenium.remote.ProtocolHandshake createSession
INFO: Detected upstream dialect: W3C
Aug 10, 2022 9:20:20 PM org.openqa.selenium.devtools.CdpVersionFinder findNearestMatch
WARNING: Unable to find an exact match for CDP version 104, so returning the closest version found: 102
Aug 10, 2022 9:20:20 PM org.openqa.selenium.devtools.CdpVersionFinder findNearestMatch
INFO: Found CDP implementation for version 104 of 102
Aug 10, 2022 9:20:41 PM org.openqa.selenium.remote.http.WebSocket$Listener onError
WARNING: Connection reset
java.net.SocketException: Connection reset
	at java.base/sun.nio.ch.SocketChannelImpl.throwConnectionReset(SocketChannelImpl.java:394)
	at java.base/sun.nio.ch.SocketChannelImpl.read(SocketChannelImpl.java:426)
	at io.netty.buffer.PooledByteBuf.setBytes(PooledByteBuf.java:258)
	at io.netty.buffer.AbstractByteBuf.writeBytes(AbstractByteBuf.java:1132)
	at io.netty.channel.socket.nio.NioSocketChannel.doReadBytes(NioSocketChannel.java:357)
	at io.netty.channel.nio.AbstractNioByteChannel$NioByteUnsafe.read(AbstractNioByteChannel.java:151)
	at io.netty.channel.nio.NioEventLoop.processSelectedKey(NioEventLoop.java:722)
	at io.netty.channel.nio.NioEventLoop.processSelectedKeysOptimized(NioEventLoop.java:658)
	at io.netty.channel.nio.NioEventLoop.processSelectedKeys(NioEventLoop.java:584)
	at io.netty.channel.nio.NioEventLoop.run(NioEventLoop.java:496)
	at io.netty.util.concurrent.SingleThreadEventExecutor$4.run(SingleThreadEventExecutor.java:995)
	at io.netty.util.internal.ThreadExecutorMap$2.run(ThreadExecutorMap.java:74)
	at io.netty.util.concurrent.FastThreadLocalRunnable.run(FastThreadLocalRunnable.java:30)
	at java.base/java.lang.Thread.run(Thread.java:833)

]]></system-err>
  </testcase>
  <testcase name="runScenario[&quot;Search Customer by Email&quot;, &quot;AddCustomer&quot;](2)" classname="runner.Runner" time="11.506">
    <system-out><![CDATA[[DEBUG] Entry count for : http://localhost:54001 : 1
[DEBUG] Entry count for : http://localhost:51642 : 1
[DEBUG] Adding Candidate expired Channel [id: 0x91ee2d5f, L:/127.0.0.1:51641 ! R:localhost/127.0.0.1:54001] isIdleTimeoutExpired=false isRemotelyClosed=true isTtlExpired=false
[DEBUG] Closing Idle Channel [id: 0x91ee2d5f, L:/127.0.0.1:51641 ! R:localhost/127.0.0.1:54001]
[DEBUG] Adding Candidate expired Channel [id: 0x679bdffe, L:/127.0.0.1:51649 ! R:localhost/127.0.0.1:51642] isIdleTimeoutExpired=false isRemotelyClosed=true isTtlExpired=false
[DEBUG] Closing Idle Channel [id: 0x679bdffe, L:/127.0.0.1:51649 ! R:localhost/127.0.0.1:51642]
[DEBUG] Closed 2 connections out of 2 in 1 ms
Setup-Sanity method executed..
[DEBUG] Resolution chrome=104 in cache (valid until 22:20:16 10/08/2022 IST)
[DEBUG] Resolution chrome104=104.0.5112.79 in cache (valid until 21:20:16 11/08/2022 IST)
[INFO] Using chromedriver 104.0.5112.79 (resolved driver for Chrome 104)
[DEBUG] Driver chromedriver 104.0.5112.79 found in cache
[INFO] Exporting webdriver.chrome.driver as C:\Users\Mahesh\.cache\selenium\chromedriver\win32\104.0.5112.79\chromedriver.exe
[DEBUG] Using new Channel '[id: 0x81528f68, L:/127.0.0.1:51667 - R:localhost/127.0.0.1:58532]' for 'POST' to '/session'
[DEBUG] 

Request DefaultHttpRequest(decodeResult: success, version: HTTP/1.1)
POST /session HTTP/1.1
User-Agent: selenium/4.2.1 (java windows)
Content-Length: 365
Content-Type: application/json; charset=utf-8
host: localhost:58532
accept: */*

Response DefaultHttpResponse(decodeResult: success, version: HTTP/1.1)
HTTP/1.1 200 OK
Content-Type: application/json; charset=utf-8
cache-control: no-cache
content-length: 792

[DEBUG] Adding key: http://localhost:58532 for channel [id: 0x81528f68, L:/127.0.0.1:51667 - R:localhost/127.0.0.1:58532]
[DEBUG] Using new Channel '[id: 0x90858a7b, L:/127.0.0.1:51674 - R:localhost/127.0.0.1:51668]' for 'GET' to '/json/version'
[DEBUG] 

Request DefaultFullHttpRequest(decodeResult: success, version: HTTP/1.1, content: EmptyByteBufBE)
GET /json/version HTTP/1.1
User-Agent: selenium/4.2.1 (java windows)
host: localhost:51668
accept: */*

Response DefaultHttpResponse(decodeResult: success, version: HTTP/1.1)
HTTP/1.1 200 OK
Content-Type: application/json; charset=UTF-8
content-length: 427

[DEBUG] Adding key: http://localhost:51668 for channel [id: 0x90858a7b, L:/127.0.0.1:51674 - R:localhost/127.0.0.1:51668]
[DEBUG] Using new Channel '[id: 0xb369bc04, L:/127.0.0.1:51675 - R:localhost/127.0.0.1:51668]' for 'GET' to '/devtools/browser/7f12389c-2941-489a-9c26-2edbb7b94261'
[DEBUG] 

Request DefaultFullHttpRequest(decodeResult: success, version: HTTP/1.1, content: EmptyByteBufBE)
GET /devtools/browser/7f12389c-2941-489a-9c26-2edbb7b94261 HTTP/1.1
upgrade: websocket
connection: upgrade
sec-websocket-key: tbyKQeVa1AIA59WZIH9HhA==
sec-websocket-version: 13
origin: http://localhost:51668
host: localhost:51668
accept: */*
user-agent: AHC/2.1

Response DefaultHttpResponse(decodeResult: success, version: HTTP/1.1)
HTTP/1.1 101 WebSocket Protocol Handshake
Upgrade: WebSocket
Connection: Upgrade
Sec-WebSocket-Accept: 2jpnShyz6OdrRrIY6JzR/3RQiuA=

[FATAL] 2022-08-10 21:20:43.000 [main] Steps - Setup1 executed...
[INFO ] 2022-08-10 21:20:43.003 [main] Steps - chrome browser launced..
[DEBUG] Using pooled Channel '[id: 0x81528f68, L:/127.0.0.1:51667 - R:localhost/127.0.0.1:58532]' for 'POST' to 'http://localhost:58532/session/2c4bb47bf7fa80d39d4cc63eb91a048a/url'
[DEBUG] Using open Channel [id: 0x81528f68, L:/127.0.0.1:51667 - R:localhost/127.0.0.1:58532] for POST '/session/2c4bb47bf7fa80d39d4cc63eb91a048a/url'
[DEBUG] Entry count for : http://localhost:51668 : 1
[DEBUG] Entry count for : http://localhost:51668 : 1
[DEBUG] 

Request DefaultHttpRequest(decodeResult: success, version: HTTP/1.1)
POST /session/2c4bb47bf7fa80d39d4cc63eb91a048a/url HTTP/1.1
User-Agent: selenium/4.2.1 (java windows)
Content-Length: 69
Content-Type: application/json; charset=utf-8
host: localhost:58532
accept: */*

Response DefaultHttpResponse(decodeResult: success, version: HTTP/1.1)
HTTP/1.1 200 OK
Content-Type: application/json; charset=utf-8
cache-control: no-cache
content-length: 14

[DEBUG] Adding key: http://localhost:58532 for channel [id: 0x81528f68, L:/127.0.0.1:51667 - R:localhost/127.0.0.1:58532]
[INFO ] 2022-08-10 21:20:44.305 [main] Steps - url opened launced..
[DEBUG] Using pooled Channel '[id: 0x81528f68, L:/127.0.0.1:51667 - R:localhost/127.0.0.1:58532]' for 'POST' to 'http://localhost:58532/session/2c4bb47bf7fa80d39d4cc63eb91a048a/element'
[DEBUG] Using open Channel [id: 0x81528f68, L:/127.0.0.1:51667 - R:localhost/127.0.0.1:58532] for POST '/session/2c4bb47bf7fa80d39d4cc63eb91a048a/element'
[DEBUG] 

Request DefaultHttpRequest(decodeResult: success, version: HTTP/1.1)
POST /session/2c4bb47bf7fa80d39d4cc63eb91a048a/element HTTP/1.1
User-Agent: selenium/4.2.1 (java windows)
Content-Length: 50
Content-Type: application/json; charset=utf-8
host: localhost:58532
accept: */*

Response DefaultHttpResponse(decodeResult: success, version: HTTP/1.1)
HTTP/1.1 200 OK
Content-Type: application/json; charset=utf-8
cache-control: no-cache
content-length: 88

[DEBUG] Adding key: http://localhost:58532 for channel [id: 0x81528f68, L:/127.0.0.1:51667 - R:localhost/127.0.0.1:58532]
[DEBUG] Using pooled Channel '[id: 0x81528f68, L:/127.0.0.1:51667 - R:localhost/127.0.0.1:58532]' for 'POST' to 'http://localhost:58532/session/2c4bb47bf7fa80d39d4cc63eb91a048a/element/24c9ab8e-218f-4edd-87e0-ca25860c18e2/clear'
[DEBUG] Using open Channel [id: 0x81528f68, L:/127.0.0.1:51667 - R:localhost/127.0.0.1:58532] for POST '/session/2c4bb47bf7fa80d39d4cc63eb91a048a/element/24c9ab8e-218f-4edd-87e0-ca25860c18e2/clear'
[DEBUG] 

Request DefaultHttpRequest(decodeResult: success, version: HTTP/1.1)
POST /session/2c4bb47bf7fa80d39d4cc63eb91a048a/element/24c9ab8e-218f-4edd-87e0-ca25860c18e2/clear HTTP/1.1
User-Agent: selenium/4.2.1 (java windows)
Content-Length: 50
Content-Type: application/json; charset=utf-8
host: localhost:58532
accept: */*

Response DefaultHttpResponse(decodeResult: success, version: HTTP/1.1)
HTTP/1.1 200 OK
Content-Type: application/json; charset=utf-8
cache-control: no-cache
content-length: 14

[DEBUG] Adding key: http://localhost:58532 for channel [id: 0x81528f68, L:/127.0.0.1:51667 - R:localhost/127.0.0.1:58532]
[DEBUG] Using pooled Channel '[id: 0x81528f68, L:/127.0.0.1:51667 - R:localhost/127.0.0.1:58532]' for 'POST' to 'http://localhost:58532/session/2c4bb47bf7fa80d39d4cc63eb91a048a/element'
[DEBUG] Using open Channel [id: 0x81528f68, L:/127.0.0.1:51667 - R:localhost/127.0.0.1:58532] for POST '/session/2c4bb47bf7fa80d39d4cc63eb91a048a/element'
[DEBUG] 

Request DefaultHttpRequest(decodeResult: success, version: HTTP/1.1)
POST /session/2c4bb47bf7fa80d39d4cc63eb91a048a/element HTTP/1.1
User-Agent: selenium/4.2.1 (java windows)
Content-Length: 50
Content-Type: application/json; charset=utf-8
host: localhost:58532
accept: */*

Response DefaultHttpResponse(decodeResult: success, version: HTTP/1.1)
HTTP/1.1 200 OK
Content-Type: application/json; charset=utf-8
cache-control: no-cache
content-length: 88

[DEBUG] Adding key: http://localhost:58532 for channel [id: 0x81528f68, L:/127.0.0.1:51667 - R:localhost/127.0.0.1:58532]
[DEBUG] Using pooled Channel '[id: 0x81528f68, L:/127.0.0.1:51667 - R:localhost/127.0.0.1:58532]' for 'POST' to 'http://localhost:58532/session/2c4bb47bf7fa80d39d4cc63eb91a048a/element/24c9ab8e-218f-4edd-87e0-ca25860c18e2/value'
[DEBUG] Using open Channel [id: 0x81528f68, L:/127.0.0.1:51667 - R:localhost/127.0.0.1:58532] for POST '/session/2c4bb47bf7fa80d39d4cc63eb91a048a/element/24c9ab8e-218f-4edd-87e0-ca25860c18e2/value'
[DEBUG] 

Request DefaultHttpRequest(decodeResult: success, version: HTTP/1.1)
POST /session/2c4bb47bf7fa80d39d4cc63eb91a048a/element/24c9ab8e-218f-4edd-87e0-ca25860c18e2/value HTTP/1.1
User-Agent: selenium/4.2.1 (java windows)
Content-Length: 271
Content-Type: application/json; charset=utf-8
host: localhost:58532
accept: */*

Response DefaultHttpResponse(decodeResult: success, version: HTTP/1.1)
HTTP/1.1 200 OK
Content-Type: application/json; charset=utf-8
cache-control: no-cache
content-length: 14

[DEBUG] Adding key: http://localhost:58532 for channel [id: 0x81528f68, L:/127.0.0.1:51667 - R:localhost/127.0.0.1:58532]
[DEBUG] Using pooled Channel '[id: 0x81528f68, L:/127.0.0.1:51667 - R:localhost/127.0.0.1:58532]' for 'POST' to 'http://localhost:58532/session/2c4bb47bf7fa80d39d4cc63eb91a048a/element'
[DEBUG] Using open Channel [id: 0x81528f68, L:/127.0.0.1:51667 - R:localhost/127.0.0.1:58532] for POST '/session/2c4bb47bf7fa80d39d4cc63eb91a048a/element'
[DEBUG] 

Request DefaultHttpRequest(decodeResult: success, version: HTTP/1.1)
POST /session/2c4bb47bf7fa80d39d4cc63eb91a048a/element HTTP/1.1
User-Agent: selenium/4.2.1 (java windows)
Content-Length: 53
Content-Type: application/json; charset=utf-8
host: localhost:58532
accept: */*

Response DefaultHttpResponse(decodeResult: success, version: HTTP/1.1)
HTTP/1.1 200 OK
Content-Type: application/json; charset=utf-8
cache-control: no-cache
content-length: 88

[DEBUG] Adding key: http://localhost:58532 for channel [id: 0x81528f68, L:/127.0.0.1:51667 - R:localhost/127.0.0.1:58532]
[DEBUG] Using pooled Channel '[id: 0x81528f68, L:/127.0.0.1:51667 - R:localhost/127.0.0.1:58532]' for 'POST' to 'http://localhost:58532/session/2c4bb47bf7fa80d39d4cc63eb91a048a/element/5f83ac54-a944-4668-baa3-dabd59ef25f3/clear'
[DEBUG] Using open Channel [id: 0x81528f68, L:/127.0.0.1:51667 - R:localhost/127.0.0.1:58532] for POST '/session/2c4bb47bf7fa80d39d4cc63eb91a048a/element/5f83ac54-a944-4668-baa3-dabd59ef25f3/clear'
[DEBUG] 

Request DefaultHttpRequest(decodeResult: success, version: HTTP/1.1)
POST /session/2c4bb47bf7fa80d39d4cc63eb91a048a/element/5f83ac54-a944-4668-baa3-dabd59ef25f3/clear HTTP/1.1
User-Agent: selenium/4.2.1 (java windows)
Content-Length: 50
Content-Type: application/json; charset=utf-8
host: localhost:58532
accept: */*

Response DefaultHttpResponse(decodeResult: success, version: HTTP/1.1)
HTTP/1.1 200 OK
Content-Type: application/json; charset=utf-8
cache-control: no-cache
content-length: 14

[DEBUG] Adding key: http://localhost:58532 for channel [id: 0x81528f68, L:/127.0.0.1:51667 - R:localhost/127.0.0.1:58532]
[DEBUG] Using pooled Channel '[id: 0x81528f68, L:/127.0.0.1:51667 - R:localhost/127.0.0.1:58532]' for 'POST' to 'http://localhost:58532/session/2c4bb47bf7fa80d39d4cc63eb91a048a/element'
[DEBUG] Using open Channel [id: 0x81528f68, L:/127.0.0.1:51667 - R:localhost/127.0.0.1:58532] for POST '/session/2c4bb47bf7fa80d39d4cc63eb91a048a/element'
[DEBUG] 

Request DefaultHttpRequest(decodeResult: success, version: HTTP/1.1)
POST /session/2c4bb47bf7fa80d39d4cc63eb91a048a/element HTTP/1.1
User-Agent: selenium/4.2.1 (java windows)
Content-Length: 53
Content-Type: application/json; charset=utf-8
host: localhost:58532
accept: */*

Response DefaultHttpResponse(decodeResult: success, version: HTTP/1.1)
HTTP/1.1 200 OK
Content-Type: application/json; charset=utf-8
cache-control: no-cache
content-length: 88

[DEBUG] Adding key: http://localhost:58532 for channel [id: 0x81528f68, L:/127.0.0.1:51667 - R:localhost/127.0.0.1:58532]
[DEBUG] Using pooled Channel '[id: 0x81528f68, L:/127.0.0.1:51667 - R:localhost/127.0.0.1:58532]' for 'POST' to 'http://localhost:58532/session/2c4bb47bf7fa80d39d4cc63eb91a048a/element/5f83ac54-a944-4668-baa3-dabd59ef25f3/value'
[DEBUG] Using open Channel [id: 0x81528f68, L:/127.0.0.1:51667 - R:localhost/127.0.0.1:58532] for POST '/session/2c4bb47bf7fa80d39d4cc63eb91a048a/element/5f83ac54-a944-4668-baa3-dabd59ef25f3/value'
[DEBUG] 

Request DefaultHttpRequest(decodeResult: success, version: HTTP/1.1)
POST /session/2c4bb47bf7fa80d39d4cc63eb91a048a/element/5f83ac54-a944-4668-baa3-dabd59ef25f3/value HTTP/1.1
User-Agent: selenium/4.2.1 (java windows)
Content-Length: 131
Content-Type: application/json; charset=utf-8
host: localhost:58532
accept: */*

Response DefaultHttpResponse(decodeResult: success, version: HTTP/1.1)
HTTP/1.1 200 OK
Content-Type: application/json; charset=utf-8
cache-control: no-cache
content-length: 14

[DEBUG] Adding key: http://localhost:58532 for channel [id: 0x81528f68, L:/127.0.0.1:51667 - R:localhost/127.0.0.1:58532]
[INFO ] 2022-08-10 21:20:44.634 [main] Steps - email address and password entered
[DEBUG] Using pooled Channel '[id: 0x81528f68, L:/127.0.0.1:51667 - R:localhost/127.0.0.1:58532]' for 'POST' to 'http://localhost:58532/session/2c4bb47bf7fa80d39d4cc63eb91a048a/element'
[DEBUG] Using open Channel [id: 0x81528f68, L:/127.0.0.1:51667 - R:localhost/127.0.0.1:58532] for POST '/session/2c4bb47bf7fa80d39d4cc63eb91a048a/element'
[DEBUG] 

Request DefaultHttpRequest(decodeResult: success, version: HTTP/1.1)
POST /session/2c4bb47bf7fa80d39d4cc63eb91a048a/element HTTP/1.1
User-Agent: selenium/4.2.1 (java windows)
Content-Length: 87
Content-Type: application/json; charset=utf-8
host: localhost:58532
accept: */*

Response DefaultHttpResponse(decodeResult: success, version: HTTP/1.1)
HTTP/1.1 200 OK
Content-Type: application/json; charset=utf-8
cache-control: no-cache
content-length: 88

[DEBUG] Adding key: http://localhost:58532 for channel [id: 0x81528f68, L:/127.0.0.1:51667 - R:localhost/127.0.0.1:58532]
[DEBUG] Using pooled Channel '[id: 0x81528f68, L:/127.0.0.1:51667 - R:localhost/127.0.0.1:58532]' for 'POST' to 'http://localhost:58532/session/2c4bb47bf7fa80d39d4cc63eb91a048a/element/17160386-a8f8-47c4-b317-18e46759c6da/click'
[DEBUG] Using open Channel [id: 0x81528f68, L:/127.0.0.1:51667 - R:localhost/127.0.0.1:58532] for POST '/session/2c4bb47bf7fa80d39d4cc63eb91a048a/element/17160386-a8f8-47c4-b317-18e46759c6da/click'
[DEBUG] Entry count for : http://localhost:51668 : 1
[DEBUG] Entry count for : http://localhost:51668 : 1
[DEBUG] 

Request DefaultHttpRequest(decodeResult: success, version: HTTP/1.1)
POST /session/2c4bb47bf7fa80d39d4cc63eb91a048a/element/17160386-a8f8-47c4-b317-18e46759c6da/click HTTP/1.1
User-Agent: selenium/4.2.1 (java windows)
Content-Length: 50
Content-Type: application/json; charset=utf-8
host: localhost:58532
accept: */*

Response DefaultHttpResponse(decodeResult: success, version: HTTP/1.1)
HTTP/1.1 200 OK
Content-Type: application/json; charset=utf-8
cache-control: no-cache
content-length: 14

[DEBUG] Adding key: http://localhost:58532 for channel [id: 0x81528f68, L:/127.0.0.1:51667 - R:localhost/127.0.0.1:58532]
[INFO ] 2022-08-10 21:20:47.429 [main] Steps - login button clicked
[DEBUG] Using pooled Channel '[id: 0x81528f68, L:/127.0.0.1:51667 - R:localhost/127.0.0.1:58532]' for 'GET' to 'http://localhost:58532/session/2c4bb47bf7fa80d39d4cc63eb91a048a/title'
[DEBUG] Using open Channel [id: 0x81528f68, L:/127.0.0.1:51667 - R:localhost/127.0.0.1:58532] for GET '/session/2c4bb47bf7fa80d39d4cc63eb91a048a/title'
[DEBUG] 

Request DefaultFullHttpRequest(decodeResult: success, version: HTTP/1.1, content: EmptyByteBufBE)
GET /session/2c4bb47bf7fa80d39d4cc63eb91a048a/title HTTP/1.1
User-Agent: selenium/4.2.1 (java windows)
Cache-Control: no-cache
Content-Type: application/json; charset=utf-8
host: localhost:58532
accept: */*

Response DefaultHttpResponse(decodeResult: success, version: HTTP/1.1)
HTTP/1.1 200 OK
Content-Type: application/json; charset=utf-8
cache-control: no-cache
content-length: 50

[DEBUG] Adding key: http://localhost:58532 for channel [id: 0x81528f68, L:/127.0.0.1:51667 - R:localhost/127.0.0.1:58532]
[INFO ] 2022-08-10 21:20:47.441 [main] Steps - user can view dashboard test passed.
[DEBUG] Using pooled Channel '[id: 0x81528f68, L:/127.0.0.1:51667 - R:localhost/127.0.0.1:58532]' for 'POST' to 'http://localhost:58532/session/2c4bb47bf7fa80d39d4cc63eb91a048a/element'
[DEBUG] Using open Channel [id: 0x81528f68, L:/127.0.0.1:51667 - R:localhost/127.0.0.1:58532] for POST '/session/2c4bb47bf7fa80d39d4cc63eb91a048a/element'
[DEBUG] 

Request DefaultHttpRequest(decodeResult: success, version: HTTP/1.1)
POST /session/2c4bb47bf7fa80d39d4cc63eb91a048a/element HTTP/1.1
User-Agent: selenium/4.2.1 (java windows)
Content-Length: 104
Content-Type: application/json; charset=utf-8
host: localhost:58532
accept: */*

Response DefaultHttpResponse(decodeResult: success, version: HTTP/1.1)
HTTP/1.1 200 OK
Content-Type: application/json; charset=utf-8
cache-control: no-cache
content-length: 88

[DEBUG] Adding key: http://localhost:58532 for channel [id: 0x81528f68, L:/127.0.0.1:51667 - R:localhost/127.0.0.1:58532]
[DEBUG] Using pooled Channel '[id: 0x81528f68, L:/127.0.0.1:51667 - R:localhost/127.0.0.1:58532]' for 'POST' to 'http://localhost:58532/session/2c4bb47bf7fa80d39d4cc63eb91a048a/element/4ea7bdb6-6c63-4337-851b-a68db834df41/click'
[DEBUG] Using open Channel [id: 0x81528f68, L:/127.0.0.1:51667 - R:localhost/127.0.0.1:58532] for POST '/session/2c4bb47bf7fa80d39d4cc63eb91a048a/element/4ea7bdb6-6c63-4337-851b-a68db834df41/click'
[DEBUG] 

Request DefaultHttpRequest(decodeResult: success, version: HTTP/1.1)
POST /session/2c4bb47bf7fa80d39d4cc63eb91a048a/element/4ea7bdb6-6c63-4337-851b-a68db834df41/click HTTP/1.1
User-Agent: selenium/4.2.1 (java windows)
Content-Length: 50
Content-Type: application/json; charset=utf-8
host: localhost:58532
accept: */*

Response DefaultHttpResponse(decodeResult: success, version: HTTP/1.1)
HTTP/1.1 200 OK
Content-Type: application/json; charset=utf-8
cache-control: no-cache
content-length: 14

[DEBUG] Adding key: http://localhost:58532 for channel [id: 0x81528f68, L:/127.0.0.1:51667 - R:localhost/127.0.0.1:58532]
[INFO ] 2022-08-10 21:20:47.518 [main] Steps - user clicked on customer menu..
[DEBUG] Entry count for : http://localhost:51668 : 1
[DEBUG] Entry count for : http://localhost:58532 : 1
[DEBUG] Entry count for : http://localhost:51668 : 1
[DEBUG] Entry count for : http://localhost:58532 : 1
[DEBUG] Using pooled Channel '[id: 0x81528f68, L:/127.0.0.1:51667 - R:localhost/127.0.0.1:58532]' for 'POST' to 'http://localhost:58532/session/2c4bb47bf7fa80d39d4cc63eb91a048a/element'
[DEBUG] Using open Channel [id: 0x81528f68, L:/127.0.0.1:51667 - R:localhost/127.0.0.1:58532] for POST '/session/2c4bb47bf7fa80d39d4cc63eb91a048a/element'
[DEBUG] 

Request DefaultHttpRequest(decodeResult: success, version: HTTP/1.1)
POST /session/2c4bb47bf7fa80d39d4cc63eb91a048a/element HTTP/1.1
User-Agent: selenium/4.2.1 (java windows)
Content-Length: 138
Content-Type: application/json; charset=utf-8
host: localhost:58532
accept: */*

Response DefaultHttpResponse(decodeResult: success, version: HTTP/1.1)
HTTP/1.1 200 OK
Content-Type: application/json; charset=utf-8
cache-control: no-cache
content-length: 88

[DEBUG] Adding key: http://localhost:58532 for channel [id: 0x81528f68, L:/127.0.0.1:51667 - R:localhost/127.0.0.1:58532]
[DEBUG] Using pooled Channel '[id: 0x81528f68, L:/127.0.0.1:51667 - R:localhost/127.0.0.1:58532]' for 'POST' to 'http://localhost:58532/session/2c4bb47bf7fa80d39d4cc63eb91a048a/element/50c7bdad-6370-47df-818e-4135852dcec7/click'
[DEBUG] Using open Channel [id: 0x81528f68, L:/127.0.0.1:51667 - R:localhost/127.0.0.1:58532] for POST '/session/2c4bb47bf7fa80d39d4cc63eb91a048a/element/50c7bdad-6370-47df-818e-4135852dcec7/click'
[DEBUG] Entry count for : http://localhost:51668 : 1
[DEBUG] Entry count for : http://localhost:51668 : 1
[DEBUG] 

Request DefaultHttpRequest(decodeResult: success, version: HTTP/1.1)
POST /session/2c4bb47bf7fa80d39d4cc63eb91a048a/element/50c7bdad-6370-47df-818e-4135852dcec7/click HTTP/1.1
User-Agent: selenium/4.2.1 (java windows)
Content-Length: 50
Content-Type: application/json; charset=utf-8
host: localhost:58532
accept: */*

Response DefaultHttpResponse(decodeResult: success, version: HTTP/1.1)
HTTP/1.1 200 OK
Content-Type: application/json; charset=utf-8
cache-control: no-cache
content-length: 14

[DEBUG] Adding key: http://localhost:58532 for channel [id: 0x81528f68, L:/127.0.0.1:51667 - R:localhost/127.0.0.1:58532]
[INFO ] 2022-08-10 21:20:51.007 [main] Steps - user clicked on customer menu..
[DEBUG] Using pooled Channel '[id: 0x81528f68, L:/127.0.0.1:51667 - R:localhost/127.0.0.1:58532]' for 'POST' to 'http://localhost:58532/session/2c4bb47bf7fa80d39d4cc63eb91a048a/element'
[DEBUG] Using open Channel [id: 0x81528f68, L:/127.0.0.1:51667 - R:localhost/127.0.0.1:58532] for POST '/session/2c4bb47bf7fa80d39d4cc63eb91a048a/element'
[DEBUG] 

Request DefaultHttpRequest(decodeResult: success, version: HTTP/1.1)
POST /session/2c4bb47bf7fa80d39d4cc63eb91a048a/element HTTP/1.1
User-Agent: selenium/4.2.1 (java windows)
Content-Length: 56
Content-Type: application/json; charset=utf-8
host: localhost:58532
accept: */*

Response DefaultHttpResponse(decodeResult: success, version: HTTP/1.1)
HTTP/1.1 200 OK
Content-Type: application/json; charset=utf-8
cache-control: no-cache
content-length: 88

[DEBUG] Adding key: http://localhost:58532 for channel [id: 0x81528f68, L:/127.0.0.1:51667 - R:localhost/127.0.0.1:58532]
[DEBUG] Using pooled Channel '[id: 0x81528f68, L:/127.0.0.1:51667 - R:localhost/127.0.0.1:58532]' for 'POST' to 'http://localhost:58532/session/2c4bb47bf7fa80d39d4cc63eb91a048a/element/c18de849-4505-4aa6-8e72-57c168793ce3/value'
[DEBUG] Using open Channel [id: 0x81528f68, L:/127.0.0.1:51667 - R:localhost/127.0.0.1:58532] for POST '/session/2c4bb47bf7fa80d39d4cc63eb91a048a/element/c18de849-4505-4aa6-8e72-57c168793ce3/value'
[DEBUG] 

Request DefaultHttpRequest(decodeResult: success, version: HTTP/1.1)
POST /session/2c4bb47bf7fa80d39d4cc63eb91a048a/element/c18de849-4505-4aa6-8e72-57c168793ce3/value HTTP/1.1
User-Agent: selenium/4.2.1 (java windows)
Content-Length: 411
Content-Type: application/json; charset=utf-8
host: localhost:58532
accept: */*

Response DefaultHttpResponse(decodeResult: success, version: HTTP/1.1)
HTTP/1.1 200 OK
Content-Type: application/json; charset=utf-8
cache-control: no-cache
content-length: 14

[DEBUG] Adding key: http://localhost:58532 for channel [id: 0x81528f68, L:/127.0.0.1:51667 - R:localhost/127.0.0.1:58532]
[INFO ] 2022-08-10 21:20:51.188 [main] Steps - email add entered..
[DEBUG] Using pooled Channel '[id: 0x81528f68, L:/127.0.0.1:51667 - R:localhost/127.0.0.1:58532]' for 'POST' to 'http://localhost:58532/session/2c4bb47bf7fa80d39d4cc63eb91a048a/element'
[DEBUG] Using open Channel [id: 0x81528f68, L:/127.0.0.1:51667 - R:localhost/127.0.0.1:58532] for POST '/session/2c4bb47bf7fa80d39d4cc63eb91a048a/element'
[DEBUG] 

Request DefaultHttpRequest(decodeResult: success, version: HTTP/1.1)
POST /session/2c4bb47bf7fa80d39d4cc63eb91a048a/element HTTP/1.1
User-Agent: selenium/4.2.1 (java windows)
Content-Length: 63
Content-Type: application/json; charset=utf-8
host: localhost:58532
accept: */*

Response DefaultHttpResponse(decodeResult: success, version: HTTP/1.1)
HTTP/1.1 200 OK
Content-Type: application/json; charset=utf-8
cache-control: no-cache
content-length: 88

[DEBUG] Adding key: http://localhost:58532 for channel [id: 0x81528f68, L:/127.0.0.1:51667 - R:localhost/127.0.0.1:58532]
[DEBUG] Using pooled Channel '[id: 0x81528f68, L:/127.0.0.1:51667 - R:localhost/127.0.0.1:58532]' for 'POST' to 'http://localhost:58532/session/2c4bb47bf7fa80d39d4cc63eb91a048a/element/ea2fc0be-4b0d-4e77-bc44-f6afc2843044/click'
[DEBUG] Using open Channel [id: 0x81528f68, L:/127.0.0.1:51667 - R:localhost/127.0.0.1:58532] for POST '/session/2c4bb47bf7fa80d39d4cc63eb91a048a/element/ea2fc0be-4b0d-4e77-bc44-f6afc2843044/click'
[DEBUG] 

Request DefaultHttpRequest(decodeResult: success, version: HTTP/1.1)
POST /session/2c4bb47bf7fa80d39d4cc63eb91a048a/element/ea2fc0be-4b0d-4e77-bc44-f6afc2843044/click HTTP/1.1
User-Agent: selenium/4.2.1 (java windows)
Content-Length: 50
Content-Type: application/json; charset=utf-8
host: localhost:58532
accept: */*

Response DefaultHttpResponse(decodeResult: success, version: HTTP/1.1)
HTTP/1.1 200 OK
Content-Type: application/json; charset=utf-8
cache-control: no-cache
content-length: 14

[DEBUG] Adding key: http://localhost:58532 for channel [id: 0x81528f68, L:/127.0.0.1:51667 - R:localhost/127.0.0.1:58532]
[INFO ] 2022-08-10 21:20:51.305 [main] Steps - Clicked on search button.
[DEBUG] Entry count for : http://localhost:51668 : 1
[DEBUG] Entry count for : http://localhost:58532 : 1
[DEBUG] Entry count for : http://localhost:51668 : 1
[DEBUG] Entry count for : http://localhost:58532 : 1
[DEBUG] Using pooled Channel '[id: 0x81528f68, L:/127.0.0.1:51667 - R:localhost/127.0.0.1:58532]' for 'POST' to 'http://localhost:58532/session/2c4bb47bf7fa80d39d4cc63eb91a048a/elements'
[DEBUG] Using open Channel [id: 0x81528f68, L:/127.0.0.1:51667 - R:localhost/127.0.0.1:58532] for POST '/session/2c4bb47bf7fa80d39d4cc63eb91a048a/elements'
[DEBUG] 

Request DefaultHttpRequest(decodeResult: success, version: HTTP/1.1)
POST /session/2c4bb47bf7fa80d39d4cc63eb91a048a/elements HTTP/1.1
User-Agent: selenium/4.2.1 (java windows)
Content-Length: 101
Content-Type: application/json; charset=utf-8
host: localhost:58532
accept: */*

Response DefaultHttpResponse(decodeResult: success, version: HTTP/1.1)
HTTP/1.1 200 OK
Content-Type: application/json; charset=utf-8
cache-control: no-cache
content-length: 90

[DEBUG] Adding key: http://localhost:58532 for channel [id: 0x81528f68, L:/127.0.0.1:51667 - R:localhost/127.0.0.1:58532]
[DEBUG] Using pooled Channel '[id: 0x81528f68, L:/127.0.0.1:51667 - R:localhost/127.0.0.1:58532]' for 'POST' to 'http://localhost:58532/session/2c4bb47bf7fa80d39d4cc63eb91a048a/elements'
[DEBUG] Using open Channel [id: 0x81528f68, L:/127.0.0.1:51667 - R:localhost/127.0.0.1:58532] for POST '/session/2c4bb47bf7fa80d39d4cc63eb91a048a/elements'
[DEBUG] 

Request DefaultHttpRequest(decodeResult: success, version: HTTP/1.1)
POST /session/2c4bb47bf7fa80d39d4cc63eb91a048a/elements HTTP/1.1
User-Agent: selenium/4.2.1 (java windows)
Content-Length: 112
Content-Type: application/json; charset=utf-8
host: localhost:58532
accept: */*

Response DefaultHttpResponse(decodeResult: success, version: HTTP/1.1)
HTTP/1.1 200 OK
Content-Type: application/json; charset=utf-8
cache-control: no-cache
content-length: 564

[DEBUG] Adding key: http://localhost:58532 for channel [id: 0x81528f68, L:/127.0.0.1:51667 - R:localhost/127.0.0.1:58532]
Searching row:1
[DEBUG] Using pooled Channel '[id: 0x81528f68, L:/127.0.0.1:51667 - R:localhost/127.0.0.1:58532]' for 'POST' to 'http://localhost:58532/session/2c4bb47bf7fa80d39d4cc63eb91a048a/element'
[DEBUG] Using open Channel [id: 0x81528f68, L:/127.0.0.1:51667 - R:localhost/127.0.0.1:58532] for POST '/session/2c4bb47bf7fa80d39d4cc63eb91a048a/element'
[DEBUG] 

Request DefaultHttpRequest(decodeResult: success, version: HTTP/1.1)
POST /session/2c4bb47bf7fa80d39d4cc63eb91a048a/element HTTP/1.1
User-Agent: selenium/4.2.1 (java windows)
Content-Length: 115
Content-Type: application/json; charset=utf-8
host: localhost:58532
accept: */*

Response DefaultHttpResponse(decodeResult: success, version: HTTP/1.1)
HTTP/1.1 200 OK
Content-Type: application/json; charset=utf-8
cache-control: no-cache
content-length: 88

[DEBUG] Adding key: http://localhost:58532 for channel [id: 0x81528f68, L:/127.0.0.1:51667 - R:localhost/127.0.0.1:58532]
[DEBUG] Using pooled Channel '[id: 0x81528f68, L:/127.0.0.1:51667 - R:localhost/127.0.0.1:58532]' for 'GET' to 'http://localhost:58532/session/2c4bb47bf7fa80d39d4cc63eb91a048a/element/880899fc-fe55-497d-a2ff-0d7644efd7fd/text'
[DEBUG] Using open Channel [id: 0x81528f68, L:/127.0.0.1:51667 - R:localhost/127.0.0.1:58532] for GET '/session/2c4bb47bf7fa80d39d4cc63eb91a048a/element/880899fc-fe55-497d-a2ff-0d7644efd7fd/text'
[DEBUG] 

Request DefaultFullHttpRequest(decodeResult: success, version: HTTP/1.1, content: EmptyByteBufBE)
GET /session/2c4bb47bf7fa80d39d4cc63eb91a048a/element/880899fc-fe55-497d-a2ff-0d7644efd7fd/text HTTP/1.1
User-Agent: selenium/4.2.1 (java windows)
Cache-Control: no-cache
Content-Type: application/json; charset=utf-8
host: localhost:58532
accept: */*

Response DefaultHttpResponse(decodeResult: success, version: HTTP/1.1)
HTTP/1.1 200 OK
Content-Type: application/json; charset=utf-8
cache-control: no-cache
content-length: 45

[DEBUG] Adding key: http://localhost:58532 for channel [id: 0x81528f68, L:/127.0.0.1:51667 - R:localhost/127.0.0.1:58532]
victoria_victoria@nopCommerce.com
[INFO ] 2022-08-10 21:20:53.422 [main] Steps - User should found Email in the Search table - passed
[DEBUG] Using pooled Channel '[id: 0x81528f68, L:/127.0.0.1:51667 - R:localhost/127.0.0.1:58532]' for 'DELETE' to 'http://localhost:58532/session/2c4bb47bf7fa80d39d4cc63eb91a048a/window'
[DEBUG] Using open Channel [id: 0x81528f68, L:/127.0.0.1:51667 - R:localhost/127.0.0.1:58532] for DELETE '/session/2c4bb47bf7fa80d39d4cc63eb91a048a/window'
[DEBUG] Unexpected I/O exception on channel [id: 0x90858a7b, L:/127.0.0.1:51674 - R:localhost/127.0.0.1:51668]
java.net.SocketException: Connection reset
	at java.base/sun.nio.ch.SocketChannelImpl.throwConnectionReset(SocketChannelImpl.java:394) ~[na:na]
	at java.base/sun.nio.ch.SocketChannelImpl.read(SocketChannelImpl.java:426) ~[na:na]
	at io.netty.buffer.PooledByteBuf.setBytes(PooledByteBuf.java:258) ~[netty-buffer-4.1.77.Final.jar:4.1.77.Final]
	at io.netty.buffer.AbstractByteBuf.writeBytes(AbstractByteBuf.java:1132) ~[netty-buffer-4.1.77.Final.jar:4.1.77.Final]
	at io.netty.channel.socket.nio.NioSocketChannel.doReadBytes(NioSocketChannel.java:357) ~[netty-transport-4.1.77.Final.jar:4.1.77.Final]
	at io.netty.channel.nio.AbstractNioByteChannel$NioByteUnsafe.read(AbstractNioByteChannel.java:151) ~[netty-transport-4.1.77.Final.jar:4.1.77.Final]
	at io.netty.channel.nio.NioEventLoop.processSelectedKey(NioEventLoop.java:722) ~[netty-transport-4.1.77.Final.jar:4.1.77.Final]
	at io.netty.channel.nio.NioEventLoop.processSelectedKeysOptimized(NioEventLoop.java:658) ~[netty-transport-4.1.77.Final.jar:4.1.77.Final]
	at io.netty.channel.nio.NioEventLoop.processSelectedKeys(NioEventLoop.java:584) ~[netty-transport-4.1.77.Final.jar:4.1.77.Final]
	at io.netty.channel.nio.NioEventLoop.run(NioEventLoop.java:496) ~[netty-transport-4.1.77.Final.jar:4.1.77.Final]
	at io.netty.util.concurrent.SingleThreadEventExecutor$4.run(SingleThreadEventExecutor.java:995) ~[netty-common-4.1.77.Final.jar:4.1.77.Final]
	at io.netty.util.internal.ThreadExecutorMap$2.run(ThreadExecutorMap.java:74) ~[netty-common-4.1.77.Final.jar:4.1.77.Final]
	at io.netty.util.concurrent.FastThreadLocalRunnable.run(FastThreadLocalRunnable.java:30) ~[netty-common-4.1.77.Final.jar:4.1.77.Final]
	at java.base/java.lang.Thread.run(Thread.java:833) ~[na:na]
[DEBUG] Unexpected I/O exception on channel [id: 0xb369bc04, L:/127.0.0.1:51675 - R:localhost/127.0.0.1:51668]
java.net.SocketException: Connection reset
	at java.base/sun.nio.ch.SocketChannelImpl.throwConnectionReset(SocketChannelImpl.java:394) ~[na:na]
	at java.base/sun.nio.ch.SocketChannelImpl.read(SocketChannelImpl.java:426) ~[na:na]
	at io.netty.buffer.PooledByteBuf.setBytes(PooledByteBuf.java:258) ~[netty-buffer-4.1.77.Final.jar:4.1.77.Final]
	at io.netty.buffer.AbstractByteBuf.writeBytes(AbstractByteBuf.java:1132) ~[netty-buffer-4.1.77.Final.jar:4.1.77.Final]
	at io.netty.channel.socket.nio.NioSocketChannel.doReadBytes(NioSocketChannel.java:357) ~[netty-transport-4.1.77.Final.jar:4.1.77.Final]
	at io.netty.channel.nio.AbstractNioByteChannel$NioByteUnsafe.read(AbstractNioByteChannel.java:151) ~[netty-transport-4.1.77.Final.jar:4.1.77.Final]
	at io.netty.channel.nio.NioEventLoop.processSelectedKey(NioEventLoop.java:722) ~[netty-transport-4.1.77.Final.jar:4.1.77.Final]
	at io.netty.channel.nio.NioEventLoop.processSelectedKeysOptimized(NioEventLoop.java:658) ~[netty-transport-4.1.77.Final.jar:4.1.77.Final]
	at io.netty.channel.nio.NioEventLoop.processSelectedKeys(NioEventLoop.java:584) ~[netty-transport-4.1.77.Final.jar:4.1.77.Final]
	at io.netty.channel.nio.NioEventLoop.run(NioEventLoop.java:496) ~[netty-transport-4.1.77.Final.jar:4.1.77.Final]
	at io.netty.util.concurrent.SingleThreadEventExecutor$4.run(SingleThreadEventExecutor.java:995) ~[netty-common-4.1.77.Final.jar:4.1.77.Final]
	at io.netty.util.internal.ThreadExecutorMap$2.run(ThreadExecutorMap.java:74) ~[netty-common-4.1.77.Final.jar:4.1.77.Final]
	at io.netty.util.concurrent.FastThreadLocalRunnable.run(FastThreadLocalRunnable.java:30) ~[netty-common-4.1.77.Final.jar:4.1.77.Final]
	at java.base/java.lang.Thread.run(Thread.java:833) ~[na:na]
[DEBUG] Closing Channel [id: 0x90858a7b, L:/127.0.0.1:51674 - R:localhost/127.0.0.1:51668] 
[DEBUG] Was unable to recover Future: NettyResponseFuture{currentRetry=0,
	isDone=1,
	isCancelled=0,
	asyncHandler=org.asynchttpclient.ws.WebSocketUpgradeHandler@2cfc5c98,
	nettyRequest=org.asynchttpclient.netty.request.NettyRequest@69fed763,
	future=java.util.concurrent.CompletableFuture@6ec216c3[Completed normally],
	uri=ws://localhost:51668/devtools/browser/7f12389c-2941-489a-9c26-2edbb7b94261,
	keepAlive=true,
	redirectCount=0,
	timeoutsHolder=null,
	inAuth=0,
	touch=1660146653497}
[DEBUG] Closing Channel [id: 0xb369bc04, L:/127.0.0.1:51675 - R:localhost/127.0.0.1:51668] 
[DEBUG] Channel Closed: [id: 0x90858a7b, L:/127.0.0.1:51674 ! R:localhost/127.0.0.1:51668] with attribute DISCARD
[WARN] onError
java.net.SocketException: Connection reset
	at java.base/sun.nio.ch.SocketChannelImpl.throwConnectionReset(SocketChannelImpl.java:394) ~[na:na]
	at java.base/sun.nio.ch.SocketChannelImpl.read(SocketChannelImpl.java:426) ~[na:na]
	at io.netty.buffer.PooledByteBuf.setBytes(PooledByteBuf.java:258) ~[netty-buffer-4.1.77.Final.jar:4.1.77.Final]
	at io.netty.buffer.AbstractByteBuf.writeBytes(AbstractByteBuf.java:1132) ~[netty-buffer-4.1.77.Final.jar:4.1.77.Final]
	at io.netty.channel.socket.nio.NioSocketChannel.doReadBytes(NioSocketChannel.java:357) ~[netty-transport-4.1.77.Final.jar:4.1.77.Final]
	at io.netty.channel.nio.AbstractNioByteChannel$NioByteUnsafe.read(AbstractNioByteChannel.java:151) ~[netty-transport-4.1.77.Final.jar:4.1.77.Final]
	at io.netty.channel.nio.NioEventLoop.processSelectedKey(NioEventLoop.java:722) ~[netty-transport-4.1.77.Final.jar:4.1.77.Final]
	at io.netty.channel.nio.NioEventLoop.processSelectedKeysOptimized(NioEventLoop.java:658) ~[netty-transport-4.1.77.Final.jar:4.1.77.Final]
	at io.netty.channel.nio.NioEventLoop.processSelectedKeys(NioEventLoop.java:584) ~[netty-transport-4.1.77.Final.jar:4.1.77.Final]
	at io.netty.channel.nio.NioEventLoop.run(NioEventLoop.java:496) ~[netty-transport-4.1.77.Final.jar:4.1.77.Final]
	at io.netty.util.concurrent.SingleThreadEventExecutor$4.run(SingleThreadEventExecutor.java:995) ~[netty-common-4.1.77.Final.jar:4.1.77.Final]
	at io.netty.util.internal.ThreadExecutorMap$2.run(ThreadExecutorMap.java:74) ~[netty-common-4.1.77.Final.jar:4.1.77.Final]
	at io.netty.util.concurrent.FastThreadLocalRunnable.run(FastThreadLocalRunnable.java:30) ~[netty-common-4.1.77.Final.jar:4.1.77.Final]
	at java.base/java.lang.Thread.run(Thread.java:833) ~[na:na]
[DEBUG] Closing Channel [id: 0xb369bc04, L:/127.0.0.1:51675 ! R:localhost/127.0.0.1:51668] 
[DEBUG] Channel Closed: [id: 0xb369bc04, L:/127.0.0.1:51675 ! R:localhost/127.0.0.1:51668] with attribute DISCARD
[DEBUG] 

Request DefaultFullHttpRequest(decodeResult: success, version: HTTP/1.1, content: EmptyByteBufBE)
DELETE /session/2c4bb47bf7fa80d39d4cc63eb91a048a/window HTTP/1.1
User-Agent: selenium/4.2.1 (java windows)
Content-Type: application/json; charset=utf-8
host: localhost:58532
accept: */*

Response DefaultHttpResponse(decodeResult: success, version: HTTP/1.1)
HTTP/1.1 200 OK
Content-Type: application/json; charset=utf-8
cache-control: no-cache
content-length: 12

[DEBUG] Adding key: http://localhost:58532 for channel [id: 0x81528f68, L:/127.0.0.1:51667 - R:localhost/127.0.0.1:58532]
[INFO ] 2022-08-10 21:20:53.520 [main] Steps -  browser closed..
 tear down method executed
[DEBUG] Using pooled Channel '[id: 0x81528f68, L:/127.0.0.1:51667 - R:localhost/127.0.0.1:58532]' for 'DELETE' to 'http://localhost:58532/session/2c4bb47bf7fa80d39d4cc63eb91a048a'
[DEBUG] Using open Channel [id: 0x81528f68, L:/127.0.0.1:51667 - R:localhost/127.0.0.1:58532] for DELETE '/session/2c4bb47bf7fa80d39d4cc63eb91a048a'
[DEBUG] 

Request DefaultFullHttpRequest(decodeResult: success, version: HTTP/1.1, content: EmptyByteBufBE)
DELETE /session/2c4bb47bf7fa80d39d4cc63eb91a048a HTTP/1.1
User-Agent: selenium/4.2.1 (java windows)
Content-Type: application/json; charset=utf-8
host: localhost:58532
accept: */*

Response DefaultHttpResponse(decodeResult: success, version: HTTP/1.1)
HTTP/1.1 200 OK
Content-Type: application/json; charset=utf-8
cache-control: no-cache
content-length: 14

[DEBUG] Adding key: http://localhost:58532 for channel [id: 0x81528f68, L:/127.0.0.1:51667 - R:localhost/127.0.0.1:58532]
[DEBUG] Channel Closed: [id: 0x81528f68, L:/127.0.0.1:51667 ! R:localhost/127.0.0.1:58532] with attribute DISCARD
]]></system-out>
    <system-err><![CDATA[Starting ChromeDriver 104.0.5112.79 (3cf3e8c8a07d104b9e1260c910efb8f383285dc5-refs/branch-heads/5112@{#1307}) on port 58532
Only local connections are allowed.
Please see https://chromedriver.chromium.org/security-considerations for suggestions on keeping ChromeDriver safe.
ChromeDriver was started successfully.
Aug 10, 2022 9:20:42 PM org.openqa.selenium.remote.ProtocolHandshake createSession
INFO: Detected upstream dialect: W3C
Aug 10, 2022 9:20:42 PM org.openqa.selenium.devtools.CdpVersionFinder findNearestMatch
WARNING: Unable to find an exact match for CDP version 104, so returning the closest version found: 102
Aug 10, 2022 9:20:42 PM org.openqa.selenium.devtools.CdpVersionFinder findNearestMatch
INFO: Found CDP implementation for version 104 of 102
Aug 10, 2022 9:20:53 PM org.openqa.selenium.remote.http.WebSocket$Listener onError
WARNING: Connection reset
java.net.SocketException: Connection reset
	at java.base/sun.nio.ch.SocketChannelImpl.throwConnectionReset(SocketChannelImpl.java:394)
	at java.base/sun.nio.ch.SocketChannelImpl.read(SocketChannelImpl.java:426)
	at io.netty.buffer.PooledByteBuf.setBytes(PooledByteBuf.java:258)
	at io.netty.buffer.AbstractByteBuf.writeBytes(AbstractByteBuf.java:1132)
	at io.netty.channel.socket.nio.NioSocketChannel.doReadBytes(NioSocketChannel.java:357)
	at io.netty.channel.nio.AbstractNioByteChannel$NioByteUnsafe.read(AbstractNioByteChannel.java:151)
	at io.netty.channel.nio.NioEventLoop.processSelectedKey(NioEventLoop.java:722)
	at io.netty.channel.nio.NioEventLoop.processSelectedKeysOptimized(NioEventLoop.java:658)
	at io.netty.channel.nio.NioEventLoop.processSelectedKeys(NioEventLoop.java:584)
	at io.netty.channel.nio.NioEventLoop.run(NioEventLoop.java:496)
	at io.netty.util.concurrent.SingleThreadEventExecutor$4.run(SingleThreadEventExecutor.java:995)
	at io.netty.util.internal.ThreadExecutorMap$2.run(ThreadExecutorMap.java:74)
	at io.netty.util.concurrent.FastThreadLocalRunnable.run(FastThreadLocalRunnable.java:30)
	at java.base/java.lang.Thread.run(Thread.java:833)

]]></system-err>
  </testcase>
  <testcase name="runScenario[&quot;Search Customer by Name&quot;, &quot;AddCustomer&quot;](3)" classname="runner.Runner" time="13.47">
    <system-out><![CDATA[Setup-Sanity method executed..
[DEBUG] Resolution chrome=104 in cache (valid until 22:20:16 10/08/2022 IST)
[DEBUG] Resolution chrome104=104.0.5112.79 in cache (valid until 21:20:16 11/08/2022 IST)
[INFO] Using chromedriver 104.0.5112.79 (resolved driver for Chrome 104)
[DEBUG] Driver chromedriver 104.0.5112.79 found in cache
[INFO] Exporting webdriver.chrome.driver as C:\Users\Mahesh\.cache\selenium\chromedriver\win32\104.0.5112.79\chromedriver.exe
[DEBUG] Using new Channel '[id: 0x19b36d16, L:/127.0.0.1:51691 - R:localhost/127.0.0.1:52767]' for 'POST' to '/session'
[DEBUG] Entry count for : http://localhost:51668 : 1
[DEBUG] Entry count for : http://localhost:58532 : 1
[DEBUG] Adding Candidate expired Channel [id: 0x90858a7b, L:/127.0.0.1:51674 ! R:localhost/127.0.0.1:51668] isIdleTimeoutExpired=false isRemotelyClosed=true isTtlExpired=false
[DEBUG] Closing Idle Channel [id: 0x90858a7b, L:/127.0.0.1:51674 ! R:localhost/127.0.0.1:51668]
[DEBUG] Adding Candidate expired Channel [id: 0x81528f68, L:/127.0.0.1:51667 ! R:localhost/127.0.0.1:58532] isIdleTimeoutExpired=false isRemotelyClosed=true isTtlExpired=false
[DEBUG] Closing Idle Channel [id: 0x81528f68, L:/127.0.0.1:51667 ! R:localhost/127.0.0.1:58532]
[DEBUG] Closed 2 connections out of 2 in 1 ms
[DEBUG] 

Request DefaultHttpRequest(decodeResult: success, version: HTTP/1.1)
POST /session HTTP/1.1
User-Agent: selenium/4.2.1 (java windows)
Content-Length: 365
Content-Type: application/json; charset=utf-8
host: localhost:52767
accept: */*

Response DefaultHttpResponse(decodeResult: success, version: HTTP/1.1)
HTTP/1.1 200 OK
Content-Type: application/json; charset=utf-8
cache-control: no-cache
content-length: 791

[DEBUG] Adding key: http://localhost:52767 for channel [id: 0x19b36d16, L:/127.0.0.1:51691 - R:localhost/127.0.0.1:52767]
[DEBUG] Using new Channel '[id: 0x20f06729, L:/127.0.0.1:51698 - R:localhost/127.0.0.1:51692]' for 'GET' to '/json/version'
[DEBUG] 

Request DefaultFullHttpRequest(decodeResult: success, version: HTTP/1.1, content: EmptyByteBufBE)
GET /json/version HTTP/1.1
User-Agent: selenium/4.2.1 (java windows)
host: localhost:51692
accept: */*

Response DefaultHttpResponse(decodeResult: success, version: HTTP/1.1)
HTTP/1.1 200 OK
Content-Type: application/json; charset=UTF-8
content-length: 427

[DEBUG] Adding key: http://localhost:51692 for channel [id: 0x20f06729, L:/127.0.0.1:51698 - R:localhost/127.0.0.1:51692]
[DEBUG] Using new Channel '[id: 0xfcc69783, L:/127.0.0.1:51699 - R:localhost/127.0.0.1:51692]' for 'GET' to '/devtools/browser/a991ba97-93c7-454e-ad36-61abcf1b3e6a'
[DEBUG] 

Request DefaultFullHttpRequest(decodeResult: success, version: HTTP/1.1, content: EmptyByteBufBE)
GET /devtools/browser/a991ba97-93c7-454e-ad36-61abcf1b3e6a HTTP/1.1
upgrade: websocket
connection: upgrade
sec-websocket-key: Tuu3s/IETTPSMny02uSPwQ==
sec-websocket-version: 13
origin: http://localhost:51692
host: localhost:51692
accept: */*
user-agent: AHC/2.1

Response DefaultHttpResponse(decodeResult: success, version: HTTP/1.1)
HTTP/1.1 101 WebSocket Protocol Handshake
Upgrade: WebSocket
Connection: Upgrade
Sec-WebSocket-Accept: 1gBmEfJsicSuASv9JSF1E9TAnlA=

[FATAL] 2022-08-10 21:20:54.518 [main] Steps - Setup1 executed...
[INFO ] 2022-08-10 21:20:54.522 [main] Steps - chrome browser launced..
[DEBUG] Using pooled Channel '[id: 0x19b36d16, L:/127.0.0.1:51691 - R:localhost/127.0.0.1:52767]' for 'POST' to 'http://localhost:52767/session/38cc67c97c99ecf5eaf8e3a2211c3b9f/url'
[DEBUG] Using open Channel [id: 0x19b36d16, L:/127.0.0.1:51691 - R:localhost/127.0.0.1:52767] for POST '/session/38cc67c97c99ecf5eaf8e3a2211c3b9f/url'
[DEBUG] Entry count for : http://localhost:51692 : 1
[DEBUG] Entry count for : http://localhost:51692 : 1
[DEBUG] 

Request DefaultHttpRequest(decodeResult: success, version: HTTP/1.1)
POST /session/38cc67c97c99ecf5eaf8e3a2211c3b9f/url HTTP/1.1
User-Agent: selenium/4.2.1 (java windows)
Content-Length: 69
Content-Type: application/json; charset=utf-8
host: localhost:52767
accept: */*

Response DefaultHttpResponse(decodeResult: success, version: HTTP/1.1)
HTTP/1.1 200 OK
Content-Type: application/json; charset=utf-8
cache-control: no-cache
content-length: 14

[DEBUG] Adding key: http://localhost:52767 for channel [id: 0x19b36d16, L:/127.0.0.1:51691 - R:localhost/127.0.0.1:52767]
[INFO ] 2022-08-10 21:20:56.843 [main] Steps - url opened launced..
[DEBUG] Using pooled Channel '[id: 0x19b36d16, L:/127.0.0.1:51691 - R:localhost/127.0.0.1:52767]' for 'POST' to 'http://localhost:52767/session/38cc67c97c99ecf5eaf8e3a2211c3b9f/element'
[DEBUG] Using open Channel [id: 0x19b36d16, L:/127.0.0.1:51691 - R:localhost/127.0.0.1:52767] for POST '/session/38cc67c97c99ecf5eaf8e3a2211c3b9f/element'
[DEBUG] 

Request DefaultHttpRequest(decodeResult: success, version: HTTP/1.1)
POST /session/38cc67c97c99ecf5eaf8e3a2211c3b9f/element HTTP/1.1
User-Agent: selenium/4.2.1 (java windows)
Content-Length: 50
Content-Type: application/json; charset=utf-8
host: localhost:52767
accept: */*

Response DefaultHttpResponse(decodeResult: success, version: HTTP/1.1)
HTTP/1.1 200 OK
Content-Type: application/json; charset=utf-8
cache-control: no-cache
content-length: 88

[DEBUG] Adding key: http://localhost:52767 for channel [id: 0x19b36d16, L:/127.0.0.1:51691 - R:localhost/127.0.0.1:52767]
[DEBUG] Using pooled Channel '[id: 0x19b36d16, L:/127.0.0.1:51691 - R:localhost/127.0.0.1:52767]' for 'POST' to 'http://localhost:52767/session/38cc67c97c99ecf5eaf8e3a2211c3b9f/element/51a5f5b7-3cf3-4dec-a3ca-85cc2f281702/clear'
[DEBUG] Using open Channel [id: 0x19b36d16, L:/127.0.0.1:51691 - R:localhost/127.0.0.1:52767] for POST '/session/38cc67c97c99ecf5eaf8e3a2211c3b9f/element/51a5f5b7-3cf3-4dec-a3ca-85cc2f281702/clear'
[DEBUG] 

Request DefaultHttpRequest(decodeResult: success, version: HTTP/1.1)
POST /session/38cc67c97c99ecf5eaf8e3a2211c3b9f/element/51a5f5b7-3cf3-4dec-a3ca-85cc2f281702/clear HTTP/1.1
User-Agent: selenium/4.2.1 (java windows)
Content-Length: 50
Content-Type: application/json; charset=utf-8
host: localhost:52767
accept: */*

Response DefaultHttpResponse(decodeResult: success, version: HTTP/1.1)
HTTP/1.1 200 OK
Content-Type: application/json; charset=utf-8
cache-control: no-cache
content-length: 14

[DEBUG] Adding key: http://localhost:52767 for channel [id: 0x19b36d16, L:/127.0.0.1:51691 - R:localhost/127.0.0.1:52767]
[DEBUG] Using pooled Channel '[id: 0x19b36d16, L:/127.0.0.1:51691 - R:localhost/127.0.0.1:52767]' for 'POST' to 'http://localhost:52767/session/38cc67c97c99ecf5eaf8e3a2211c3b9f/element'
[DEBUG] Using open Channel [id: 0x19b36d16, L:/127.0.0.1:51691 - R:localhost/127.0.0.1:52767] for POST '/session/38cc67c97c99ecf5eaf8e3a2211c3b9f/element'
[DEBUG] 

Request DefaultHttpRequest(decodeResult: success, version: HTTP/1.1)
POST /session/38cc67c97c99ecf5eaf8e3a2211c3b9f/element HTTP/1.1
User-Agent: selenium/4.2.1 (java windows)
Content-Length: 50
Content-Type: application/json; charset=utf-8
host: localhost:52767
accept: */*

Response DefaultHttpResponse(decodeResult: success, version: HTTP/1.1)
HTTP/1.1 200 OK
Content-Type: application/json; charset=utf-8
cache-control: no-cache
content-length: 88

[DEBUG] Adding key: http://localhost:52767 for channel [id: 0x19b36d16, L:/127.0.0.1:51691 - R:localhost/127.0.0.1:52767]
[DEBUG] Using pooled Channel '[id: 0x19b36d16, L:/127.0.0.1:51691 - R:localhost/127.0.0.1:52767]' for 'POST' to 'http://localhost:52767/session/38cc67c97c99ecf5eaf8e3a2211c3b9f/element/51a5f5b7-3cf3-4dec-a3ca-85cc2f281702/value'
[DEBUG] Using open Channel [id: 0x19b36d16, L:/127.0.0.1:51691 - R:localhost/127.0.0.1:52767] for POST '/session/38cc67c97c99ecf5eaf8e3a2211c3b9f/element/51a5f5b7-3cf3-4dec-a3ca-85cc2f281702/value'
[DEBUG] 

Request DefaultHttpRequest(decodeResult: success, version: HTTP/1.1)
POST /session/38cc67c97c99ecf5eaf8e3a2211c3b9f/element/51a5f5b7-3cf3-4dec-a3ca-85cc2f281702/value HTTP/1.1
User-Agent: selenium/4.2.1 (java windows)
Content-Length: 271
Content-Type: application/json; charset=utf-8
host: localhost:52767
accept: */*

Response DefaultHttpResponse(decodeResult: success, version: HTTP/1.1)
HTTP/1.1 200 OK
Content-Type: application/json; charset=utf-8
cache-control: no-cache
content-length: 14

[DEBUG] Adding key: http://localhost:52767 for channel [id: 0x19b36d16, L:/127.0.0.1:51691 - R:localhost/127.0.0.1:52767]
[DEBUG] Using pooled Channel '[id: 0x19b36d16, L:/127.0.0.1:51691 - R:localhost/127.0.0.1:52767]' for 'POST' to 'http://localhost:52767/session/38cc67c97c99ecf5eaf8e3a2211c3b9f/element'
[DEBUG] Using open Channel [id: 0x19b36d16, L:/127.0.0.1:51691 - R:localhost/127.0.0.1:52767] for POST '/session/38cc67c97c99ecf5eaf8e3a2211c3b9f/element'
[DEBUG] 

Request DefaultHttpRequest(decodeResult: success, version: HTTP/1.1)
POST /session/38cc67c97c99ecf5eaf8e3a2211c3b9f/element HTTP/1.1
User-Agent: selenium/4.2.1 (java windows)
Content-Length: 53
Content-Type: application/json; charset=utf-8
host: localhost:52767
accept: */*

Response DefaultHttpResponse(decodeResult: success, version: HTTP/1.1)
HTTP/1.1 200 OK
Content-Type: application/json; charset=utf-8
cache-control: no-cache
content-length: 88

[DEBUG] Adding key: http://localhost:52767 for channel [id: 0x19b36d16, L:/127.0.0.1:51691 - R:localhost/127.0.0.1:52767]
[DEBUG] Using pooled Channel '[id: 0x19b36d16, L:/127.0.0.1:51691 - R:localhost/127.0.0.1:52767]' for 'POST' to 'http://localhost:52767/session/38cc67c97c99ecf5eaf8e3a2211c3b9f/element/bf65c622-d77f-4eff-9588-ed5df3ee80e4/clear'
[DEBUG] Using open Channel [id: 0x19b36d16, L:/127.0.0.1:51691 - R:localhost/127.0.0.1:52767] for POST '/session/38cc67c97c99ecf5eaf8e3a2211c3b9f/element/bf65c622-d77f-4eff-9588-ed5df3ee80e4/clear'
[DEBUG] 

Request DefaultHttpRequest(decodeResult: success, version: HTTP/1.1)
POST /session/38cc67c97c99ecf5eaf8e3a2211c3b9f/element/bf65c622-d77f-4eff-9588-ed5df3ee80e4/clear HTTP/1.1
User-Agent: selenium/4.2.1 (java windows)
Content-Length: 50
Content-Type: application/json; charset=utf-8
host: localhost:52767
accept: */*

Response DefaultHttpResponse(decodeResult: success, version: HTTP/1.1)
HTTP/1.1 200 OK
Content-Type: application/json; charset=utf-8
cache-control: no-cache
content-length: 14

[DEBUG] Adding key: http://localhost:52767 for channel [id: 0x19b36d16, L:/127.0.0.1:51691 - R:localhost/127.0.0.1:52767]
[DEBUG] Using pooled Channel '[id: 0x19b36d16, L:/127.0.0.1:51691 - R:localhost/127.0.0.1:52767]' for 'POST' to 'http://localhost:52767/session/38cc67c97c99ecf5eaf8e3a2211c3b9f/element'
[DEBUG] Using open Channel [id: 0x19b36d16, L:/127.0.0.1:51691 - R:localhost/127.0.0.1:52767] for POST '/session/38cc67c97c99ecf5eaf8e3a2211c3b9f/element'
[DEBUG] 

Request DefaultHttpRequest(decodeResult: success, version: HTTP/1.1)
POST /session/38cc67c97c99ecf5eaf8e3a2211c3b9f/element HTTP/1.1
User-Agent: selenium/4.2.1 (java windows)
Content-Length: 53
Content-Type: application/json; charset=utf-8
host: localhost:52767
accept: */*

Response DefaultHttpResponse(decodeResult: success, version: HTTP/1.1)
HTTP/1.1 200 OK
Content-Type: application/json; charset=utf-8
cache-control: no-cache
content-length: 88

[DEBUG] Adding key: http://localhost:52767 for channel [id: 0x19b36d16, L:/127.0.0.1:51691 - R:localhost/127.0.0.1:52767]
[DEBUG] Using pooled Channel '[id: 0x19b36d16, L:/127.0.0.1:51691 - R:localhost/127.0.0.1:52767]' for 'POST' to 'http://localhost:52767/session/38cc67c97c99ecf5eaf8e3a2211c3b9f/element/bf65c622-d77f-4eff-9588-ed5df3ee80e4/value'
[DEBUG] Using open Channel [id: 0x19b36d16, L:/127.0.0.1:51691 - R:localhost/127.0.0.1:52767] for POST '/session/38cc67c97c99ecf5eaf8e3a2211c3b9f/element/bf65c622-d77f-4eff-9588-ed5df3ee80e4/value'
[DEBUG] 

Request DefaultHttpRequest(decodeResult: success, version: HTTP/1.1)
POST /session/38cc67c97c99ecf5eaf8e3a2211c3b9f/element/bf65c622-d77f-4eff-9588-ed5df3ee80e4/value HTTP/1.1
User-Agent: selenium/4.2.1 (java windows)
Content-Length: 131
Content-Type: application/json; charset=utf-8
host: localhost:52767
accept: */*

Response DefaultHttpResponse(decodeResult: success, version: HTTP/1.1)
HTTP/1.1 200 OK
Content-Type: application/json; charset=utf-8
cache-control: no-cache
content-length: 14

[DEBUG] Adding key: http://localhost:52767 for channel [id: 0x19b36d16, L:/127.0.0.1:51691 - R:localhost/127.0.0.1:52767]
[INFO ] 2022-08-10 21:20:57.120 [main] Steps - email address and password entered
[DEBUG] Using pooled Channel '[id: 0x19b36d16, L:/127.0.0.1:51691 - R:localhost/127.0.0.1:52767]' for 'POST' to 'http://localhost:52767/session/38cc67c97c99ecf5eaf8e3a2211c3b9f/element'
[DEBUG] Using open Channel [id: 0x19b36d16, L:/127.0.0.1:51691 - R:localhost/127.0.0.1:52767] for POST '/session/38cc67c97c99ecf5eaf8e3a2211c3b9f/element'
[DEBUG] 

Request DefaultHttpRequest(decodeResult: success, version: HTTP/1.1)
POST /session/38cc67c97c99ecf5eaf8e3a2211c3b9f/element HTTP/1.1
User-Agent: selenium/4.2.1 (java windows)
Content-Length: 87
Content-Type: application/json; charset=utf-8
host: localhost:52767
accept: */*

Response DefaultHttpResponse(decodeResult: success, version: HTTP/1.1)
HTTP/1.1 200 OK
Content-Type: application/json; charset=utf-8
cache-control: no-cache
content-length: 88

[DEBUG] Adding key: http://localhost:52767 for channel [id: 0x19b36d16, L:/127.0.0.1:51691 - R:localhost/127.0.0.1:52767]
[DEBUG] Using pooled Channel '[id: 0x19b36d16, L:/127.0.0.1:51691 - R:localhost/127.0.0.1:52767]' for 'POST' to 'http://localhost:52767/session/38cc67c97c99ecf5eaf8e3a2211c3b9f/element/566d5a13-f88d-45ab-a996-1f679ae14ead/click'
[DEBUG] Using open Channel [id: 0x19b36d16, L:/127.0.0.1:51691 - R:localhost/127.0.0.1:52767] for POST '/session/38cc67c97c99ecf5eaf8e3a2211c3b9f/element/566d5a13-f88d-45ab-a996-1f679ae14ead/click'
[DEBUG] Entry count for : http://localhost:51692 : 1
[DEBUG] Entry count for : http://localhost:51692 : 1
[DEBUG] Entry count for : http://localhost:51692 : 1
[DEBUG] Entry count for : http://localhost:51692 : 1
[DEBUG] 

Request DefaultHttpRequest(decodeResult: success, version: HTTP/1.1)
POST /session/38cc67c97c99ecf5eaf8e3a2211c3b9f/element/566d5a13-f88d-45ab-a996-1f679ae14ead/click HTTP/1.1
User-Agent: selenium/4.2.1 (java windows)
Content-Length: 50
Content-Type: application/json; charset=utf-8
host: localhost:52767
accept: */*

Response DefaultHttpResponse(decodeResult: success, version: HTTP/1.1)
HTTP/1.1 200 OK
Content-Type: application/json; charset=utf-8
cache-control: no-cache
content-length: 14

[DEBUG] Adding key: http://localhost:52767 for channel [id: 0x19b36d16, L:/127.0.0.1:51691 - R:localhost/127.0.0.1:52767]
[INFO ] 2022-08-10 21:21:00.826 [main] Steps - login button clicked
[DEBUG] Using pooled Channel '[id: 0x19b36d16, L:/127.0.0.1:51691 - R:localhost/127.0.0.1:52767]' for 'GET' to 'http://localhost:52767/session/38cc67c97c99ecf5eaf8e3a2211c3b9f/title'
[DEBUG] Using open Channel [id: 0x19b36d16, L:/127.0.0.1:51691 - R:localhost/127.0.0.1:52767] for GET '/session/38cc67c97c99ecf5eaf8e3a2211c3b9f/title'
[DEBUG] 

Request DefaultFullHttpRequest(decodeResult: success, version: HTTP/1.1, content: EmptyByteBufBE)
GET /session/38cc67c97c99ecf5eaf8e3a2211c3b9f/title HTTP/1.1
User-Agent: selenium/4.2.1 (java windows)
Cache-Control: no-cache
Content-Type: application/json; charset=utf-8
host: localhost:52767
accept: */*

Response DefaultHttpResponse(decodeResult: success, version: HTTP/1.1)
HTTP/1.1 200 OK
Content-Type: application/json; charset=utf-8
cache-control: no-cache
content-length: 50

[DEBUG] Adding key: http://localhost:52767 for channel [id: 0x19b36d16, L:/127.0.0.1:51691 - R:localhost/127.0.0.1:52767]
[INFO ] 2022-08-10 21:21:00.835 [main] Steps - user can view dashboard test passed.
[DEBUG] Using pooled Channel '[id: 0x19b36d16, L:/127.0.0.1:51691 - R:localhost/127.0.0.1:52767]' for 'POST' to 'http://localhost:52767/session/38cc67c97c99ecf5eaf8e3a2211c3b9f/element'
[DEBUG] Using open Channel [id: 0x19b36d16, L:/127.0.0.1:51691 - R:localhost/127.0.0.1:52767] for POST '/session/38cc67c97c99ecf5eaf8e3a2211c3b9f/element'
[DEBUG] 

Request DefaultHttpRequest(decodeResult: success, version: HTTP/1.1)
POST /session/38cc67c97c99ecf5eaf8e3a2211c3b9f/element HTTP/1.1
User-Agent: selenium/4.2.1 (java windows)
Content-Length: 104
Content-Type: application/json; charset=utf-8
host: localhost:52767
accept: */*

Response DefaultHttpResponse(decodeResult: success, version: HTTP/1.1)
HTTP/1.1 200 OK
Content-Type: application/json; charset=utf-8
cache-control: no-cache
content-length: 88

[DEBUG] Adding key: http://localhost:52767 for channel [id: 0x19b36d16, L:/127.0.0.1:51691 - R:localhost/127.0.0.1:52767]
[DEBUG] Using pooled Channel '[id: 0x19b36d16, L:/127.0.0.1:51691 - R:localhost/127.0.0.1:52767]' for 'POST' to 'http://localhost:52767/session/38cc67c97c99ecf5eaf8e3a2211c3b9f/element/5c3f166e-12f0-4486-a883-0f5a56de17a7/click'
[DEBUG] Using open Channel [id: 0x19b36d16, L:/127.0.0.1:51691 - R:localhost/127.0.0.1:52767] for POST '/session/38cc67c97c99ecf5eaf8e3a2211c3b9f/element/5c3f166e-12f0-4486-a883-0f5a56de17a7/click'
[DEBUG] 

Request DefaultHttpRequest(decodeResult: success, version: HTTP/1.1)
POST /session/38cc67c97c99ecf5eaf8e3a2211c3b9f/element/5c3f166e-12f0-4486-a883-0f5a56de17a7/click HTTP/1.1
User-Agent: selenium/4.2.1 (java windows)
Content-Length: 50
Content-Type: application/json; charset=utf-8
host: localhost:52767
accept: */*

Response DefaultHttpResponse(decodeResult: success, version: HTTP/1.1)
HTTP/1.1 200 OK
Content-Type: application/json; charset=utf-8
cache-control: no-cache
content-length: 14

[DEBUG] Adding key: http://localhost:52767 for channel [id: 0x19b36d16, L:/127.0.0.1:51691 - R:localhost/127.0.0.1:52767]
[INFO ] 2022-08-10 21:21:00.921 [main] Steps - user clicked on customer menu..
[DEBUG] Entry count for : http://localhost:52767 : 1
[DEBUG] Entry count for : http://localhost:51692 : 1
[DEBUG] Using pooled Channel '[id: 0x19b36d16, L:/127.0.0.1:51691 - R:localhost/127.0.0.1:52767]' for 'POST' to 'http://localhost:52767/session/38cc67c97c99ecf5eaf8e3a2211c3b9f/element'
[DEBUG] Using open Channel [id: 0x19b36d16, L:/127.0.0.1:51691 - R:localhost/127.0.0.1:52767] for POST '/session/38cc67c97c99ecf5eaf8e3a2211c3b9f/element'
[DEBUG] 

Request DefaultHttpRequest(decodeResult: success, version: HTTP/1.1)
POST /session/38cc67c97c99ecf5eaf8e3a2211c3b9f/element HTTP/1.1
User-Agent: selenium/4.2.1 (java windows)
Content-Length: 138
Content-Type: application/json; charset=utf-8
host: localhost:52767
accept: */*

Response DefaultHttpResponse(decodeResult: success, version: HTTP/1.1)
HTTP/1.1 200 OK
Content-Type: application/json; charset=utf-8
cache-control: no-cache
content-length: 88

[DEBUG] Adding key: http://localhost:52767 for channel [id: 0x19b36d16, L:/127.0.0.1:51691 - R:localhost/127.0.0.1:52767]
[DEBUG] Using pooled Channel '[id: 0x19b36d16, L:/127.0.0.1:51691 - R:localhost/127.0.0.1:52767]' for 'POST' to 'http://localhost:52767/session/38cc67c97c99ecf5eaf8e3a2211c3b9f/element/26ec508e-93ac-428b-8a3d-145f7f98a556/click'
[DEBUG] Using open Channel [id: 0x19b36d16, L:/127.0.0.1:51691 - R:localhost/127.0.0.1:52767] for POST '/session/38cc67c97c99ecf5eaf8e3a2211c3b9f/element/26ec508e-93ac-428b-8a3d-145f7f98a556/click'
[DEBUG] Entry count for : http://localhost:51692 : 1
[DEBUG] Entry count for : http://localhost:51692 : 1
[DEBUG] 

Request DefaultHttpRequest(decodeResult: success, version: HTTP/1.1)
POST /session/38cc67c97c99ecf5eaf8e3a2211c3b9f/element/26ec508e-93ac-428b-8a3d-145f7f98a556/click HTTP/1.1
User-Agent: selenium/4.2.1 (java windows)
Content-Length: 50
Content-Type: application/json; charset=utf-8
host: localhost:52767
accept: */*

Response DefaultHttpResponse(decodeResult: success, version: HTTP/1.1)
HTTP/1.1 200 OK
Content-Type: application/json; charset=utf-8
cache-control: no-cache
content-length: 14

[DEBUG] Adding key: http://localhost:52767 for channel [id: 0x19b36d16, L:/127.0.0.1:51691 - R:localhost/127.0.0.1:52767]
[INFO ] 2022-08-10 21:21:04.510 [main] Steps - user clicked on customer menu..
[DEBUG] Using pooled Channel '[id: 0x19b36d16, L:/127.0.0.1:51691 - R:localhost/127.0.0.1:52767]' for 'POST' to 'http://localhost:52767/session/38cc67c97c99ecf5eaf8e3a2211c3b9f/element'
[DEBUG] Using open Channel [id: 0x19b36d16, L:/127.0.0.1:51691 - R:localhost/127.0.0.1:52767] for POST '/session/38cc67c97c99ecf5eaf8e3a2211c3b9f/element'
[DEBUG] 

Request DefaultHttpRequest(decodeResult: success, version: HTTP/1.1)
POST /session/38cc67c97c99ecf5eaf8e3a2211c3b9f/element HTTP/1.1
User-Agent: selenium/4.2.1 (java windows)
Content-Length: 60
Content-Type: application/json; charset=utf-8
host: localhost:52767
accept: */*

Response DefaultHttpResponse(decodeResult: success, version: HTTP/1.1)
HTTP/1.1 200 OK
Content-Type: application/json; charset=utf-8
cache-control: no-cache
content-length: 88

[DEBUG] Adding key: http://localhost:52767 for channel [id: 0x19b36d16, L:/127.0.0.1:51691 - R:localhost/127.0.0.1:52767]
[DEBUG] Using pooled Channel '[id: 0x19b36d16, L:/127.0.0.1:51691 - R:localhost/127.0.0.1:52767]' for 'POST' to 'http://localhost:52767/session/38cc67c97c99ecf5eaf8e3a2211c3b9f/element/7f49a917-e65c-459c-925a-fab0e74bf219/value'
[DEBUG] Using open Channel [id: 0x19b36d16, L:/127.0.0.1:51691 - R:localhost/127.0.0.1:52767] for POST '/session/38cc67c97c99ecf5eaf8e3a2211c3b9f/element/7f49a917-e65c-459c-925a-fab0e74bf219/value'
[DEBUG] 

Request DefaultHttpRequest(decodeResult: success, version: HTTP/1.1)
POST /session/38cc67c97c99ecf5eaf8e3a2211c3b9f/element/7f49a917-e65c-459c-925a-fab0e74bf219/value HTTP/1.1
User-Agent: selenium/4.2.1 (java windows)
Content-Length: 161
Content-Type: application/json; charset=utf-8
host: localhost:52767
accept: */*

Response DefaultHttpResponse(decodeResult: success, version: HTTP/1.1)
HTTP/1.1 200 OK
Content-Type: application/json; charset=utf-8
cache-control: no-cache
content-length: 14

[DEBUG] Adding key: http://localhost:52767 for channel [id: 0x19b36d16, L:/127.0.0.1:51691 - R:localhost/127.0.0.1:52767]
[INFO ] 2022-08-10 21:21:04.631 [main] Steps - user enter firstname..
[DEBUG] Using pooled Channel '[id: 0x19b36d16, L:/127.0.0.1:51691 - R:localhost/127.0.0.1:52767]' for 'POST' to 'http://localhost:52767/session/38cc67c97c99ecf5eaf8e3a2211c3b9f/element'
[DEBUG] Using open Channel [id: 0x19b36d16, L:/127.0.0.1:51691 - R:localhost/127.0.0.1:52767] for POST '/session/38cc67c97c99ecf5eaf8e3a2211c3b9f/element'
[DEBUG] 

Request DefaultHttpRequest(decodeResult: success, version: HTTP/1.1)
POST /session/38cc67c97c99ecf5eaf8e3a2211c3b9f/element HTTP/1.1
User-Agent: selenium/4.2.1 (java windows)
Content-Length: 59
Content-Type: application/json; charset=utf-8
host: localhost:52767
accept: */*

Response DefaultHttpResponse(decodeResult: success, version: HTTP/1.1)
HTTP/1.1 200 OK
Content-Type: application/json; charset=utf-8
cache-control: no-cache
content-length: 88

[DEBUG] Adding key: http://localhost:52767 for channel [id: 0x19b36d16, L:/127.0.0.1:51691 - R:localhost/127.0.0.1:52767]
[DEBUG] Using pooled Channel '[id: 0x19b36d16, L:/127.0.0.1:51691 - R:localhost/127.0.0.1:52767]' for 'POST' to 'http://localhost:52767/session/38cc67c97c99ecf5eaf8e3a2211c3b9f/element/509c34c4-51db-4750-8d5c-acc2819da040/value'
[DEBUG] Using open Channel [id: 0x19b36d16, L:/127.0.0.1:51691 - R:localhost/127.0.0.1:52767] for POST '/session/38cc67c97c99ecf5eaf8e3a2211c3b9f/element/509c34c4-51db-4750-8d5c-acc2819da040/value'
[DEBUG] 

Request DefaultHttpRequest(decodeResult: success, version: HTTP/1.1)
POST /session/38cc67c97c99ecf5eaf8e3a2211c3b9f/element/509c34c4-51db-4750-8d5c-acc2819da040/value HTTP/1.1
User-Agent: selenium/4.2.1 (java windows)
Content-Length: 141
Content-Type: application/json; charset=utf-8
host: localhost:52767
accept: */*

Response DefaultHttpResponse(decodeResult: success, version: HTTP/1.1)
HTTP/1.1 200 OK
Content-Type: application/json; charset=utf-8
cache-control: no-cache
content-length: 14

[DEBUG] Adding key: http://localhost:52767 for channel [id: 0x19b36d16, L:/127.0.0.1:51691 - R:localhost/127.0.0.1:52767]
[INFO ] 2022-08-10 21:21:04.725 [main] Steps - user enter lasttname...
[DEBUG] Using pooled Channel '[id: 0x19b36d16, L:/127.0.0.1:51691 - R:localhost/127.0.0.1:52767]' for 'POST' to 'http://localhost:52767/session/38cc67c97c99ecf5eaf8e3a2211c3b9f/element'
[DEBUG] Using open Channel [id: 0x19b36d16, L:/127.0.0.1:51691 - R:localhost/127.0.0.1:52767] for POST '/session/38cc67c97c99ecf5eaf8e3a2211c3b9f/element'
[DEBUG] 

Request DefaultHttpRequest(decodeResult: success, version: HTTP/1.1)
POST /session/38cc67c97c99ecf5eaf8e3a2211c3b9f/element HTTP/1.1
User-Agent: selenium/4.2.1 (java windows)
Content-Length: 63
Content-Type: application/json; charset=utf-8
host: localhost:52767
accept: */*

Response DefaultHttpResponse(decodeResult: success, version: HTTP/1.1)
HTTP/1.1 200 OK
Content-Type: application/json; charset=utf-8
cache-control: no-cache
content-length: 88

[DEBUG] Adding key: http://localhost:52767 for channel [id: 0x19b36d16, L:/127.0.0.1:51691 - R:localhost/127.0.0.1:52767]
[DEBUG] Using pooled Channel '[id: 0x19b36d16, L:/127.0.0.1:51691 - R:localhost/127.0.0.1:52767]' for 'POST' to 'http://localhost:52767/session/38cc67c97c99ecf5eaf8e3a2211c3b9f/element/8f2701c3-602c-4746-9904-9d3cd2329704/click'
[DEBUG] Using open Channel [id: 0x19b36d16, L:/127.0.0.1:51691 - R:localhost/127.0.0.1:52767] for POST '/session/38cc67c97c99ecf5eaf8e3a2211c3b9f/element/8f2701c3-602c-4746-9904-9d3cd2329704/click'
[DEBUG] 

Request DefaultHttpRequest(decodeResult: success, version: HTTP/1.1)
POST /session/38cc67c97c99ecf5eaf8e3a2211c3b9f/element/8f2701c3-602c-4746-9904-9d3cd2329704/click HTTP/1.1
User-Agent: selenium/4.2.1 (java windows)
Content-Length: 50
Content-Type: application/json; charset=utf-8
host: localhost:52767
accept: */*

Response DefaultHttpResponse(decodeResult: success, version: HTTP/1.1)
HTTP/1.1 200 OK
Content-Type: application/json; charset=utf-8
cache-control: no-cache
content-length: 14

[DEBUG] Adding key: http://localhost:52767 for channel [id: 0x19b36d16, L:/127.0.0.1:51691 - R:localhost/127.0.0.1:52767]
[INFO ] 2022-08-10 21:21:04.808 [main] Steps - Clicked on search button.
[DEBUG] Entry count for : http://localhost:52767 : 1
[DEBUG] Entry count for : http://localhost:51692 : 1
[DEBUG] Entry count for : http://localhost:52767 : 1
[DEBUG] Entry count for : http://localhost:51692 : 1
[DEBUG] Using pooled Channel '[id: 0x19b36d16, L:/127.0.0.1:51691 - R:localhost/127.0.0.1:52767]' for 'POST' to 'http://localhost:52767/session/38cc67c97c99ecf5eaf8e3a2211c3b9f/elements'
[DEBUG] Using open Channel [id: 0x19b36d16, L:/127.0.0.1:51691 - R:localhost/127.0.0.1:52767] for POST '/session/38cc67c97c99ecf5eaf8e3a2211c3b9f/elements'
[DEBUG] 

Request DefaultHttpRequest(decodeResult: success, version: HTTP/1.1)
POST /session/38cc67c97c99ecf5eaf8e3a2211c3b9f/elements HTTP/1.1
User-Agent: selenium/4.2.1 (java windows)
Content-Length: 101
Content-Type: application/json; charset=utf-8
host: localhost:52767
accept: */*

Response DefaultHttpResponse(decodeResult: success, version: HTTP/1.1)
HTTP/1.1 200 OK
Content-Type: application/json; charset=utf-8
cache-control: no-cache
content-length: 90

[DEBUG] Adding key: http://localhost:52767 for channel [id: 0x19b36d16, L:/127.0.0.1:51691 - R:localhost/127.0.0.1:52767]
[DEBUG] Using pooled Channel '[id: 0x19b36d16, L:/127.0.0.1:51691 - R:localhost/127.0.0.1:52767]' for 'POST' to 'http://localhost:52767/session/38cc67c97c99ecf5eaf8e3a2211c3b9f/element'
[DEBUG] Using open Channel [id: 0x19b36d16, L:/127.0.0.1:51691 - R:localhost/127.0.0.1:52767] for POST '/session/38cc67c97c99ecf5eaf8e3a2211c3b9f/element'
[DEBUG] 

Request DefaultHttpRequest(decodeResult: success, version: HTTP/1.1)
POST /session/38cc67c97c99ecf5eaf8e3a2211c3b9f/element HTTP/1.1
User-Agent: selenium/4.2.1 (java windows)
Content-Length: 115
Content-Type: application/json; charset=utf-8
host: localhost:52767
accept: */*

Response DefaultHttpResponse(decodeResult: success, version: HTTP/1.1)
HTTP/1.1 200 OK
Content-Type: application/json; charset=utf-8
cache-control: no-cache
content-length: 88

[DEBUG] Adding key: http://localhost:52767 for channel [id: 0x19b36d16, L:/127.0.0.1:51691 - R:localhost/127.0.0.1:52767]
[DEBUG] Using pooled Channel '[id: 0x19b36d16, L:/127.0.0.1:51691 - R:localhost/127.0.0.1:52767]' for 'GET' to 'http://localhost:52767/session/38cc67c97c99ecf5eaf8e3a2211c3b9f/element/870882cf-d404-4787-975e-e0246d793d2e/text'
[DEBUG] Using open Channel [id: 0x19b36d16, L:/127.0.0.1:51691 - R:localhost/127.0.0.1:52767] for GET '/session/38cc67c97c99ecf5eaf8e3a2211c3b9f/element/870882cf-d404-4787-975e-e0246d793d2e/text'
[DEBUG] 

Request DefaultFullHttpRequest(decodeResult: success, version: HTTP/1.1, content: EmptyByteBufBE)
GET /session/38cc67c97c99ecf5eaf8e3a2211c3b9f/element/870882cf-d404-4787-975e-e0246d793d2e/text HTTP/1.1
User-Agent: selenium/4.2.1 (java windows)
Cache-Control: no-cache
Content-Type: application/json; charset=utf-8
host: localhost:52767
accept: */*

Response DefaultHttpResponse(decodeResult: success, version: HTTP/1.1)
HTTP/1.1 200 OK
Content-Type: application/json; charset=utf-8
cache-control: no-cache
content-length: 27

[DEBUG] Adding key: http://localhost:52767 for channel [id: 0x19b36d16, L:/127.0.0.1:51691 - R:localhost/127.0.0.1:52767]
[DEBUG] Using pooled Channel '[id: 0x19b36d16, L:/127.0.0.1:51691 - R:localhost/127.0.0.1:52767]' for 'DELETE' to 'http://localhost:52767/session/38cc67c97c99ecf5eaf8e3a2211c3b9f/window'
[DEBUG] Using open Channel [id: 0x19b36d16, L:/127.0.0.1:51691 - R:localhost/127.0.0.1:52767] for DELETE '/session/38cc67c97c99ecf5eaf8e3a2211c3b9f/window'
[DEBUG] Unexpected I/O exception on channel [id: 0x20f06729, L:/127.0.0.1:51698 - R:localhost/127.0.0.1:51692]
java.net.SocketException: Connection reset
	at java.base/sun.nio.ch.SocketChannelImpl.throwConnectionReset(SocketChannelImpl.java:394) ~[na:na]
	at java.base/sun.nio.ch.SocketChannelImpl.read(SocketChannelImpl.java:426) ~[na:na]
	at io.netty.buffer.PooledByteBuf.setBytes(PooledByteBuf.java:258) ~[netty-buffer-4.1.77.Final.jar:4.1.77.Final]
	at io.netty.buffer.AbstractByteBuf.writeBytes(AbstractByteBuf.java:1132) ~[netty-buffer-4.1.77.Final.jar:4.1.77.Final]
	at io.netty.channel.socket.nio.NioSocketChannel.doReadBytes(NioSocketChannel.java:357) ~[netty-transport-4.1.77.Final.jar:4.1.77.Final]
	at io.netty.channel.nio.AbstractNioByteChannel$NioByteUnsafe.read(AbstractNioByteChannel.java:151) ~[netty-transport-4.1.77.Final.jar:4.1.77.Final]
	at io.netty.channel.nio.NioEventLoop.processSelectedKey(NioEventLoop.java:722) ~[netty-transport-4.1.77.Final.jar:4.1.77.Final]
	at io.netty.channel.nio.NioEventLoop.processSelectedKeysOptimized(NioEventLoop.java:658) ~[netty-transport-4.1.77.Final.jar:4.1.77.Final]
	at io.netty.channel.nio.NioEventLoop.processSelectedKeys(NioEventLoop.java:584) ~[netty-transport-4.1.77.Final.jar:4.1.77.Final]
	at io.netty.channel.nio.NioEventLoop.run(NioEventLoop.java:496) ~[netty-transport-4.1.77.Final.jar:4.1.77.Final]
	at io.netty.util.concurrent.SingleThreadEventExecutor$4.run(SingleThreadEventExecutor.java:995) ~[netty-common-4.1.77.Final.jar:4.1.77.Final]
	at io.netty.util.internal.ThreadExecutorMap$2.run(ThreadExecutorMap.java:74) ~[netty-common-4.1.77.Final.jar:4.1.77.Final]
	at io.netty.util.concurrent.FastThreadLocalRunnable.run(FastThreadLocalRunnable.java:30) ~[netty-common-4.1.77.Final.jar:4.1.77.Final]
	at java.base/java.lang.Thread.run(Thread.java:833) ~[na:na]
[DEBUG] Unexpected I/O exception on channel [id: 0xfcc69783, L:/127.0.0.1:51699 - R:localhost/127.0.0.1:51692]
java.net.SocketException: Connection reset
	at java.base/sun.nio.ch.SocketChannelImpl.throwConnectionReset(SocketChannelImpl.java:394) ~[na:na]
	at java.base/sun.nio.ch.SocketChannelImpl.read(SocketChannelImpl.java:426) ~[na:na]
	at io.netty.buffer.PooledByteBuf.setBytes(PooledByteBuf.java:258) ~[netty-buffer-4.1.77.Final.jar:4.1.77.Final]
	at io.netty.buffer.AbstractByteBuf.writeBytes(AbstractByteBuf.java:1132) ~[netty-buffer-4.1.77.Final.jar:4.1.77.Final]
	at io.netty.channel.socket.nio.NioSocketChannel.doReadBytes(NioSocketChannel.java:357) ~[netty-transport-4.1.77.Final.jar:4.1.77.Final]
	at io.netty.channel.nio.AbstractNioByteChannel$NioByteUnsafe.read(AbstractNioByteChannel.java:151) ~[netty-transport-4.1.77.Final.jar:4.1.77.Final]
	at io.netty.channel.nio.NioEventLoop.processSelectedKey(NioEventLoop.java:722) ~[netty-transport-4.1.77.Final.jar:4.1.77.Final]
	at io.netty.channel.nio.NioEventLoop.processSelectedKeysOptimized(NioEventLoop.java:658) ~[netty-transport-4.1.77.Final.jar:4.1.77.Final]
	at io.netty.channel.nio.NioEventLoop.processSelectedKeys(NioEventLoop.java:584) ~[netty-transport-4.1.77.Final.jar:4.1.77.Final]
	at io.netty.channel.nio.NioEventLoop.run(NioEventLoop.java:496) ~[netty-transport-4.1.77.Final.jar:4.1.77.Final]
	at io.netty.util.concurrent.SingleThreadEventExecutor$4.run(SingleThreadEventExecutor.java:995) ~[netty-common-4.1.77.Final.jar:4.1.77.Final]
	at io.netty.util.internal.ThreadExecutorMap$2.run(ThreadExecutorMap.java:74) ~[netty-common-4.1.77.Final.jar:4.1.77.Final]
	at io.netty.util.concurrent.FastThreadLocalRunnable.run(FastThreadLocalRunnable.java:30) ~[netty-common-4.1.77.Final.jar:4.1.77.Final]
	at java.base/java.lang.Thread.run(Thread.java:833) ~[na:na]
[DEBUG] Closing Channel [id: 0x20f06729, L:/127.0.0.1:51698 - R:localhost/127.0.0.1:51692] 
[DEBUG] Was unable to recover Future: NettyResponseFuture{currentRetry=0,
	isDone=1,
	isCancelled=0,
	asyncHandler=org.asynchttpclient.ws.WebSocketUpgradeHandler@513bf69a,
	nettyRequest=org.asynchttpclient.netty.request.NettyRequest@143962d9,
	future=java.util.concurrent.CompletableFuture@53529179[Completed normally],
	uri=ws://localhost:51692/devtools/browser/a991ba97-93c7-454e-ad36-61abcf1b3e6a,
	keepAlive=true,
	redirectCount=0,
	timeoutsHolder=null,
	inAuth=0,
	touch=1660146666947}
[DEBUG] Closing Channel [id: 0xfcc69783, L:/127.0.0.1:51699 - R:localhost/127.0.0.1:51692] 
[DEBUG] Channel Closed: [id: 0x20f06729, L:/127.0.0.1:51698 ! R:localhost/127.0.0.1:51692] with attribute DISCARD
[WARN] onError
java.net.SocketException: Connection reset
	at java.base/sun.nio.ch.SocketChannelImpl.throwConnectionReset(SocketChannelImpl.java:394) ~[na:na]
	at java.base/sun.nio.ch.SocketChannelImpl.read(SocketChannelImpl.java:426) ~[na:na]
	at io.netty.buffer.PooledByteBuf.setBytes(PooledByteBuf.java:258) ~[netty-buffer-4.1.77.Final.jar:4.1.77.Final]
	at io.netty.buffer.AbstractByteBuf.writeBytes(AbstractByteBuf.java:1132) ~[netty-buffer-4.1.77.Final.jar:4.1.77.Final]
	at io.netty.channel.socket.nio.NioSocketChannel.doReadBytes(NioSocketChannel.java:357) ~[netty-transport-4.1.77.Final.jar:4.1.77.Final]
	at io.netty.channel.nio.AbstractNioByteChannel$NioByteUnsafe.read(AbstractNioByteChannel.java:151) ~[netty-transport-4.1.77.Final.jar:4.1.77.Final]
	at io.netty.channel.nio.NioEventLoop.processSelectedKey(NioEventLoop.java:722) ~[netty-transport-4.1.77.Final.jar:4.1.77.Final]
	at io.netty.channel.nio.NioEventLoop.processSelectedKeysOptimized(NioEventLoop.java:658) ~[netty-transport-4.1.77.Final.jar:4.1.77.Final]
	at io.netty.channel.nio.NioEventLoop.processSelectedKeys(NioEventLoop.java:584) ~[netty-transport-4.1.77.Final.jar:4.1.77.Final]
	at io.netty.channel.nio.NioEventLoop.run(NioEventLoop.java:496) ~[netty-transport-4.1.77.Final.jar:4.1.77.Final]
	at io.netty.util.concurrent.SingleThreadEventExecutor$4.run(SingleThreadEventExecutor.java:995) ~[netty-common-4.1.77.Final.jar:4.1.77.Final]
	at io.netty.util.internal.ThreadExecutorMap$2.run(ThreadExecutorMap.java:74) ~[netty-common-4.1.77.Final.jar:4.1.77.Final]
	at io.netty.util.concurrent.FastThreadLocalRunnable.run(FastThreadLocalRunnable.java:30) ~[netty-common-4.1.77.Final.jar:4.1.77.Final]
	at java.base/java.lang.Thread.run(Thread.java:833) ~[na:na]
[DEBUG] Closing Channel [id: 0xfcc69783, L:/127.0.0.1:51699 ! R:localhost/127.0.0.1:51692] 
[DEBUG] Channel Closed: [id: 0xfcc69783, L:/127.0.0.1:51699 ! R:localhost/127.0.0.1:51692] with attribute DISCARD
[DEBUG] 

Request DefaultFullHttpRequest(decodeResult: success, version: HTTP/1.1, content: EmptyByteBufBE)
DELETE /session/38cc67c97c99ecf5eaf8e3a2211c3b9f/window HTTP/1.1
User-Agent: selenium/4.2.1 (java windows)
Content-Type: application/json; charset=utf-8
host: localhost:52767
accept: */*

Response DefaultHttpResponse(decodeResult: success, version: HTTP/1.1)
HTTP/1.1 200 OK
Content-Type: application/json; charset=utf-8
cache-control: no-cache
content-length: 12

[DEBUG] Adding key: http://localhost:52767 for channel [id: 0x19b36d16, L:/127.0.0.1:51691 - R:localhost/127.0.0.1:52767]
[INFO ] 2022-08-10 21:21:06.960 [main] Steps -  browser closed..
 tear down method executed
[DEBUG] Using pooled Channel '[id: 0x19b36d16, L:/127.0.0.1:51691 - R:localhost/127.0.0.1:52767]' for 'DELETE' to 'http://localhost:52767/session/38cc67c97c99ecf5eaf8e3a2211c3b9f'
[DEBUG] Using open Channel [id: 0x19b36d16, L:/127.0.0.1:51691 - R:localhost/127.0.0.1:52767] for DELETE '/session/38cc67c97c99ecf5eaf8e3a2211c3b9f'
[DEBUG] 

Request DefaultFullHttpRequest(decodeResult: success, version: HTTP/1.1, content: EmptyByteBufBE)
DELETE /session/38cc67c97c99ecf5eaf8e3a2211c3b9f HTTP/1.1
User-Agent: selenium/4.2.1 (java windows)
Content-Type: application/json; charset=utf-8
host: localhost:52767
accept: */*

Response DefaultHttpResponse(decodeResult: success, version: HTTP/1.1)
HTTP/1.1 200 OK
Content-Type: application/json; charset=utf-8
cache-control: no-cache
content-length: 14

[DEBUG] Adding key: http://localhost:52767 for channel [id: 0x19b36d16, L:/127.0.0.1:51691 - R:localhost/127.0.0.1:52767]
[DEBUG] Channel Closed: [id: 0x19b36d16, L:/127.0.0.1:51691 ! R:localhost/127.0.0.1:52767] with attribute DISCARD
]]></system-out>
    <system-err><![CDATA[Starting ChromeDriver 104.0.5112.79 (3cf3e8c8a07d104b9e1260c910efb8f383285dc5-refs/branch-heads/5112@{#1307}) on port 52767
Only local connections are allowed.
Please see https://chromedriver.chromium.org/security-considerations for suggestions on keeping ChromeDriver safe.
ChromeDriver was started successfully.
Aug 10, 2022 9:20:54 PM org.openqa.selenium.remote.ProtocolHandshake createSession
INFO: Detected upstream dialect: W3C
Aug 10, 2022 9:20:54 PM org.openqa.selenium.devtools.CdpVersionFinder findNearestMatch
WARNING: Unable to find an exact match for CDP version 104, so returning the closest version found: 102
Aug 10, 2022 9:20:54 PM org.openqa.selenium.devtools.CdpVersionFinder findNearestMatch
INFO: Found CDP implementation for version 104 of 102
Aug 10, 2022 9:21:06 PM org.openqa.selenium.remote.http.WebSocket$Listener onError
WARNING: Connection reset
java.net.SocketException: Connection reset
	at java.base/sun.nio.ch.SocketChannelImpl.throwConnectionReset(SocketChannelImpl.java:394)
	at java.base/sun.nio.ch.SocketChannelImpl.read(SocketChannelImpl.java:426)
	at io.netty.buffer.PooledByteBuf.setBytes(PooledByteBuf.java:258)
	at io.netty.buffer.AbstractByteBuf.writeBytes(AbstractByteBuf.java:1132)
	at io.netty.channel.socket.nio.NioSocketChannel.doReadBytes(NioSocketChannel.java:357)
	at io.netty.channel.nio.AbstractNioByteChannel$NioByteUnsafe.read(AbstractNioByteChannel.java:151)
	at io.netty.channel.nio.NioEventLoop.processSelectedKey(NioEventLoop.java:722)
	at io.netty.channel.nio.NioEventLoop.processSelectedKeysOptimized(NioEventLoop.java:658)
	at io.netty.channel.nio.NioEventLoop.processSelectedKeys(NioEventLoop.java:584)
	at io.netty.channel.nio.NioEventLoop.run(NioEventLoop.java:496)
	at io.netty.util.concurrent.SingleThreadEventExecutor$4.run(SingleThreadEventExecutor.java:995)
	at io.netty.util.internal.ThreadExecutorMap$2.run(ThreadExecutorMap.java:74)
	at io.netty.util.concurrent.FastThreadLocalRunnable.run(FastThreadLocalRunnable.java:30)
	at java.base/java.lang.Thread.run(Thread.java:833)

]]></system-err>
  </testcase>
  <testcase name="runScenario[&quot;Successful Login with Valid Credentials&quot;, &quot;Login&quot;](4)" classname="runner.Runner" time="7.669">
    <system-out><![CDATA[Setup-Sanity method executed..
[DEBUG] Resolution chrome=104 in cache (valid until 22:20:16 10/08/2022 IST)
[DEBUG] Resolution chrome104=104.0.5112.79 in cache (valid until 21:20:16 11/08/2022 IST)
[INFO] Using chromedriver 104.0.5112.79 (resolved driver for Chrome 104)
[DEBUG] Driver chromedriver 104.0.5112.79 found in cache
[INFO] Exporting webdriver.chrome.driver as C:\Users\Mahesh\.cache\selenium\chromedriver\win32\104.0.5112.79\chromedriver.exe
[DEBUG] Using new Channel '[id: 0x38d3f669, L:/127.0.0.1:51716 - R:localhost/127.0.0.1:55175]' for 'POST' to '/session'
[DEBUG] Entry count for : http://localhost:52767 : 1
[DEBUG] Entry count for : http://localhost:51692 : 1
[DEBUG] Adding Candidate expired Channel [id: 0x19b36d16, L:/127.0.0.1:51691 ! R:localhost/127.0.0.1:52767] isIdleTimeoutExpired=false isRemotelyClosed=true isTtlExpired=false
[DEBUG] Closing Idle Channel [id: 0x19b36d16, L:/127.0.0.1:51691 ! R:localhost/127.0.0.1:52767]
[DEBUG] Adding Candidate expired Channel [id: 0x20f06729, L:/127.0.0.1:51698 ! R:localhost/127.0.0.1:51692] isIdleTimeoutExpired=false isRemotelyClosed=true isTtlExpired=false
[DEBUG] Closing Idle Channel [id: 0x20f06729, L:/127.0.0.1:51698 ! R:localhost/127.0.0.1:51692]
[DEBUG] Closed 2 connections out of 2 in 0 ms
[DEBUG] 

Request DefaultHttpRequest(decodeResult: success, version: HTTP/1.1)
POST /session HTTP/1.1
User-Agent: selenium/4.2.1 (java windows)
Content-Length: 365
Content-Type: application/json; charset=utf-8
host: localhost:55175
accept: */*

Response DefaultHttpResponse(decodeResult: success, version: HTTP/1.1)
HTTP/1.1 200 OK
Content-Type: application/json; charset=utf-8
cache-control: no-cache
content-length: 790

[DEBUG] Adding key: http://localhost:55175 for channel [id: 0x38d3f669, L:/127.0.0.1:51716 - R:localhost/127.0.0.1:55175]
[DEBUG] Using new Channel '[id: 0x9fe15844, L:/127.0.0.1:51723 - R:localhost/127.0.0.1:51717]' for 'GET' to '/json/version'
[DEBUG] 

Request DefaultFullHttpRequest(decodeResult: success, version: HTTP/1.1, content: EmptyByteBufBE)
GET /json/version HTTP/1.1
User-Agent: selenium/4.2.1 (java windows)
host: localhost:51717
accept: */*

Response DefaultHttpResponse(decodeResult: success, version: HTTP/1.1)
HTTP/1.1 200 OK
Content-Type: application/json; charset=UTF-8
content-length: 427

[DEBUG] Adding key: http://localhost:51717 for channel [id: 0x9fe15844, L:/127.0.0.1:51723 - R:localhost/127.0.0.1:51717]
[DEBUG] Using new Channel '[id: 0x81978e62, L:/127.0.0.1:51724 - R:localhost/127.0.0.1:51717]' for 'GET' to '/devtools/browser/f9428cf7-5a70-4f7d-af58-3629c12ae0c1'
[DEBUG] 

Request DefaultFullHttpRequest(decodeResult: success, version: HTTP/1.1, content: EmptyByteBufBE)
GET /devtools/browser/f9428cf7-5a70-4f7d-af58-3629c12ae0c1 HTTP/1.1
upgrade: websocket
connection: upgrade
sec-websocket-key: /FV9ZEA6rNJ+oMCoSGOCdA==
sec-websocket-version: 13
origin: http://localhost:51717
host: localhost:51717
accept: */*
user-agent: AHC/2.1

Response DefaultHttpResponse(decodeResult: success, version: HTTP/1.1)
HTTP/1.1 101 WebSocket Protocol Handshake
Upgrade: WebSocket
Connection: Upgrade
Sec-WebSocket-Accept: rZvXOjqx4dKDIFjVGrWigRl5zlI=

[FATAL] 2022-08-10 21:21:08.002 [main] Steps - Setup1 executed...
[INFO ] 2022-08-10 21:21:08.005 [main] Steps - chrome browser launced..
[DEBUG] Using pooled Channel '[id: 0x38d3f669, L:/127.0.0.1:51716 - R:localhost/127.0.0.1:55175]' for 'POST' to 'http://localhost:55175/session/3b1fd7e0bc1e39fbf74d64b0f59aaf21/url'
[DEBUG] Using open Channel [id: 0x38d3f669, L:/127.0.0.1:51716 - R:localhost/127.0.0.1:55175] for POST '/session/3b1fd7e0bc1e39fbf74d64b0f59aaf21/url'
[DEBUG] Entry count for : http://localhost:51717 : 1
[DEBUG] 

Request DefaultHttpRequest(decodeResult: success, version: HTTP/1.1)
POST /session/3b1fd7e0bc1e39fbf74d64b0f59aaf21/url HTTP/1.1
User-Agent: selenium/4.2.1 (java windows)
Content-Length: 69
Content-Type: application/json; charset=utf-8
host: localhost:55175
accept: */*

Response DefaultHttpResponse(decodeResult: success, version: HTTP/1.1)
HTTP/1.1 200 OK
Content-Type: application/json; charset=utf-8
cache-control: no-cache
content-length: 14

[DEBUG] Adding key: http://localhost:55175 for channel [id: 0x38d3f669, L:/127.0.0.1:51716 - R:localhost/127.0.0.1:55175]
[INFO ] 2022-08-10 21:21:09.270 [main] Steps - url opened launced..
[DEBUG] Using pooled Channel '[id: 0x38d3f669, L:/127.0.0.1:51716 - R:localhost/127.0.0.1:55175]' for 'POST' to 'http://localhost:55175/session/3b1fd7e0bc1e39fbf74d64b0f59aaf21/element'
[DEBUG] Using open Channel [id: 0x38d3f669, L:/127.0.0.1:51716 - R:localhost/127.0.0.1:55175] for POST '/session/3b1fd7e0bc1e39fbf74d64b0f59aaf21/element'
[DEBUG] 

Request DefaultHttpRequest(decodeResult: success, version: HTTP/1.1)
POST /session/3b1fd7e0bc1e39fbf74d64b0f59aaf21/element HTTP/1.1
User-Agent: selenium/4.2.1 (java windows)
Content-Length: 50
Content-Type: application/json; charset=utf-8
host: localhost:55175
accept: */*

Response DefaultHttpResponse(decodeResult: success, version: HTTP/1.1)
HTTP/1.1 200 OK
Content-Type: application/json; charset=utf-8
cache-control: no-cache
content-length: 88

[DEBUG] Adding key: http://localhost:55175 for channel [id: 0x38d3f669, L:/127.0.0.1:51716 - R:localhost/127.0.0.1:55175]
[DEBUG] Using pooled Channel '[id: 0x38d3f669, L:/127.0.0.1:51716 - R:localhost/127.0.0.1:55175]' for 'POST' to 'http://localhost:55175/session/3b1fd7e0bc1e39fbf74d64b0f59aaf21/element/671214f1-3725-4dc5-8de9-67cb7eb8b547/clear'
[DEBUG] Using open Channel [id: 0x38d3f669, L:/127.0.0.1:51716 - R:localhost/127.0.0.1:55175] for POST '/session/3b1fd7e0bc1e39fbf74d64b0f59aaf21/element/671214f1-3725-4dc5-8de9-67cb7eb8b547/clear'
[DEBUG] 

Request DefaultHttpRequest(decodeResult: success, version: HTTP/1.1)
POST /session/3b1fd7e0bc1e39fbf74d64b0f59aaf21/element/671214f1-3725-4dc5-8de9-67cb7eb8b547/clear HTTP/1.1
User-Agent: selenium/4.2.1 (java windows)
Content-Length: 50
Content-Type: application/json; charset=utf-8
host: localhost:55175
accept: */*

Response DefaultHttpResponse(decodeResult: success, version: HTTP/1.1)
HTTP/1.1 200 OK
Content-Type: application/json; charset=utf-8
cache-control: no-cache
content-length: 14

[DEBUG] Adding key: http://localhost:55175 for channel [id: 0x38d3f669, L:/127.0.0.1:51716 - R:localhost/127.0.0.1:55175]
[DEBUG] Using pooled Channel '[id: 0x38d3f669, L:/127.0.0.1:51716 - R:localhost/127.0.0.1:55175]' for 'POST' to 'http://localhost:55175/session/3b1fd7e0bc1e39fbf74d64b0f59aaf21/element'
[DEBUG] Using open Channel [id: 0x38d3f669, L:/127.0.0.1:51716 - R:localhost/127.0.0.1:55175] for POST '/session/3b1fd7e0bc1e39fbf74d64b0f59aaf21/element'
[DEBUG] 

Request DefaultHttpRequest(decodeResult: success, version: HTTP/1.1)
POST /session/3b1fd7e0bc1e39fbf74d64b0f59aaf21/element HTTP/1.1
User-Agent: selenium/4.2.1 (java windows)
Content-Length: 50
Content-Type: application/json; charset=utf-8
host: localhost:55175
accept: */*

Response DefaultHttpResponse(decodeResult: success, version: HTTP/1.1)
HTTP/1.1 200 OK
Content-Type: application/json; charset=utf-8
cache-control: no-cache
content-length: 88

[DEBUG] Adding key: http://localhost:55175 for channel [id: 0x38d3f669, L:/127.0.0.1:51716 - R:localhost/127.0.0.1:55175]
[DEBUG] Using pooled Channel '[id: 0x38d3f669, L:/127.0.0.1:51716 - R:localhost/127.0.0.1:55175]' for 'POST' to 'http://localhost:55175/session/3b1fd7e0bc1e39fbf74d64b0f59aaf21/element/671214f1-3725-4dc5-8de9-67cb7eb8b547/value'
[DEBUG] Using open Channel [id: 0x38d3f669, L:/127.0.0.1:51716 - R:localhost/127.0.0.1:55175] for POST '/session/3b1fd7e0bc1e39fbf74d64b0f59aaf21/element/671214f1-3725-4dc5-8de9-67cb7eb8b547/value'
[DEBUG] 

Request DefaultHttpRequest(decodeResult: success, version: HTTP/1.1)
POST /session/3b1fd7e0bc1e39fbf74d64b0f59aaf21/element/671214f1-3725-4dc5-8de9-67cb7eb8b547/value HTTP/1.1
User-Agent: selenium/4.2.1 (java windows)
Content-Length: 271
Content-Type: application/json; charset=utf-8
host: localhost:55175
accept: */*

Response DefaultHttpResponse(decodeResult: success, version: HTTP/1.1)
HTTP/1.1 200 OK
Content-Type: application/json; charset=utf-8
cache-control: no-cache
content-length: 14

[DEBUG] Adding key: http://localhost:55175 for channel [id: 0x38d3f669, L:/127.0.0.1:51716 - R:localhost/127.0.0.1:55175]
[DEBUG] Using pooled Channel '[id: 0x38d3f669, L:/127.0.0.1:51716 - R:localhost/127.0.0.1:55175]' for 'POST' to 'http://localhost:55175/session/3b1fd7e0bc1e39fbf74d64b0f59aaf21/element'
[DEBUG] Using open Channel [id: 0x38d3f669, L:/127.0.0.1:51716 - R:localhost/127.0.0.1:55175] for POST '/session/3b1fd7e0bc1e39fbf74d64b0f59aaf21/element'
[DEBUG] 

Request DefaultHttpRequest(decodeResult: success, version: HTTP/1.1)
POST /session/3b1fd7e0bc1e39fbf74d64b0f59aaf21/element HTTP/1.1
User-Agent: selenium/4.2.1 (java windows)
Content-Length: 53
Content-Type: application/json; charset=utf-8
host: localhost:55175
accept: */*

Response DefaultHttpResponse(decodeResult: success, version: HTTP/1.1)
HTTP/1.1 200 OK
Content-Type: application/json; charset=utf-8
cache-control: no-cache
content-length: 88

[DEBUG] Adding key: http://localhost:55175 for channel [id: 0x38d3f669, L:/127.0.0.1:51716 - R:localhost/127.0.0.1:55175]
[DEBUG] Using pooled Channel '[id: 0x38d3f669, L:/127.0.0.1:51716 - R:localhost/127.0.0.1:55175]' for 'POST' to 'http://localhost:55175/session/3b1fd7e0bc1e39fbf74d64b0f59aaf21/element/da4e5e83-f903-4869-ac8c-d6aed746ed4e/clear'
[DEBUG] Using open Channel [id: 0x38d3f669, L:/127.0.0.1:51716 - R:localhost/127.0.0.1:55175] for POST '/session/3b1fd7e0bc1e39fbf74d64b0f59aaf21/element/da4e5e83-f903-4869-ac8c-d6aed746ed4e/clear'
[DEBUG] 

Request DefaultHttpRequest(decodeResult: success, version: HTTP/1.1)
POST /session/3b1fd7e0bc1e39fbf74d64b0f59aaf21/element/da4e5e83-f903-4869-ac8c-d6aed746ed4e/clear HTTP/1.1
User-Agent: selenium/4.2.1 (java windows)
Content-Length: 50
Content-Type: application/json; charset=utf-8
host: localhost:55175
accept: */*

Response DefaultHttpResponse(decodeResult: success, version: HTTP/1.1)
HTTP/1.1 200 OK
Content-Type: application/json; charset=utf-8
cache-control: no-cache
content-length: 14

[DEBUG] Adding key: http://localhost:55175 for channel [id: 0x38d3f669, L:/127.0.0.1:51716 - R:localhost/127.0.0.1:55175]
[DEBUG] Using pooled Channel '[id: 0x38d3f669, L:/127.0.0.1:51716 - R:localhost/127.0.0.1:55175]' for 'POST' to 'http://localhost:55175/session/3b1fd7e0bc1e39fbf74d64b0f59aaf21/element'
[DEBUG] Using open Channel [id: 0x38d3f669, L:/127.0.0.1:51716 - R:localhost/127.0.0.1:55175] for POST '/session/3b1fd7e0bc1e39fbf74d64b0f59aaf21/element'
[DEBUG] 

Request DefaultHttpRequest(decodeResult: success, version: HTTP/1.1)
POST /session/3b1fd7e0bc1e39fbf74d64b0f59aaf21/element HTTP/1.1
User-Agent: selenium/4.2.1 (java windows)
Content-Length: 53
Content-Type: application/json; charset=utf-8
host: localhost:55175
accept: */*

Response DefaultHttpResponse(decodeResult: success, version: HTTP/1.1)
HTTP/1.1 200 OK
Content-Type: application/json; charset=utf-8
cache-control: no-cache
content-length: 88

[DEBUG] Adding key: http://localhost:55175 for channel [id: 0x38d3f669, L:/127.0.0.1:51716 - R:localhost/127.0.0.1:55175]
[DEBUG] Using pooled Channel '[id: 0x38d3f669, L:/127.0.0.1:51716 - R:localhost/127.0.0.1:55175]' for 'POST' to 'http://localhost:55175/session/3b1fd7e0bc1e39fbf74d64b0f59aaf21/element/da4e5e83-f903-4869-ac8c-d6aed746ed4e/value'
[DEBUG] Using open Channel [id: 0x38d3f669, L:/127.0.0.1:51716 - R:localhost/127.0.0.1:55175] for POST '/session/3b1fd7e0bc1e39fbf74d64b0f59aaf21/element/da4e5e83-f903-4869-ac8c-d6aed746ed4e/value'
[DEBUG] Entry count for : http://localhost:51717 : 1
[DEBUG] 

Request DefaultHttpRequest(decodeResult: success, version: HTTP/1.1)
POST /session/3b1fd7e0bc1e39fbf74d64b0f59aaf21/element/da4e5e83-f903-4869-ac8c-d6aed746ed4e/value HTTP/1.1
User-Agent: selenium/4.2.1 (java windows)
Content-Length: 131
Content-Type: application/json; charset=utf-8
host: localhost:55175
accept: */*

Response DefaultHttpResponse(decodeResult: success, version: HTTP/1.1)
HTTP/1.1 200 OK
Content-Type: application/json; charset=utf-8
cache-control: no-cache
content-length: 14

[DEBUG] Adding key: http://localhost:55175 for channel [id: 0x38d3f669, L:/127.0.0.1:51716 - R:localhost/127.0.0.1:55175]
[INFO ] 2022-08-10 21:21:09.638 [main] Steps - email address and password entered
[DEBUG] Using pooled Channel '[id: 0x38d3f669, L:/127.0.0.1:51716 - R:localhost/127.0.0.1:55175]' for 'POST' to 'http://localhost:55175/session/3b1fd7e0bc1e39fbf74d64b0f59aaf21/element'
[DEBUG] Using open Channel [id: 0x38d3f669, L:/127.0.0.1:51716 - R:localhost/127.0.0.1:55175] for POST '/session/3b1fd7e0bc1e39fbf74d64b0f59aaf21/element'
[DEBUG] 

Request DefaultHttpRequest(decodeResult: success, version: HTTP/1.1)
POST /session/3b1fd7e0bc1e39fbf74d64b0f59aaf21/element HTTP/1.1
User-Agent: selenium/4.2.1 (java windows)
Content-Length: 87
Content-Type: application/json; charset=utf-8
host: localhost:55175
accept: */*

Response DefaultHttpResponse(decodeResult: success, version: HTTP/1.1)
HTTP/1.1 200 OK
Content-Type: application/json; charset=utf-8
cache-control: no-cache
content-length: 88

[DEBUG] Adding key: http://localhost:55175 for channel [id: 0x38d3f669, L:/127.0.0.1:51716 - R:localhost/127.0.0.1:55175]
[DEBUG] Using pooled Channel '[id: 0x38d3f669, L:/127.0.0.1:51716 - R:localhost/127.0.0.1:55175]' for 'POST' to 'http://localhost:55175/session/3b1fd7e0bc1e39fbf74d64b0f59aaf21/element/a765ef64-c9bf-4738-891b-691c29f9a163/click'
[DEBUG] Using open Channel [id: 0x38d3f669, L:/127.0.0.1:51716 - R:localhost/127.0.0.1:55175] for POST '/session/3b1fd7e0bc1e39fbf74d64b0f59aaf21/element/a765ef64-c9bf-4738-891b-691c29f9a163/click'
[DEBUG] Entry count for : http://localhost:51717 : 1
[DEBUG] Entry count for : http://localhost:51717 : 1
[DEBUG] 

Request DefaultHttpRequest(decodeResult: success, version: HTTP/1.1)
POST /session/3b1fd7e0bc1e39fbf74d64b0f59aaf21/element/a765ef64-c9bf-4738-891b-691c29f9a163/click HTTP/1.1
User-Agent: selenium/4.2.1 (java windows)
Content-Length: 50
Content-Type: application/json; charset=utf-8
host: localhost:55175
accept: */*

Response DefaultHttpResponse(decodeResult: success, version: HTTP/1.1)
HTTP/1.1 200 OK
Content-Type: application/json; charset=utf-8
cache-control: no-cache
content-length: 14

[DEBUG] Adding key: http://localhost:55175 for channel [id: 0x38d3f669, L:/127.0.0.1:51716 - R:localhost/127.0.0.1:55175]
[INFO ] 2022-08-10 21:21:12.896 [main] Steps - login button clicked
[DEBUG] Using pooled Channel '[id: 0x38d3f669, L:/127.0.0.1:51716 - R:localhost/127.0.0.1:55175]' for 'GET' to 'http://localhost:55175/session/3b1fd7e0bc1e39fbf74d64b0f59aaf21/title'
[DEBUG] Using open Channel [id: 0x38d3f669, L:/127.0.0.1:51716 - R:localhost/127.0.0.1:55175] for GET '/session/3b1fd7e0bc1e39fbf74d64b0f59aaf21/title'
[DEBUG] Entry count for : http://localhost:51717 : 1
[DEBUG] 

Request DefaultFullHttpRequest(decodeResult: success, version: HTTP/1.1, content: EmptyByteBufBE)
GET /session/3b1fd7e0bc1e39fbf74d64b0f59aaf21/title HTTP/1.1
User-Agent: selenium/4.2.1 (java windows)
Cache-Control: no-cache
Content-Type: application/json; charset=utf-8
host: localhost:55175
accept: */*

Response DefaultHttpResponse(decodeResult: success, version: HTTP/1.1)
HTTP/1.1 200 OK
Content-Type: application/json; charset=utf-8
cache-control: no-cache
content-length: 50

[DEBUG] Adding key: http://localhost:55175 for channel [id: 0x38d3f669, L:/127.0.0.1:51716 - R:localhost/127.0.0.1:55175]
[WARN ] 2022-08-10 21:21:12.906 [main] Steps - Test passed: Login feature :Page title matched.
[DEBUG] Using pooled Channel '[id: 0x38d3f669, L:/127.0.0.1:51716 - R:localhost/127.0.0.1:55175]' for 'POST' to 'http://localhost:55175/session/3b1fd7e0bc1e39fbf74d64b0f59aaf21/element'
[DEBUG] Using open Channel [id: 0x38d3f669, L:/127.0.0.1:51716 - R:localhost/127.0.0.1:55175] for POST '/session/3b1fd7e0bc1e39fbf74d64b0f59aaf21/element'
[DEBUG] 

Request DefaultHttpRequest(decodeResult: success, version: HTTP/1.1)
POST /session/3b1fd7e0bc1e39fbf74d64b0f59aaf21/element HTTP/1.1
User-Agent: selenium/4.2.1 (java windows)
Content-Length: 47
Content-Type: application/json; charset=utf-8
host: localhost:55175
accept: */*

Response DefaultHttpResponse(decodeResult: success, version: HTTP/1.1)
HTTP/1.1 200 OK
Content-Type: application/json; charset=utf-8
cache-control: no-cache
content-length: 88

[DEBUG] Adding key: http://localhost:55175 for channel [id: 0x38d3f669, L:/127.0.0.1:51716 - R:localhost/127.0.0.1:55175]
[DEBUG] Using pooled Channel '[id: 0x38d3f669, L:/127.0.0.1:51716 - R:localhost/127.0.0.1:55175]' for 'POST' to 'http://localhost:55175/session/3b1fd7e0bc1e39fbf74d64b0f59aaf21/element/b7a1a147-b904-4f62-a563-8a373f796018/click'
[DEBUG] Using open Channel [id: 0x38d3f669, L:/127.0.0.1:51716 - R:localhost/127.0.0.1:55175] for POST '/session/3b1fd7e0bc1e39fbf74d64b0f59aaf21/element/b7a1a147-b904-4f62-a563-8a373f796018/click'
[DEBUG] Entry count for : http://localhost:51717 : 1
[DEBUG] 

Request DefaultHttpRequest(decodeResult: success, version: HTTP/1.1)
POST /session/3b1fd7e0bc1e39fbf74d64b0f59aaf21/element/b7a1a147-b904-4f62-a563-8a373f796018/click HTTP/1.1
User-Agent: selenium/4.2.1 (java windows)
Content-Length: 50
Content-Type: application/json; charset=utf-8
host: localhost:55175
accept: */*

Response DefaultHttpResponse(decodeResult: success, version: HTTP/1.1)
HTTP/1.1 200 OK
Content-Type: application/json; charset=utf-8
cache-control: no-cache
content-length: 14

[DEBUG] Adding key: http://localhost:55175 for channel [id: 0x38d3f669, L:/127.0.0.1:51716 - R:localhost/127.0.0.1:55175]
[INFO ] 2022-08-10 21:21:14.548 [main] Steps - user clicked on logout button..
[DEBUG] Using pooled Channel '[id: 0x38d3f669, L:/127.0.0.1:51716 - R:localhost/127.0.0.1:55175]' for 'GET' to 'http://localhost:55175/session/3b1fd7e0bc1e39fbf74d64b0f59aaf21/title'
[DEBUG] Using open Channel [id: 0x38d3f669, L:/127.0.0.1:51716 - R:localhost/127.0.0.1:55175] for GET '/session/3b1fd7e0bc1e39fbf74d64b0f59aaf21/title'
[DEBUG] 

Request DefaultFullHttpRequest(decodeResult: success, version: HTTP/1.1, content: EmptyByteBufBE)
GET /session/3b1fd7e0bc1e39fbf74d64b0f59aaf21/title HTTP/1.1
User-Agent: selenium/4.2.1 (java windows)
Cache-Control: no-cache
Content-Type: application/json; charset=utf-8
host: localhost:55175
accept: */*

Response DefaultHttpResponse(decodeResult: success, version: HTTP/1.1)
HTTP/1.1 200 OK
Content-Type: application/json; charset=utf-8
cache-control: no-cache
content-length: 29

[DEBUG] Adding key: http://localhost:55175 for channel [id: 0x38d3f669, L:/127.0.0.1:51716 - R:localhost/127.0.0.1:55175]
[WARN ] 2022-08-10 21:21:14.556 [main] Steps - Test passed: Login feature :Page title matched.
[DEBUG] Using pooled Channel '[id: 0x38d3f669, L:/127.0.0.1:51716 - R:localhost/127.0.0.1:55175]' for 'DELETE' to 'http://localhost:55175/session/3b1fd7e0bc1e39fbf74d64b0f59aaf21/window'
[DEBUG] Using open Channel [id: 0x38d3f669, L:/127.0.0.1:51716 - R:localhost/127.0.0.1:55175] for DELETE '/session/3b1fd7e0bc1e39fbf74d64b0f59aaf21/window'
[DEBUG] Unexpected I/O exception on channel [id: 0x9fe15844, L:/127.0.0.1:51723 - R:localhost/127.0.0.1:51717]
java.net.SocketException: Connection reset
	at java.base/sun.nio.ch.SocketChannelImpl.throwConnectionReset(SocketChannelImpl.java:394) ~[na:na]
	at java.base/sun.nio.ch.SocketChannelImpl.read(SocketChannelImpl.java:426) ~[na:na]
	at io.netty.buffer.PooledByteBuf.setBytes(PooledByteBuf.java:258) ~[netty-buffer-4.1.77.Final.jar:4.1.77.Final]
	at io.netty.buffer.AbstractByteBuf.writeBytes(AbstractByteBuf.java:1132) ~[netty-buffer-4.1.77.Final.jar:4.1.77.Final]
	at io.netty.channel.socket.nio.NioSocketChannel.doReadBytes(NioSocketChannel.java:357) ~[netty-transport-4.1.77.Final.jar:4.1.77.Final]
	at io.netty.channel.nio.AbstractNioByteChannel$NioByteUnsafe.read(AbstractNioByteChannel.java:151) ~[netty-transport-4.1.77.Final.jar:4.1.77.Final]
	at io.netty.channel.nio.NioEventLoop.processSelectedKey(NioEventLoop.java:722) ~[netty-transport-4.1.77.Final.jar:4.1.77.Final]
	at io.netty.channel.nio.NioEventLoop.processSelectedKeysOptimized(NioEventLoop.java:658) ~[netty-transport-4.1.77.Final.jar:4.1.77.Final]
	at io.netty.channel.nio.NioEventLoop.processSelectedKeys(NioEventLoop.java:584) ~[netty-transport-4.1.77.Final.jar:4.1.77.Final]
	at io.netty.channel.nio.NioEventLoop.run(NioEventLoop.java:496) ~[netty-transport-4.1.77.Final.jar:4.1.77.Final]
	at io.netty.util.concurrent.SingleThreadEventExecutor$4.run(SingleThreadEventExecutor.java:995) ~[netty-common-4.1.77.Final.jar:4.1.77.Final]
	at io.netty.util.internal.ThreadExecutorMap$2.run(ThreadExecutorMap.java:74) ~[netty-common-4.1.77.Final.jar:4.1.77.Final]
	at io.netty.util.concurrent.FastThreadLocalRunnable.run(FastThreadLocalRunnable.java:30) ~[netty-common-4.1.77.Final.jar:4.1.77.Final]
	at java.base/java.lang.Thread.run(Thread.java:833) ~[na:na]
[DEBUG] Unexpected I/O exception on channel [id: 0x81978e62, L:/127.0.0.1:51724 - R:localhost/127.0.0.1:51717]
java.net.SocketException: Connection reset
	at java.base/sun.nio.ch.SocketChannelImpl.throwConnectionReset(SocketChannelImpl.java:394) ~[na:na]
	at java.base/sun.nio.ch.SocketChannelImpl.read(SocketChannelImpl.java:426) ~[na:na]
	at io.netty.buffer.PooledByteBuf.setBytes(PooledByteBuf.java:258) ~[netty-buffer-4.1.77.Final.jar:4.1.77.Final]
	at io.netty.buffer.AbstractByteBuf.writeBytes(AbstractByteBuf.java:1132) ~[netty-buffer-4.1.77.Final.jar:4.1.77.Final]
	at io.netty.channel.socket.nio.NioSocketChannel.doReadBytes(NioSocketChannel.java:357) ~[netty-transport-4.1.77.Final.jar:4.1.77.Final]
	at io.netty.channel.nio.AbstractNioByteChannel$NioByteUnsafe.read(AbstractNioByteChannel.java:151) ~[netty-transport-4.1.77.Final.jar:4.1.77.Final]
	at io.netty.channel.nio.NioEventLoop.processSelectedKey(NioEventLoop.java:722) ~[netty-transport-4.1.77.Final.jar:4.1.77.Final]
	at io.netty.channel.nio.NioEventLoop.processSelectedKeysOptimized(NioEventLoop.java:658) ~[netty-transport-4.1.77.Final.jar:4.1.77.Final]
	at io.netty.channel.nio.NioEventLoop.processSelectedKeys(NioEventLoop.java:584) ~[netty-transport-4.1.77.Final.jar:4.1.77.Final]
	at io.netty.channel.nio.NioEventLoop.run(NioEventLoop.java:496) ~[netty-transport-4.1.77.Final.jar:4.1.77.Final]
	at io.netty.util.concurrent.SingleThreadEventExecutor$4.run(SingleThreadEventExecutor.java:995) ~[netty-common-4.1.77.Final.jar:4.1.77.Final]
	at io.netty.util.internal.ThreadExecutorMap$2.run(ThreadExecutorMap.java:74) ~[netty-common-4.1.77.Final.jar:4.1.77.Final]
	at io.netty.util.concurrent.FastThreadLocalRunnable.run(FastThreadLocalRunnable.java:30) ~[netty-common-4.1.77.Final.jar:4.1.77.Final]
	at java.base/java.lang.Thread.run(Thread.java:833) ~[na:na]
[DEBUG] Closing Channel [id: 0x9fe15844, L:/127.0.0.1:51723 - R:localhost/127.0.0.1:51717] 
[DEBUG] Was unable to recover Future: NettyResponseFuture{currentRetry=0,
	isDone=1,
	isCancelled=0,
	asyncHandler=org.asynchttpclient.ws.WebSocketUpgradeHandler@592a3921,
	nettyRequest=org.asynchttpclient.netty.request.NettyRequest@1c28ac60,
	future=java.util.concurrent.CompletableFuture@5da9256e[Completed normally],
	uri=ws://localhost:51717/devtools/browser/f9428cf7-5a70-4f7d-af58-3629c12ae0c1,
	keepAlive=true,
	redirectCount=0,
	timeoutsHolder=null,
	inAuth=0,
	touch=1660146674624}
[DEBUG] Closing Channel [id: 0x81978e62, L:/127.0.0.1:51724 - R:localhost/127.0.0.1:51717] 
[DEBUG] Channel Closed: [id: 0x9fe15844, L:/127.0.0.1:51723 ! R:localhost/127.0.0.1:51717] with attribute DISCARD
[WARN] onError
java.net.SocketException: Connection reset
	at java.base/sun.nio.ch.SocketChannelImpl.throwConnectionReset(SocketChannelImpl.java:394) ~[na:na]
	at java.base/sun.nio.ch.SocketChannelImpl.read(SocketChannelImpl.java:426) ~[na:na]
	at io.netty.buffer.PooledByteBuf.setBytes(PooledByteBuf.java:258) ~[netty-buffer-4.1.77.Final.jar:4.1.77.Final]
	at io.netty.buffer.AbstractByteBuf.writeBytes(AbstractByteBuf.java:1132) ~[netty-buffer-4.1.77.Final.jar:4.1.77.Final]
	at io.netty.channel.socket.nio.NioSocketChannel.doReadBytes(NioSocketChannel.java:357) ~[netty-transport-4.1.77.Final.jar:4.1.77.Final]
	at io.netty.channel.nio.AbstractNioByteChannel$NioByteUnsafe.read(AbstractNioByteChannel.java:151) ~[netty-transport-4.1.77.Final.jar:4.1.77.Final]
	at io.netty.channel.nio.NioEventLoop.processSelectedKey(NioEventLoop.java:722) ~[netty-transport-4.1.77.Final.jar:4.1.77.Final]
	at io.netty.channel.nio.NioEventLoop.processSelectedKeysOptimized(NioEventLoop.java:658) ~[netty-transport-4.1.77.Final.jar:4.1.77.Final]
	at io.netty.channel.nio.NioEventLoop.processSelectedKeys(NioEventLoop.java:584) ~[netty-transport-4.1.77.Final.jar:4.1.77.Final]
	at io.netty.channel.nio.NioEventLoop.run(NioEventLoop.java:496) ~[netty-transport-4.1.77.Final.jar:4.1.77.Final]
	at io.netty.util.concurrent.SingleThreadEventExecutor$4.run(SingleThreadEventExecutor.java:995) ~[netty-common-4.1.77.Final.jar:4.1.77.Final]
	at io.netty.util.internal.ThreadExecutorMap$2.run(ThreadExecutorMap.java:74) ~[netty-common-4.1.77.Final.jar:4.1.77.Final]
	at io.netty.util.concurrent.FastThreadLocalRunnable.run(FastThreadLocalRunnable.java:30) ~[netty-common-4.1.77.Final.jar:4.1.77.Final]
	at java.base/java.lang.Thread.run(Thread.java:833) ~[na:na]
[DEBUG] Closing Channel [id: 0x81978e62, L:/127.0.0.1:51724 ! R:localhost/127.0.0.1:51717] 
[DEBUG] Channel Closed: [id: 0x81978e62, L:/127.0.0.1:51724 ! R:localhost/127.0.0.1:51717] with attribute DISCARD
[DEBUG] 

Request DefaultFullHttpRequest(decodeResult: success, version: HTTP/1.1, content: EmptyByteBufBE)
DELETE /session/3b1fd7e0bc1e39fbf74d64b0f59aaf21/window HTTP/1.1
User-Agent: selenium/4.2.1 (java windows)
Content-Type: application/json; charset=utf-8
host: localhost:55175
accept: */*

Response DefaultHttpResponse(decodeResult: success, version: HTTP/1.1)
HTTP/1.1 200 OK
Content-Type: application/json; charset=utf-8
cache-control: no-cache
content-length: 12

[DEBUG] Adding key: http://localhost:55175 for channel [id: 0x38d3f669, L:/127.0.0.1:51716 - R:localhost/127.0.0.1:55175]
[INFO ] 2022-08-10 21:21:14.643 [main] Steps -  browser closed..
 tear down method executed
[DEBUG] Using pooled Channel '[id: 0x38d3f669, L:/127.0.0.1:51716 - R:localhost/127.0.0.1:55175]' for 'DELETE' to 'http://localhost:55175/session/3b1fd7e0bc1e39fbf74d64b0f59aaf21'
[DEBUG] Using open Channel [id: 0x38d3f669, L:/127.0.0.1:51716 - R:localhost/127.0.0.1:55175] for DELETE '/session/3b1fd7e0bc1e39fbf74d64b0f59aaf21'
[DEBUG] 

Request DefaultFullHttpRequest(decodeResult: success, version: HTTP/1.1, content: EmptyByteBufBE)
DELETE /session/3b1fd7e0bc1e39fbf74d64b0f59aaf21 HTTP/1.1
User-Agent: selenium/4.2.1 (java windows)
Content-Type: application/json; charset=utf-8
host: localhost:55175
accept: */*

Response DefaultHttpResponse(decodeResult: success, version: HTTP/1.1)
HTTP/1.1 200 OK
Content-Type: application/json; charset=utf-8
cache-control: no-cache
content-length: 14

[DEBUG] Adding key: http://localhost:55175 for channel [id: 0x38d3f669, L:/127.0.0.1:51716 - R:localhost/127.0.0.1:55175]
[DEBUG] Channel Closed: [id: 0x38d3f669, L:/127.0.0.1:51716 ! R:localhost/127.0.0.1:55175] with attribute DISCARD
]]></system-out>
    <system-err><![CDATA[Starting ChromeDriver 104.0.5112.79 (3cf3e8c8a07d104b9e1260c910efb8f383285dc5-refs/branch-heads/5112@{#1307}) on port 55175
Only local connections are allowed.
Please see https://chromedriver.chromium.org/security-considerations for suggestions on keeping ChromeDriver safe.
ChromeDriver was started successfully.
Aug 10, 2022 9:21:07 PM org.openqa.selenium.remote.ProtocolHandshake createSession
INFO: Detected upstream dialect: W3C
Aug 10, 2022 9:21:07 PM org.openqa.selenium.devtools.CdpVersionFinder findNearestMatch
WARNING: Unable to find an exact match for CDP version 104, so returning the closest version found: 102
Aug 10, 2022 9:21:07 PM org.openqa.selenium.devtools.CdpVersionFinder findNearestMatch
INFO: Found CDP implementation for version 104 of 102
Aug 10, 2022 9:21:14 PM org.openqa.selenium.remote.http.WebSocket$Listener onError
WARNING: Connection reset
java.net.SocketException: Connection reset
	at java.base/sun.nio.ch.SocketChannelImpl.throwConnectionReset(SocketChannelImpl.java:394)
	at java.base/sun.nio.ch.SocketChannelImpl.read(SocketChannelImpl.java:426)
	at io.netty.buffer.PooledByteBuf.setBytes(PooledByteBuf.java:258)
	at io.netty.buffer.AbstractByteBuf.writeBytes(AbstractByteBuf.java:1132)
	at io.netty.channel.socket.nio.NioSocketChannel.doReadBytes(NioSocketChannel.java:357)
	at io.netty.channel.nio.AbstractNioByteChannel$NioByteUnsafe.read(AbstractNioByteChannel.java:151)
	at io.netty.channel.nio.NioEventLoop.processSelectedKey(NioEventLoop.java:722)
	at io.netty.channel.nio.NioEventLoop.processSelectedKeysOptimized(NioEventLoop.java:658)
	at io.netty.channel.nio.NioEventLoop.processSelectedKeys(NioEventLoop.java:584)
	at io.netty.channel.nio.NioEventLoop.run(NioEventLoop.java:496)
	at io.netty.util.concurrent.SingleThreadEventExecutor$4.run(SingleThreadEventExecutor.java:995)
	at io.netty.util.internal.ThreadExecutorMap$2.run(ThreadExecutorMap.java:74)
	at io.netty.util.concurrent.FastThreadLocalRunnable.run(FastThreadLocalRunnable.java:30)
	at java.base/java.lang.Thread.run(Thread.java:833)

]]></system-err>
  </testcase>
  <testcase name="runScenario[&quot;Successful Login with Valid Credentials DDT&quot;, &quot;Login&quot;](5)" classname="runner.Runner" time="10.862">
    <failure message="element click intercepted: Element &lt;a class=&quot;nav-link&quot; href=&quot;/logout&quot;&gt;...&lt;/a&gt; is not clickable at point (916, 28). Other element would receive the click: &lt;div id=&quot;ajaxBusy&quot; style=&quot;display: block;&quot;&gt;...&lt;/div&gt;&#10;  (Session info: chrome=104.0.5112.81)&#10;Build info: version: &apos;4.2.1&apos;, revision: &apos;ac4d0fdd4a&apos;&#10;System info: host: &apos;ILD-PUN-LAP-337&apos;, ip: &apos;192.168.0.102&apos;, os.name: &apos;Windows 10&apos;, os.arch: &apos;amd64&apos;, os.version: &apos;10.0&apos;, java.version: &apos;17.0.4&apos;&#10;Driver info: org.openqa.selenium.chrome.ChromeDriver&#10;Command: [73872b799f8463e3c7c50218e1f71a94, clickElement {id=ca7defbe-af9e-462a-bd20-866dbaa9e611}]&#10;Capabilities {acceptInsecureCerts: false, browserName: chrome, browserVersion: 104.0.5112.81, chrome: {chromedriverVersion: 104.0.5112.79 (3cf3e8c8a07d..., userDataDir: C:\Users\Mahesh\AppData\Loc...}, goog:chromeOptions: {debuggerAddress: localhost:51749}, networkConnectionEnabled: false, pageLoadStrategy: normal, platformName: WINDOWS, proxy: Proxy(), se:cdp: ws://localhost:51749/devtoo..., se:cdpVersion: 104.0.5112.81, setWindowRect: true, strictFileInteractability: false, timeouts: {implicit: 0, pageLoad: 300000, script: 30000}, unhandledPromptBehavior: dismiss and notify, webauthn:extension:credBlob: true, webauthn:extension:largeBlob: true, webauthn:virtualAuthenticators: true}&#10;Element: [[ChromeDriver: chrome on WINDOWS (73872b799f8463e3c7c50218e1f71a94)] -&gt; link text: Logout]&#10;Session ID: 73872b799f8463e3c7c50218e1f71a94" type="org.openqa.selenium.ElementClickInterceptedException"><![CDATA[org.openqa.selenium.ElementClickInterceptedException: 
element click intercepted: Element <a class="nav-link" href="/logout">...</a> is not clickable at point (916, 28). Other element would receive the click: <div id="ajaxBusy" style="display: block;">...</div>
  (Session info: chrome=104.0.5112.81)
Build info: version: '4.2.1', revision: 'ac4d0fdd4a'
System info: host: 'ILD-PUN-LAP-337', ip: '192.168.0.102', os.name: 'Windows 10', os.arch: 'amd64', os.version: '10.0', java.version: '17.0.4'
Driver info: org.openqa.selenium.chrome.ChromeDriver
Command: [73872b799f8463e3c7c50218e1f71a94, clickElement {id=ca7defbe-af9e-462a-bd20-866dbaa9e611}]
Capabilities {acceptInsecureCerts: false, browserName: chrome, browserVersion: 104.0.5112.81, chrome: {chromedriverVersion: 104.0.5112.79 (3cf3e8c8a07d..., userDataDir: C:\Users\Mahesh\AppData\Loc...}, goog:chromeOptions: {debuggerAddress: localhost:51749}, networkConnectionEnabled: false, pageLoadStrategy: normal, platformName: WINDOWS, proxy: Proxy(), se:cdp: ws://localhost:51749/devtoo..., se:cdpVersion: 104.0.5112.81, setWindowRect: true, strictFileInteractability: false, timeouts: {implicit: 0, pageLoad: 300000, script: 30000}, unhandledPromptBehavior: dismiss and notify, webauthn:extension:credBlob: true, webauthn:extension:largeBlob: true, webauthn:virtualAuthenticators: true}
Element: [[ChromeDriver: chrome on WINDOWS (73872b799f8463e3c7c50218e1f71a94)] -> link text: Logout]
Session ID: 73872b799f8463e3c7c50218e1f71a94
	at java.base/jdk.internal.reflect.NativeConstructorAccessorImpl.newInstance0(Native Method)
	at java.base/jdk.internal.reflect.NativeConstructorAccessorImpl.newInstance(NativeConstructorAccessorImpl.java:77)
	at java.base/jdk.internal.reflect.DelegatingConstructorAccessorImpl.newInstance(DelegatingConstructorAccessorImpl.java:45)
	at java.base/java.lang.reflect.Constructor.newInstanceWithCaller(Constructor.java:499)
	at java.base/java.lang.reflect.Constructor.newInstance(Constructor.java:480)
	at org.openqa.selenium.remote.codec.w3c.W3CHttpResponseCodec.createException(W3CHttpResponseCodec.java:200)
	at org.openqa.selenium.remote.codec.w3c.W3CHttpResponseCodec.decode(W3CHttpResponseCodec.java:133)
	at org.openqa.selenium.remote.codec.w3c.W3CHttpResponseCodec.decode(W3CHttpResponseCodec.java:53)
	at org.openqa.selenium.remote.HttpCommandExecutor.execute(HttpCommandExecutor.java:184)
	at org.openqa.selenium.remote.service.DriverCommandExecutor.invokeExecute(DriverCommandExecutor.java:167)
	at org.openqa.selenium.remote.service.DriverCommandExecutor.execute(DriverCommandExecutor.java:142)
	at org.openqa.selenium.remote.RemoteWebDriver.execute(RemoteWebDriver.java:551)
	at org.openqa.selenium.remote.RemoteWebElement.execute(RemoteWebElement.java:257)
	at org.openqa.selenium.remote.RemoteWebElement.click(RemoteWebElement.java:78)
	at jdk.internal.reflect.GeneratedMethodAccessor55.invoke(Unknown Source)
	at java.base/jdk.internal.reflect.DelegatingMethodAccessorImpl.invoke(DelegatingMethodAccessorImpl.java:43)
	at java.base/java.lang.reflect.Method.invoke(Method.java:568)
	at org.openqa.selenium.support.pagefactory.internal.LocatingElementHandler.invoke(LocatingElementHandler.java:52)
	at jdk.proxy2/jdk.proxy2.$Proxy43.click(Unknown Source)
	at pageObjects.LoginPage.clickOnLogOutButton(LoginPage.java:54)
	at Stepdefinitions.Steps.user_click_on_log_out_link(Steps.java:138)
	at ✽.User click on Log out link(file:///C:/Users/Mahesh/eclipse-workspace/IlinkFramework/./Features/Login.feature:20)
]]></failure>
    <system-out><![CDATA[Setup-Sanity method executed..
[DEBUG] Resolution chrome=104 in cache (valid until 22:20:16 10/08/2022 IST)
[DEBUG] Resolution chrome104=104.0.5112.79 in cache (valid until 21:20:16 11/08/2022 IST)
[INFO] Using chromedriver 104.0.5112.79 (resolved driver for Chrome 104)
[DEBUG] Driver chromedriver 104.0.5112.79 found in cache
[INFO] Exporting webdriver.chrome.driver as C:\Users\Mahesh\.cache\selenium\chromedriver\win32\104.0.5112.79\chromedriver.exe
[DEBUG] Using new Channel '[id: 0x205a146f, L:/127.0.0.1:51747 - R:localhost/127.0.0.1:61686]' for 'POST' to '/session'
[DEBUG] Entry count for : http://localhost:55175 : 1
[DEBUG] Entry count for : http://localhost:51717 : 1
[DEBUG] Adding Candidate expired Channel [id: 0x38d3f669, L:/127.0.0.1:51716 ! R:localhost/127.0.0.1:55175] isIdleTimeoutExpired=false isRemotelyClosed=true isTtlExpired=false
[DEBUG] Closing Idle Channel [id: 0x38d3f669, L:/127.0.0.1:51716 ! R:localhost/127.0.0.1:55175]
[DEBUG] Adding Candidate expired Channel [id: 0x9fe15844, L:/127.0.0.1:51723 ! R:localhost/127.0.0.1:51717] isIdleTimeoutExpired=false isRemotelyClosed=true isTtlExpired=false
[DEBUG] Closing Idle Channel [id: 0x9fe15844, L:/127.0.0.1:51723 ! R:localhost/127.0.0.1:51717]
[DEBUG] Closed 2 connections out of 2 in 0 ms
[DEBUG] 

Request DefaultHttpRequest(decodeResult: success, version: HTTP/1.1)
POST /session HTTP/1.1
User-Agent: selenium/4.2.1 (java windows)
Content-Length: 365
Content-Type: application/json; charset=utf-8
host: localhost:61686
accept: */*

Response DefaultHttpResponse(decodeResult: success, version: HTTP/1.1)
HTTP/1.1 200 OK
Content-Type: application/json; charset=utf-8
cache-control: no-cache
content-length: 791

[DEBUG] Adding key: http://localhost:61686 for channel [id: 0x205a146f, L:/127.0.0.1:51747 - R:localhost/127.0.0.1:61686]
[DEBUG] Using new Channel '[id: 0x2508fac1, L:/127.0.0.1:51755 - R:localhost/127.0.0.1:51749]' for 'GET' to '/json/version'
[DEBUG] 

Request DefaultFullHttpRequest(decodeResult: success, version: HTTP/1.1, content: EmptyByteBufBE)
GET /json/version HTTP/1.1
User-Agent: selenium/4.2.1 (java windows)
host: localhost:51749
accept: */*

Response DefaultHttpResponse(decodeResult: success, version: HTTP/1.1)
HTTP/1.1 200 OK
Content-Type: application/json; charset=UTF-8
content-length: 427

[DEBUG] Adding key: http://localhost:51749 for channel [id: 0x2508fac1, L:/127.0.0.1:51755 - R:localhost/127.0.0.1:51749]
[DEBUG] Using new Channel '[id: 0x5977b7cd, L:/127.0.0.1:51756 - R:localhost/127.0.0.1:51749]' for 'GET' to '/devtools/browser/a47fa1a5-e5f3-411f-bcaf-262475afe8b0'
[DEBUG] 

Request DefaultFullHttpRequest(decodeResult: success, version: HTTP/1.1, content: EmptyByteBufBE)
GET /devtools/browser/a47fa1a5-e5f3-411f-bcaf-262475afe8b0 HTTP/1.1
upgrade: websocket
connection: upgrade
sec-websocket-key: fcQJStUzs5HTb0lPQ25jaQ==
sec-websocket-version: 13
origin: http://localhost:51749
host: localhost:51749
accept: */*
user-agent: AHC/2.1

Response DefaultHttpResponse(decodeResult: success, version: HTTP/1.1)
HTTP/1.1 101 WebSocket Protocol Handshake
Upgrade: WebSocket
Connection: Upgrade
Sec-WebSocket-Accept: MCA2oTFPaHESP+EyzadFEERFZc0=

[FATAL] 2022-08-10 21:21:15.609 [main] Steps - Setup1 executed...
[INFO ] 2022-08-10 21:21:15.610 [main] Steps - chrome browser launced..
[DEBUG] Using pooled Channel '[id: 0x205a146f, L:/127.0.0.1:51747 - R:localhost/127.0.0.1:61686]' for 'POST' to 'http://localhost:61686/session/73872b799f8463e3c7c50218e1f71a94/url'
[DEBUG] Using open Channel [id: 0x205a146f, L:/127.0.0.1:51747 - R:localhost/127.0.0.1:61686] for POST '/session/73872b799f8463e3c7c50218e1f71a94/url'
[DEBUG] Entry count for : http://localhost:51749 : 1
[DEBUG] Entry count for : http://localhost:51749 : 1
[DEBUG] 

Request DefaultHttpRequest(decodeResult: success, version: HTTP/1.1)
POST /session/73872b799f8463e3c7c50218e1f71a94/url HTTP/1.1
User-Agent: selenium/4.2.1 (java windows)
Content-Length: 69
Content-Type: application/json; charset=utf-8
host: localhost:61686
accept: */*

Response DefaultHttpResponse(decodeResult: success, version: HTTP/1.1)
HTTP/1.1 200 OK
Content-Type: application/json; charset=utf-8
cache-control: no-cache
content-length: 14

[DEBUG] Adding key: http://localhost:61686 for channel [id: 0x205a146f, L:/127.0.0.1:51747 - R:localhost/127.0.0.1:61686]
[INFO ] 2022-08-10 21:21:17.892 [main] Steps - url opened launced..
[DEBUG] Using pooled Channel '[id: 0x205a146f, L:/127.0.0.1:51747 - R:localhost/127.0.0.1:61686]' for 'POST' to 'http://localhost:61686/session/73872b799f8463e3c7c50218e1f71a94/element'
[DEBUG] Using open Channel [id: 0x205a146f, L:/127.0.0.1:51747 - R:localhost/127.0.0.1:61686] for POST '/session/73872b799f8463e3c7c50218e1f71a94/element'
[DEBUG] 

Request DefaultHttpRequest(decodeResult: success, version: HTTP/1.1)
POST /session/73872b799f8463e3c7c50218e1f71a94/element HTTP/1.1
User-Agent: selenium/4.2.1 (java windows)
Content-Length: 50
Content-Type: application/json; charset=utf-8
host: localhost:61686
accept: */*

Response DefaultHttpResponse(decodeResult: success, version: HTTP/1.1)
HTTP/1.1 200 OK
Content-Type: application/json; charset=utf-8
cache-control: no-cache
content-length: 88

[DEBUG] Adding key: http://localhost:61686 for channel [id: 0x205a146f, L:/127.0.0.1:51747 - R:localhost/127.0.0.1:61686]
[DEBUG] Using pooled Channel '[id: 0x205a146f, L:/127.0.0.1:51747 - R:localhost/127.0.0.1:61686]' for 'POST' to 'http://localhost:61686/session/73872b799f8463e3c7c50218e1f71a94/element/82e8d290-f68b-4107-b8e3-8618e7be74cd/clear'
[DEBUG] Using open Channel [id: 0x205a146f, L:/127.0.0.1:51747 - R:localhost/127.0.0.1:61686] for POST '/session/73872b799f8463e3c7c50218e1f71a94/element/82e8d290-f68b-4107-b8e3-8618e7be74cd/clear'
[DEBUG] 

Request DefaultHttpRequest(decodeResult: success, version: HTTP/1.1)
POST /session/73872b799f8463e3c7c50218e1f71a94/element/82e8d290-f68b-4107-b8e3-8618e7be74cd/clear HTTP/1.1
User-Agent: selenium/4.2.1 (java windows)
Content-Length: 50
Content-Type: application/json; charset=utf-8
host: localhost:61686
accept: */*

Response DefaultHttpResponse(decodeResult: success, version: HTTP/1.1)
HTTP/1.1 200 OK
Content-Type: application/json; charset=utf-8
cache-control: no-cache
content-length: 14

[DEBUG] Adding key: http://localhost:61686 for channel [id: 0x205a146f, L:/127.0.0.1:51747 - R:localhost/127.0.0.1:61686]
[DEBUG] Using pooled Channel '[id: 0x205a146f, L:/127.0.0.1:51747 - R:localhost/127.0.0.1:61686]' for 'POST' to 'http://localhost:61686/session/73872b799f8463e3c7c50218e1f71a94/element'
[DEBUG] Using open Channel [id: 0x205a146f, L:/127.0.0.1:51747 - R:localhost/127.0.0.1:61686] for POST '/session/73872b799f8463e3c7c50218e1f71a94/element'
[DEBUG] 

Request DefaultHttpRequest(decodeResult: success, version: HTTP/1.1)
POST /session/73872b799f8463e3c7c50218e1f71a94/element HTTP/1.1
User-Agent: selenium/4.2.1 (java windows)
Content-Length: 50
Content-Type: application/json; charset=utf-8
host: localhost:61686
accept: */*

Response DefaultHttpResponse(decodeResult: success, version: HTTP/1.1)
HTTP/1.1 200 OK
Content-Type: application/json; charset=utf-8
cache-control: no-cache
content-length: 88

[DEBUG] Adding key: http://localhost:61686 for channel [id: 0x205a146f, L:/127.0.0.1:51747 - R:localhost/127.0.0.1:61686]
[DEBUG] Using pooled Channel '[id: 0x205a146f, L:/127.0.0.1:51747 - R:localhost/127.0.0.1:61686]' for 'POST' to 'http://localhost:61686/session/73872b799f8463e3c7c50218e1f71a94/element/82e8d290-f68b-4107-b8e3-8618e7be74cd/value'
[DEBUG] Using open Channel [id: 0x205a146f, L:/127.0.0.1:51747 - R:localhost/127.0.0.1:61686] for POST '/session/73872b799f8463e3c7c50218e1f71a94/element/82e8d290-f68b-4107-b8e3-8618e7be74cd/value'
[DEBUG] 

Request DefaultHttpRequest(decodeResult: success, version: HTTP/1.1)
POST /session/73872b799f8463e3c7c50218e1f71a94/element/82e8d290-f68b-4107-b8e3-8618e7be74cd/value HTTP/1.1
User-Agent: selenium/4.2.1 (java windows)
Content-Length: 271
Content-Type: application/json; charset=utf-8
host: localhost:61686
accept: */*

Response DefaultHttpResponse(decodeResult: success, version: HTTP/1.1)
HTTP/1.1 200 OK
Content-Type: application/json; charset=utf-8
cache-control: no-cache
content-length: 14

[DEBUG] Adding key: http://localhost:61686 for channel [id: 0x205a146f, L:/127.0.0.1:51747 - R:localhost/127.0.0.1:61686]
[DEBUG] Using pooled Channel '[id: 0x205a146f, L:/127.0.0.1:51747 - R:localhost/127.0.0.1:61686]' for 'POST' to 'http://localhost:61686/session/73872b799f8463e3c7c50218e1f71a94/element'
[DEBUG] Using open Channel [id: 0x205a146f, L:/127.0.0.1:51747 - R:localhost/127.0.0.1:61686] for POST '/session/73872b799f8463e3c7c50218e1f71a94/element'
[DEBUG] 

Request DefaultHttpRequest(decodeResult: success, version: HTTP/1.1)
POST /session/73872b799f8463e3c7c50218e1f71a94/element HTTP/1.1
User-Agent: selenium/4.2.1 (java windows)
Content-Length: 53
Content-Type: application/json; charset=utf-8
host: localhost:61686
accept: */*

Response DefaultHttpResponse(decodeResult: success, version: HTTP/1.1)
HTTP/1.1 200 OK
Content-Type: application/json; charset=utf-8
cache-control: no-cache
content-length: 88

[DEBUG] Adding key: http://localhost:61686 for channel [id: 0x205a146f, L:/127.0.0.1:51747 - R:localhost/127.0.0.1:61686]
[DEBUG] Using pooled Channel '[id: 0x205a146f, L:/127.0.0.1:51747 - R:localhost/127.0.0.1:61686]' for 'POST' to 'http://localhost:61686/session/73872b799f8463e3c7c50218e1f71a94/element/574bcf6e-acfc-4956-8cfe-72042b75383e/clear'
[DEBUG] Using open Channel [id: 0x205a146f, L:/127.0.0.1:51747 - R:localhost/127.0.0.1:61686] for POST '/session/73872b799f8463e3c7c50218e1f71a94/element/574bcf6e-acfc-4956-8cfe-72042b75383e/clear'
[DEBUG] 

Request DefaultHttpRequest(decodeResult: success, version: HTTP/1.1)
POST /session/73872b799f8463e3c7c50218e1f71a94/element/574bcf6e-acfc-4956-8cfe-72042b75383e/clear HTTP/1.1
User-Agent: selenium/4.2.1 (java windows)
Content-Length: 50
Content-Type: application/json; charset=utf-8
host: localhost:61686
accept: */*

Response DefaultHttpResponse(decodeResult: success, version: HTTP/1.1)
HTTP/1.1 200 OK
Content-Type: application/json; charset=utf-8
cache-control: no-cache
content-length: 14

[DEBUG] Adding key: http://localhost:61686 for channel [id: 0x205a146f, L:/127.0.0.1:51747 - R:localhost/127.0.0.1:61686]
[DEBUG] Using pooled Channel '[id: 0x205a146f, L:/127.0.0.1:51747 - R:localhost/127.0.0.1:61686]' for 'POST' to 'http://localhost:61686/session/73872b799f8463e3c7c50218e1f71a94/element'
[DEBUG] Using open Channel [id: 0x205a146f, L:/127.0.0.1:51747 - R:localhost/127.0.0.1:61686] for POST '/session/73872b799f8463e3c7c50218e1f71a94/element'
[DEBUG] 

Request DefaultHttpRequest(decodeResult: success, version: HTTP/1.1)
POST /session/73872b799f8463e3c7c50218e1f71a94/element HTTP/1.1
User-Agent: selenium/4.2.1 (java windows)
Content-Length: 53
Content-Type: application/json; charset=utf-8
host: localhost:61686
accept: */*

Response DefaultHttpResponse(decodeResult: success, version: HTTP/1.1)
HTTP/1.1 200 OK
Content-Type: application/json; charset=utf-8
cache-control: no-cache
content-length: 88

[DEBUG] Adding key: http://localhost:61686 for channel [id: 0x205a146f, L:/127.0.0.1:51747 - R:localhost/127.0.0.1:61686]
[DEBUG] Using pooled Channel '[id: 0x205a146f, L:/127.0.0.1:51747 - R:localhost/127.0.0.1:61686]' for 'POST' to 'http://localhost:61686/session/73872b799f8463e3c7c50218e1f71a94/element/574bcf6e-acfc-4956-8cfe-72042b75383e/value'
[DEBUG] Using open Channel [id: 0x205a146f, L:/127.0.0.1:51747 - R:localhost/127.0.0.1:61686] for POST '/session/73872b799f8463e3c7c50218e1f71a94/element/574bcf6e-acfc-4956-8cfe-72042b75383e/value'
[DEBUG] 

Request DefaultHttpRequest(decodeResult: success, version: HTTP/1.1)
POST /session/73872b799f8463e3c7c50218e1f71a94/element/574bcf6e-acfc-4956-8cfe-72042b75383e/value HTTP/1.1
User-Agent: selenium/4.2.1 (java windows)
Content-Length: 131
Content-Type: application/json; charset=utf-8
host: localhost:61686
accept: */*

Response DefaultHttpResponse(decodeResult: success, version: HTTP/1.1)
HTTP/1.1 200 OK
Content-Type: application/json; charset=utf-8
cache-control: no-cache
content-length: 14

[DEBUG] Adding key: http://localhost:61686 for channel [id: 0x205a146f, L:/127.0.0.1:51747 - R:localhost/127.0.0.1:61686]
[INFO ] 2022-08-10 21:21:18.376 [main] Steps - email address and password entered
[DEBUG] Using pooled Channel '[id: 0x205a146f, L:/127.0.0.1:51747 - R:localhost/127.0.0.1:61686]' for 'POST' to 'http://localhost:61686/session/73872b799f8463e3c7c50218e1f71a94/element'
[DEBUG] Using open Channel [id: 0x205a146f, L:/127.0.0.1:51747 - R:localhost/127.0.0.1:61686] for POST '/session/73872b799f8463e3c7c50218e1f71a94/element'
[DEBUG] Entry count for : http://localhost:51749 : 1
[DEBUG] 

Request DefaultHttpRequest(decodeResult: success, version: HTTP/1.1)
POST /session/73872b799f8463e3c7c50218e1f71a94/element HTTP/1.1
User-Agent: selenium/4.2.1 (java windows)
Content-Length: 87
Content-Type: application/json; charset=utf-8
host: localhost:61686
accept: */*

Response DefaultHttpResponse(decodeResult: success, version: HTTP/1.1)
HTTP/1.1 200 OK
Content-Type: application/json; charset=utf-8
cache-control: no-cache
content-length: 88

[DEBUG] Adding key: http://localhost:61686 for channel [id: 0x205a146f, L:/127.0.0.1:51747 - R:localhost/127.0.0.1:61686]
[DEBUG] Using pooled Channel '[id: 0x205a146f, L:/127.0.0.1:51747 - R:localhost/127.0.0.1:61686]' for 'POST' to 'http://localhost:61686/session/73872b799f8463e3c7c50218e1f71a94/element/1d847b17-646a-4117-a33f-fc3877773821/click'
[DEBUG] Using open Channel [id: 0x205a146f, L:/127.0.0.1:51747 - R:localhost/127.0.0.1:61686] for POST '/session/73872b799f8463e3c7c50218e1f71a94/element/1d847b17-646a-4117-a33f-fc3877773821/click'
[DEBUG] Entry count for : http://localhost:51749 : 1
[DEBUG] Entry count for : http://localhost:51749 : 1
[DEBUG] Entry count for : http://localhost:51749 : 1
[DEBUG] Entry count for : http://localhost:51749 : 1
[DEBUG] 

Request DefaultHttpRequest(decodeResult: success, version: HTTP/1.1)
POST /session/73872b799f8463e3c7c50218e1f71a94/element/1d847b17-646a-4117-a33f-fc3877773821/click HTTP/1.1
User-Agent: selenium/4.2.1 (java windows)
Content-Length: 50
Content-Type: application/json; charset=utf-8
host: localhost:61686
accept: */*

Response DefaultHttpResponse(decodeResult: success, version: HTTP/1.1)
HTTP/1.1 200 OK
Content-Type: application/json; charset=utf-8
cache-control: no-cache
content-length: 14

[DEBUG] Adding key: http://localhost:61686 for channel [id: 0x205a146f, L:/127.0.0.1:51747 - R:localhost/127.0.0.1:61686]
[INFO ] 2022-08-10 21:21:23.120 [main] Steps - login button clicked
[DEBUG] Using pooled Channel '[id: 0x205a146f, L:/127.0.0.1:51747 - R:localhost/127.0.0.1:61686]' for 'GET' to 'http://localhost:61686/session/73872b799f8463e3c7c50218e1f71a94/title'
[DEBUG] Using open Channel [id: 0x205a146f, L:/127.0.0.1:51747 - R:localhost/127.0.0.1:61686] for GET '/session/73872b799f8463e3c7c50218e1f71a94/title'
[DEBUG] 

Request DefaultFullHttpRequest(decodeResult: success, version: HTTP/1.1, content: EmptyByteBufBE)
GET /session/73872b799f8463e3c7c50218e1f71a94/title HTTP/1.1
User-Agent: selenium/4.2.1 (java windows)
Cache-Control: no-cache
Content-Type: application/json; charset=utf-8
host: localhost:61686
accept: */*

Response DefaultHttpResponse(decodeResult: success, version: HTTP/1.1)
HTTP/1.1 200 OK
Content-Type: application/json; charset=utf-8
cache-control: no-cache
content-length: 50

[DEBUG] Adding key: http://localhost:61686 for channel [id: 0x205a146f, L:/127.0.0.1:51747 - R:localhost/127.0.0.1:61686]
[WARN ] 2022-08-10 21:21:23.138 [main] Steps - Test passed: Login feature :Page title matched.
[DEBUG] Using pooled Channel '[id: 0x205a146f, L:/127.0.0.1:51747 - R:localhost/127.0.0.1:61686]' for 'POST' to 'http://localhost:61686/session/73872b799f8463e3c7c50218e1f71a94/element'
[DEBUG] Using open Channel [id: 0x205a146f, L:/127.0.0.1:51747 - R:localhost/127.0.0.1:61686] for POST '/session/73872b799f8463e3c7c50218e1f71a94/element'
[DEBUG] 

Request DefaultHttpRequest(decodeResult: success, version: HTTP/1.1)
POST /session/73872b799f8463e3c7c50218e1f71a94/element HTTP/1.1
User-Agent: selenium/4.2.1 (java windows)
Content-Length: 47
Content-Type: application/json; charset=utf-8
host: localhost:61686
accept: */*

Response DefaultHttpResponse(decodeResult: success, version: HTTP/1.1)
HTTP/1.1 200 OK
Content-Type: application/json; charset=utf-8
cache-control: no-cache
content-length: 88

[DEBUG] Adding key: http://localhost:61686 for channel [id: 0x205a146f, L:/127.0.0.1:51747 - R:localhost/127.0.0.1:61686]
[DEBUG] Using pooled Channel '[id: 0x205a146f, L:/127.0.0.1:51747 - R:localhost/127.0.0.1:61686]' for 'POST' to 'http://localhost:61686/session/73872b799f8463e3c7c50218e1f71a94/element/ca7defbe-af9e-462a-bd20-866dbaa9e611/click'
[DEBUG] Using open Channel [id: 0x205a146f, L:/127.0.0.1:51747 - R:localhost/127.0.0.1:61686] for POST '/session/73872b799f8463e3c7c50218e1f71a94/element/ca7defbe-af9e-462a-bd20-866dbaa9e611/click'
[DEBUG] Entry count for : http://localhost:51749 : 1
[DEBUG] 

Request DefaultHttpRequest(decodeResult: success, version: HTTP/1.1)
POST /session/73872b799f8463e3c7c50218e1f71a94/element/ca7defbe-af9e-462a-bd20-866dbaa9e611/click HTTP/1.1
User-Agent: selenium/4.2.1 (java windows)
Content-Length: 50
Content-Type: application/json; charset=utf-8
host: localhost:61686
accept: */*

Response DefaultHttpResponse(decodeResult: success, version: HTTP/1.1)
HTTP/1.1 400 Bad Request
Content-Type: application/json; charset=utf-8
cache-control: no-cache
content-length: 1296

[DEBUG] Adding key: http://localhost:61686 for channel [id: 0x205a146f, L:/127.0.0.1:51747 - R:localhost/127.0.0.1:61686]

Scenario: Add New Customer                                                               # Features/AddCustomer.feature:10
  Given User Launch Chrome browser                                                       # Stepdefinitions.Steps.user_launch_chrome_browser()
  When User opens URL "http://admin-demo.nopcommerce.com/login"                          # Stepdefinitions.Steps.user_opens_url(java.lang.String)
  And User enters Email as "admin@yourstore.com" and Password as "admin"                 # Stepdefinitions.Steps.user_enters_email_as_and_password_as(java.lang.String,java.lang.String)
  And Click on Login                                                                     # Stepdefinitions.Steps.click_on_login()
  Then User can view Dashboad                                                            # Stepdefinitions.Steps.user_can_view_dashboad()
  When User click on customers Menu                                                      # Stepdefinitions.Steps.user_click_on_customers_menu()
  And click on customers Menu Item                                                       # Stepdefinitions.Steps.click_on_customers_menu_item()
  And click on Add new button                                                            # Stepdefinitions.Steps.click_on_add_new_button()
  Then User can view Add new customer page                                               # Stepdefinitions.Steps.user_can_view_add_new_customer_page()
  When User enter customer info                                                          # Stepdefinitions.Steps.user_enter_customer_info()
  And click on Save button                                                               # Stepdefinitions.Steps.click_on_save_button()
  Then User can view confirmation message "The new customer has been added successfully" # Stepdefinitions.Steps.user_can_view_confirmation_message(java.lang.String)
  And close browser                                                                      # Stepdefinitions.Close.close_browser()

Scenario: Search Customer by Email                                       # Features/AddCustomer.feature:21
  Given User Launch Chrome browser                                       # Stepdefinitions.Steps.user_launch_chrome_browser()
  When User opens URL "http://admin-demo.nopcommerce.com/login"          # Stepdefinitions.Steps.user_opens_url(java.lang.String)
  And User enters Email as "admin@yourstore.com" and Password as "admin" # Stepdefinitions.Steps.user_enters_email_as_and_password_as(java.lang.String,java.lang.String)
  And Click on Login                                                     # Stepdefinitions.Steps.click_on_login()
  Then User can view Dashboad                                            # Stepdefinitions.Steps.user_can_view_dashboad()
  When User click on customers Menu                                      # Stepdefinitions.Steps.user_click_on_customers_menu()
  And click on customers Menu Item                                       # Stepdefinitions.Steps.click_on_customers_menu_item()
  And Enter customer EMail                                               # Stepdefinitions.Steps.enter_customer_e_mail()
  When Click on search button                                            # Stepdefinitions.Steps.click_on_search_button()
  Then User should found Email in the Search table                       # Stepdefinitions.Steps.user_should_found_email_in_the_search_table()
  And close browser                                                      # Stepdefinitions.Close.close_browser()

@sanity
Scenario: Search Customer by Name                                        # Features/AddCustomer.feature:30
  Given User Launch Chrome browser                                       # Stepdefinitions.Steps.user_launch_chrome_browser()
  When User opens URL "http://admin-demo.nopcommerce.com/login"          # Stepdefinitions.Steps.user_opens_url(java.lang.String)
  And User enters Email as "admin@yourstore.com" and Password as "admin" # Stepdefinitions.Steps.user_enters_email_as_and_password_as(java.lang.String,java.lang.String)
  And Click on Login                                                     # Stepdefinitions.Steps.click_on_login()
  Then User can view Dashboad                                            # Stepdefinitions.Steps.user_can_view_dashboad()
  When User click on customers Menu                                      # Stepdefinitions.Steps.user_click_on_customers_menu()
  And click on customers Menu Item                                       # Stepdefinitions.Steps.click_on_customers_menu_item()
  And Enter customer FirstName                                           # Stepdefinitions.Steps.enter_customer_first_name()
  And Enter customer LastName                                            # Stepdefinitions.Steps.enter_customer_last_name()
  When Click on search button                                            # Stepdefinitions.Steps.click_on_search_button()
  Then User should found Name in the Search table                        # Stepdefinitions.Steps.user_should_found_name_in_the_search_table()
  And close browser                                                      # Stepdefinitions.Close.close_browser()

@sanity
Scenario: Successful Login with Valid Credentials                        # Features/Login.feature:4
  Given User Launch Chrome browser                                       # Stepdefinitions.Steps.user_launch_chrome_browser()
  When User opens URL "http://admin-demo.nopcommerce.com/login"          # Stepdefinitions.Steps.user_opens_url(java.lang.String)
  And User enters Email as "admin@yourstore.com" and Password as "admin" # Stepdefinitions.Steps.user_enters_email_as_and_password_as(java.lang.String,java.lang.String)
  And Click on Login                                                     # Stepdefinitions.Steps.click_on_login()
  Then Page Title should be "Dashboard / nopCommerce administration"     # Stepdefinitions.Steps.page_title_should_be(java.lang.String)
  When User click on Log out link                                        # Stepdefinitions.Steps.user_click_on_log_out_link()
  Then Page Title should be "Your store. Login"                          # Stepdefinitions.Steps.page_title_should_be(java.lang.String)
  And close browser                                                      # Stepdefinitions.Close.close_browser()

@regression
Scenario Outline: Successful Login with Valid Credentials DDT            # Features/Login.feature:26
  Given User Launch Chrome browser                                       # Stepdefinitions.Steps.user_launch_chrome_browser()
  When User opens URL "http://admin-demo.nopcommerce.com/login"          # Stepdefinitions.Steps.user_opens_url(java.lang.String)
  And User enters Email as "admin@yourstore.com" and Password as "admin" # Stepdefinitions.Steps.user_enters_email_as_and_password_as(java.lang.String,java.lang.String)
  And Click on Login                                                     # Stepdefinitions.Steps.click_on_login()
  Then Page Title should be "Dashboard / nopCommerce administration"     # Stepdefinitions.Steps.page_title_should_be(java.lang.String)
  When User click on Log out link                                        # Stepdefinitions.Steps.user_click_on_log_out_link()
      org.openqa.selenium.ElementClickInterceptedException: element click intercepted: Element <a class="nav-link" href="/logout">...</a> is not clickable at point (916, 28). Other element would receive the click: <div id="ajaxBusy" style="display: block;">...</div>
  (Session info: chrome=104.0.5112.81)
Build info: version: '4.2.1', revision: 'ac4d0fdd4a'
System info: host: 'ILD-PUN-LAP-337', ip: '192.168.0.102', os.name: 'Windows 10', os.arch: 'amd64', os.version: '10.0', java.version: '17.0.4'
Driver info: org.openqa.selenium.chrome.ChromeDriver
Command: [73872b799f8463e3c7c50218e1f71a94, clickElement {id=ca7defbe-af9e-462a-bd20-866dbaa9e611}]
Capabilities {acceptInsecureCerts: false, browserName: chrome, browserVersion: 104.0.5112.81, chrome: {chromedriverVersion: 104.0.5112.79 (3cf3e8c8a07d..., userDataDir: C:\Users\Mahesh\AppData\Loc...}, goog:chromeOptions: {debuggerAddress: localhost:51749}, networkC[DEBUG] Using pooled Channel '[id: 0x205a146f, L:/127.0.0.1:51747 - R:localhost/127.0.0.1:61686]' for 'GET' to 'http://localhost:61686/session/73872b799f8463e3c7c50218e1f71a94/screenshot'
[DEBUG] Using open Channel [id: 0x205a146f, L:/127.0.0.1:51747 - R:localhost/127.0.0.1:61686] for GET '/session/73872b799f8463e3c7c50218e1f71a94/screenshot'
[DEBUG] Entry count for : http://localhost:51749 : 1
[DEBUG] 

Request DefaultFullHttpRequest(decodeResult: success, version: HTTP/1.1, content: EmptyByteBufBE)
GET /session/73872b799f8463e3c7c50218e1f71a94/screenshot HTTP/1.1
User-Agent: selenium/4.2.1 (java windows)
Cache-Control: no-cache
Content-Type: application/json; charset=utf-8
host: localhost:61686
accept: */*

Response DefaultHttpResponse(decodeResult: success, version: HTTP/1.1)
HTTP/1.1 200 OK
Content-Type: application/json; charset=utf-8
cache-control: no-cache
content-length: 188956

[DEBUG] Adding key: http://localhost:61686 for channel [id: 0x205a146f, L:/127.0.0.1:51747 - R:localhost/127.0.0.1:61686]
 tear down method executed
[DEBUG] Using pooled Channel '[id: 0x205a146f, L:/127.0.0.1:51747 - R:localhost/127.0.0.1:61686]' for 'GET' to 'http://localhost:61686/session/73872b799f8463e3c7c50218e1f71a94/screenshot'
[DEBUG] Using open Channel [id: 0x205a146f, L:/127.0.0.1:51747 - R:localhost/127.0.0.1:61686] for GET '/session/73872b799f8463e3c7c50218e1f71a94/screenshot'
[DEBUG] 

Request DefaultFullHttpRequest(decodeResult: success, version: HTTP/1.1, content: EmptyByteBufBE)
GET /session/73872b799f8463e3c7c50218e1f71a94/screenshot HTTP/1.1
User-Agent: selenium/4.2.1 (java windows)
Cache-Control: no-cache
Content-Type: application/json; charset=utf-8
host: localhost:61686
accept: */*

Response DefaultHttpResponse(decodeResult: success, version: HTTP/1.1)
HTTP/1.1 200 OK
Content-Type: application/json; charset=utf-8
cache-control: no-cache
content-length: 188924

[DEBUG] Adding key: http://localhost:61686 for channel [id: 0x205a146f, L:/127.0.0.1:51747 - R:localhost/127.0.0.1:61686]
[DEBUG] Using pooled Channel '[id: 0x205a146f, L:/127.0.0.1:51747 - R:localhost/127.0.0.1:61686]' for 'DELETE' to 'http://localhost:61686/session/73872b799f8463e3c7c50218e1f71a94'
[DEBUG] Using open Channel [id: 0x205a146f, L:/127.0.0.1:51747 - R:localhost/127.0.0.1:61686] for DELETE '/session/73872b799f8463e3c7c50218e1f71a94'
[DEBUG] Channel Closed: [id: 0x5977b7cd, L:/127.0.0.1:51756 ! R:localhost/127.0.0.1:51749] with attribute NettyResponseFuture{currentRetry=0,
	isDone=1,
	isCancelled=0,
	asyncHandler=org.asynchttpclient.ws.WebSocketUpgradeHandler@3d2b9046,
	nettyRequest=org.asynchttpclient.netty.request.NettyRequest@5ab4432d,
	future=java.util.concurrent.CompletableFuture@17ce2ff1[Completed normally],
	uri=ws://localhost:51749/devtools/browser/a47fa1a5-e5f3-411f-bcaf-262475afe8b0,
	keepAlive=true,
	redirectCount=0,
	timeoutsHolder=null,
	inAuth=0,
	touch=1660146675607}
[DEBUG] Closing Channel [id: 0x5977b7cd, L:/127.0.0.1:51756 ! R:localhost/127.0.0.1:51749] 
[DEBUG] Unexpected I/O exception on channel [id: 0x2508fac1, L:/127.0.0.1:51755 - R:localhost/127.0.0.1:51749]
java.net.SocketException: Connection reset
	at java.base/sun.nio.ch.SocketChannelImpl.throwConnectionReset(SocketChannelImpl.java:394) ~[na:na]
	at java.base/sun.nio.ch.SocketChannelImpl.read(SocketChannelImpl.java:426) ~[na:na]
	at io.netty.buffer.PooledByteBuf.setBytes(PooledByteBuf.java:258) ~[netty-buffer-4.1.77.Final.jar:4.1.77.Final]
	at io.netty.buffer.AbstractByteBuf.writeBytes(AbstractByteBuf.java:1132) ~[netty-buffer-4.1.77.Final.jar:4.1.77.Final]
	at io.netty.channel.socket.nio.NioSocketChannel.doReadBytes(NioSocketChannel.java:357) ~[netty-transport-4.1.77.Final.jar:4.1.77.Final]
	at io.netty.channel.nio.AbstractNioByteChannel$NioByteUnsafe.read(AbstractNioByteChannel.java:151) ~[netty-transport-4.1.77.Final.jar:4.1.77.Final]
	at io.netty.channel.nio.NioEventLoop.processSelectedKey(NioEventLoop.java:722) ~[netty-transport-4.1.77.Final.jar:4.1.77.Final]
	at io.netty.channel.nio.NioEventLoop.processSelectedKeysOptimized(NioEventLoop.java:658) ~[netty-transport-4.1.77.Final.jar:4.1.77.Final]
	at io.netty.channel.nio.NioEventLoop.processSelectedKeys(NioEventLoop.java:584) ~[netty-transport-4.1.77.Final.jar:4.1.77.Final]
	at io.netty.channel.nio.NioEventLoop.run(NioEventLoop.java:496) ~[netty-transport-4.1.77.Final.jar:4.1.77.Final]
	at io.netty.util.concurrent.SingleThreadEventExecutor$4.run(SingleThreadEventExecutor.java:995) ~[netty-common-4.1.77.Final.jar:4.1.77.Final]
	at io.netty.util.internal.ThreadExecutorMap$2.run(ThreadExecutorMap.java:74) ~[netty-common-4.1.77.Final.jar:4.1.77.Final]
	at io.netty.util.concurrent.FastThreadLocalRunnable.run(FastThreadLocalRunnable.java:30) ~[netty-common-4.1.77.Final.jar:4.1.77.Final]
	at java.base/java.lang.Thread.run(Thread.java:833) ~[na:na]
[DEBUG] Closing Channel [id: 0x2508fac1, L:/127.0.0.1:51755 - R:localhost/127.0.0.1:51749] 
[DEBUG] Channel Closed: [id: 0x2508fac1, L:/127.0.0.1:51755 ! R:localhost/127.0.0.1:51749] with attribute DISCARD
[DEBUG] 

Request DefaultFullHttpRequest(decodeResult: success, version: HTTP/1.1, content: EmptyByteBufBE)
DELETE /session/73872b799f8463e3c7c50218e1f71a94 HTTP/1.1
User-Agent: selenium/4.2.1 (java windows)
Content-Type: application/json; charset=utf-8
host: localhost:61686
accept: */*

Response DefaultHttpResponse(decodeResult: success, version: HTTP/1.1)
HTTP/1.1 200 OK
Content-Type: application/json; charset=utf-8
cache-control: no-cache
content-length: 14

[DEBUG] Adding key: http://localhost:61686 for channel [id: 0x205a146f, L:/127.0.0.1:51747 - R:localhost/127.0.0.1:61686]
[DEBUG] Channel Closed: [id: 0x205a146f, L:/127.0.0.1:51747 ! R:localhost/127.0.0.1:61686] with attribute DISCARD
]]></system-out>
    <system-err><![CDATA[Starting ChromeDriver 104.0.5112.79 (3cf3e8c8a07d104b9e1260c910efb8f383285dc5-refs/branch-heads/5112@{#1307}) on port 61686
Only local connections are allowed.
Please see https://chromedriver.chromium.org/security-considerations for suggestions on keeping ChromeDriver safe.
ChromeDriver was started successfully.
Aug 10, 2022 9:21:15 PM org.openqa.selenium.remote.ProtocolHandshake createSession
INFO: Detected upstream dialect: W3C
Aug 10, 2022 9:21:15 PM org.openqa.selenium.devtools.CdpVersionFinder findNearestMatch
WARNING: Unable to find an exact match for CDP version 104, so returning the closest version found: 102
Aug 10, 2022 9:21:15 PM org.openqa.selenium.devtools.CdpVersionFinder findNearestMatch
INFO: Found CDP implementation for version 104 of 102
]]></system-err>
  </testcase>
</testsuite>