<?xml version="1.0" encoding="UTF-8"?>
<!-- Generated by org.testng.reporters.JUnitReportReporter -->
<testsuite hostname="ILD-PUN-LAP-337" failures="0" tests="5" name="runner.Runner" time="55.227" errors="0" timestamp="2022-08-09T13:32:50 IST" skipped="0">
  <testcase classname="runner.Runner" name="runScenario" time="14.510"/>
  <system-out/>
  <testcase classname="runner.Runner" name="runScenario" time="12.234"/>
  <system-out/>
  <testcase classname="runner.Runner" name="runScenario" time="7.869"/>
  <system-out/>
  <testcase classname="runner.Runner" name="runScenario" time="8.338"/>
  <system-out/>
  <testcase classname="runner.Runner" name="runScenario" time="12.276"/>
  <system-out/>
</testsuite> <!-- runner.Runner -->
